[0.031s] Invoking command in '/home/usuario/Documentos/GitHub/IR2117/tb3_ws/src/build/obstacles': CMAKE_PREFIX_PATH=${CMAKE_PREFIX_PATH}:/opt/ros/foxy /usr/bin/cmake --build /home/usuario/Documentos/GitHub/IR2117/tb3_ws/src/build/obstacles -- -j6 -l6
[0.159s] -- Found ament_cmake: 0.9.11 (/opt/ros/foxy/share/ament_cmake/cmake)
[0.178s] -- Using PYTHON_EXECUTABLE: /usr/bin/python3
[0.344s] -- Found rclcpp: 2.4.2 (/opt/ros/foxy/share/rclcpp/cmake)
[0.384s] -- Using all available rosidl_typesupport_c: rosidl_typesupport_fastrtps_c;rosidl_typesupport_introspection_c
[0.389s] -- Found rosidl_adapter: 1.3.0 (/opt/ros/foxy/share/rosidl_adapter/cmake)
[0.503s] -- Using all available rosidl_typesupport_cpp: rosidl_typesupport_fastrtps_cpp;rosidl_typesupport_introspection_cpp
[0.614s] -- Found rmw_implementation_cmake: 1.0.3 (/opt/ros/foxy/share/rmw_implementation_cmake/cmake)
[0.616s] -- Using RMW implementation 'rmw_fastrtps_cpp' as default
[0.732s] -- Found sensor_msgs: 2.0.5 (/opt/ros/foxy/share/sensor_msgs/cmake)
[0.827s] CMake Error at CMakeLists.txt:22 (find_package):
[0.827s]   By not providing "Findexample_interfaces.cmake" in CMAKE_MODULE_PATH this
[0.828s]   project has asked CMake to find a package configuration file provided by
[0.828s]   "example_interfaces", but CMake did not find one.
[0.828s] 
[0.828s]   Could not find a package configuration file provided by
[0.828s]   "example_interfaces" with any of the following names:
[0.828s] 
[0.828s]     example_interfacesConfig.cmake
[0.828s]     example_interfaces-config.cmake
[0.828s] 
[0.828s]   Add the installation prefix of "example_interfaces" to CMAKE_PREFIX_PATH or
[0.828s]   set "example_interfaces_DIR" to a directory containing one of the above
[0.828s]   files.  If "example_interfaces" provides a separate development package or
[0.829s]   SDK, be sure it has been installed.
[0.829s] 
[0.829s] 
[0.829s] -- Configuring incomplete, errors occurred!
[0.829s] See also "/home/usuario/Documentos/GitHub/IR2117/tb3_ws/src/build/obstacles/CMakeFiles/CMakeOutput.log".
[0.829s] See also "/home/usuario/Documentos/GitHub/IR2117/tb3_ws/src/build/obstacles/CMakeFiles/CMakeError.log".
[0.836s] make: *** [Makefile:266: cmake_check_build_system] Error 1
