[0.023s] Invoking command in '/home/usuario/Escritorio/GitHub/IR2117/ros2_ws/build/examples_sum': CMAKE_PREFIX_PATH=/opt/ros/foxy /usr/bin/cmake /home/usuario/Escritorio/GitHub/IR2117/ros2_ws/src/examples/sum -DCMAKE_INSTALL_PREFIX=/home/usuario/Escritorio/GitHub/IR2117/ros2_ws/install/examples_sum
[0.064s] -- The C compiler identification is GNU 9.4.0
[0.103s] -- The CXX compiler identification is GNU 9.4.0
[0.106s] -- Check for working C compiler: /usr/bin/cc
[0.159s] -- Check for working C compiler: /usr/bin/cc -- works
[0.159s] -- Detecting C compiler ABI info
[0.213s] -- Detecting C compiler ABI info - done
[0.224s] -- Detecting C compile features
[0.224s] -- Detecting C compile features - done
[0.226s] -- Check for working CXX compiler: /usr/bin/c++
[0.291s] -- Check for working CXX compiler: /usr/bin/c++ -- works
[0.292s] -- Detecting CXX compiler ABI info
[0.371s] -- Detecting CXX compiler ABI info - done
[0.382s] -- Detecting CXX compile features
[0.382s] -- Detecting CXX compile features - done
[0.384s] -- Found ament_cmake: 0.9.11 (/opt/ros/foxy/share/ament_cmake/cmake)
[0.413s] -- Found PythonInterp: /usr/bin/python3 (found suitable version "3.8.10", minimum required is "3") 
[0.414s] -- Using PYTHON_EXECUTABLE: /usr/bin/python3
[0.611s] -- Found rclcpp: 2.4.2 (/opt/ros/foxy/share/rclcpp/cmake)
[0.644s] -- Using all available rosidl_typesupport_c: rosidl_typesupport_fastrtps_c;rosidl_typesupport_introspection_c
[0.649s] -- Found rosidl_adapter: 1.3.0 (/opt/ros/foxy/share/rosidl_adapter/cmake)
[0.721s] -- Found OpenSSL: /usr/lib/x86_64-linux-gnu/libcrypto.so (found version "1.1.1f")  
[0.745s] -- Found FastRTPS: /opt/ros/foxy/include  
[0.805s] -- Using all available rosidl_typesupport_cpp: rosidl_typesupport_fastrtps_cpp;rosidl_typesupport_introspection_cpp
[0.845s] -- Found rmw_implementation_cmake: 1.0.3 (/opt/ros/foxy/share/rmw_implementation_cmake/cmake)
[0.846s] -- Using RMW implementation 'rmw_fastrtps_cpp' as default
[0.847s] -- Looking for pthread.h
[0.916s] -- Looking for pthread.h - found
[0.916s] -- Performing Test CMAKE_HAVE_LIBC_PTHREAD
[0.975s] -- Performing Test CMAKE_HAVE_LIBC_PTHREAD - Failed
[0.975s] -- Looking for pthread_create in pthreads
[1.024s] -- Looking for pthread_create in pthreads - not found
[1.024s] -- Looking for pthread_create in pthread
[1.085s] -- Looking for pthread_create in pthread - found
[1.086s] -- Found Threads: TRUE  
[1.269s] -- Configuring done
[1.273s] -- Generating done
[1.274s] -- Build files have been written to: /home/usuario/Escritorio/GitHub/IR2117/ros2_ws/build/examples_sum
[1.282s] Invoked command in '/home/usuario/Escritorio/GitHub/IR2117/ros2_ws/build/examples_sum' returned '0': CMAKE_PREFIX_PATH=/opt/ros/foxy /usr/bin/cmake /home/usuario/Escritorio/GitHub/IR2117/ros2_ws/src/examples/sum -DCMAKE_INSTALL_PREFIX=/home/usuario/Escritorio/GitHub/IR2117/ros2_ws/install/examples_sum
[1.285s] Invoking command in '/home/usuario/Escritorio/GitHub/IR2117/ros2_ws/build/examples_sum': CMAKE_PREFIX_PATH=/opt/ros/foxy /usr/bin/cmake --build /home/usuario/Escritorio/GitHub/IR2117/ros2_ws/build/examples_sum -- -j6 -l6
[1.322s] [35m[1mScanning dependencies of target sum[0m
[1.349s] [ 50%] [32mBuilding CXX object CMakeFiles/sum.dir/sum.cpp.o[0m
[5.170s] [100%] [32m[1mLinking CXX executable sum[0m
[5.342s] [100%] Built target sum
[5.354s] Invoked command in '/home/usuario/Escritorio/GitHub/IR2117/ros2_ws/build/examples_sum' returned '0': CMAKE_PREFIX_PATH=/opt/ros/foxy /usr/bin/cmake --build /home/usuario/Escritorio/GitHub/IR2117/ros2_ws/build/examples_sum -- -j6 -l6
[5.374s] Invoking command in '/home/usuario/Escritorio/GitHub/IR2117/ros2_ws/build/examples_sum': CMAKE_PREFIX_PATH=/opt/ros/foxy /usr/bin/cmake --install /home/usuario/Escritorio/GitHub/IR2117/ros2_ws/build/examples_sum
[5.382s] -- Install configuration: ""
[5.383s] -- Installing: /home/usuario/Escritorio/GitHub/IR2117/ros2_ws/install/examples_sum/lib/examples_sum/sum
[5.929s] -- Set runtime path of "/home/usuario/Escritorio/GitHub/IR2117/ros2_ws/install/examples_sum/lib/examples_sum/sum" to ""
[5.929s] -- Installing: /home/usuario/Escritorio/GitHub/IR2117/ros2_ws/install/examples_sum/share/ament_index/resource_index/package_run_dependencies/examples_sum
[5.929s] -- Installing: /home/usuario/Escritorio/GitHub/IR2117/ros2_ws/install/examples_sum/share/ament_index/resource_index/parent_prefix_path/examples_sum
[5.930s] -- Installing: /home/usuario/Escritorio/GitHub/IR2117/ros2_ws/install/examples_sum/share/examples_sum/environment/ament_prefix_path.sh
[5.930s] -- Installing: /home/usuario/Escritorio/GitHub/IR2117/ros2_ws/install/examples_sum/share/examples_sum/environment/ament_prefix_path.dsv
[5.931s] -- Installing: /home/usuario/Escritorio/GitHub/IR2117/ros2_ws/install/examples_sum/share/examples_sum/environment/path.sh
[5.931s] -- Installing: /home/usuario/Escritorio/GitHub/IR2117/ros2_ws/install/examples_sum/share/examples_sum/environment/path.dsv
[5.932s] -- Installing: /home/usuario/Escritorio/GitHub/IR2117/ros2_ws/install/examples_sum/share/examples_sum/local_setup.bash
[5.932s] -- Installing: /home/usuario/Escritorio/GitHub/IR2117/ros2_ws/install/examples_sum/share/examples_sum/local_setup.sh
[5.932s] -- Installing: /home/usuario/Escritorio/GitHub/IR2117/ros2_ws/install/examples_sum/share/examples_sum/local_setup.zsh
[5.933s] -- Installing: /home/usuario/Escritorio/GitHub/IR2117/ros2_ws/install/examples_sum/share/examples_sum/local_setup.dsv
[5.933s] -- Installing: /home/usuario/Escritorio/GitHub/IR2117/ros2_ws/install/examples_sum/share/examples_sum/package.dsv
[5.933s] -- Installing: /home/usuario/Escritorio/GitHub/IR2117/ros2_ws/install/examples_sum/share/ament_index/resource_index/packages/examples_sum
[5.934s] -- Installing: /home/usuario/Escritorio/GitHub/IR2117/ros2_ws/install/examples_sum/share/examples_sum/cmake/examples_sumConfig.cmake
[5.934s] -- Installing: /home/usuario/Escritorio/GitHub/IR2117/ros2_ws/install/examples_sum/share/examples_sum/cmake/examples_sumConfig-version.cmake
[5.934s] -- Installing: /home/usuario/Escritorio/GitHub/IR2117/ros2_ws/install/examples_sum/share/examples_sum/package.xml
[5.943s] Invoked command in '/home/usuario/Escritorio/GitHub/IR2117/ros2_ws/build/examples_sum' returned '0': CMAKE_PREFIX_PATH=/opt/ros/foxy /usr/bin/cmake --install /home/usuario/Escritorio/GitHub/IR2117/ros2_ws/build/examples_sum
