[0.047s] Invoking command in '/home/pablo/Documentos/IR2117/build/examples_sum': CMAKE_PREFIX_PATH=/opt/ros/foxy /usr/bin/cmake /home/pablo/Documentos/IR2117/ros2_ws/src/examples/sum -DCMAKE_INSTALL_PREFIX=/home/pablo/Documentos/IR2117/install/examples_sum
[1.702s] -- The C compiler identification is GNU 9.4.0
[2.943s] -- The CXX compiler identification is GNU 9.4.0
[3.064s] -- Check for working C compiler: /usr/bin/cc
[3.326s] -- Check for working C compiler: /usr/bin/cc -- works
[3.328s] -- Detecting C compiler ABI info
[3.483s] -- Detecting C compiler ABI info - done
[3.515s] -- Detecting C compile features
[3.516s] -- Detecting C compile features - done
[3.523s] -- Check for working CXX compiler: /usr/bin/c++
[3.700s] -- Check for working CXX compiler: /usr/bin/c++ -- works
[3.703s] -- Detecting CXX compiler ABI info
[3.873s] -- Detecting CXX compiler ABI info - done
[3.891s] -- Detecting CXX compile features
[3.892s] -- Detecting CXX compile features - done
[3.896s] -- Found ament_cmake: 0.9.11 (/opt/ros/foxy/share/ament_cmake/cmake)
[4.001s] -- Found PythonInterp: /usr/bin/python3 (found suitable version "3.8.10", minimum required is "3") 
[4.001s] -- Using PYTHON_EXECUTABLE: /usr/bin/python3
[4.451s] -- Found rclcpp: 2.4.2 (/opt/ros/foxy/share/rclcpp/cmake)
[4.778s] -- Using all available rosidl_typesupport_c: rosidl_typesupport_fastrtps_c;rosidl_typesupport_introspection_c
[4.914s] -- Found rosidl_adapter: 1.3.0 (/opt/ros/foxy/share/rosidl_adapter/cmake)
[5.638s] -- Found OpenSSL: /usr/lib/x86_64-linux-gnu/libcrypto.so (found version "1.1.1f")  
[5.791s] -- Found FastRTPS: /opt/ros/foxy/include  
[6.148s] -- Using all available rosidl_typesupport_cpp: rosidl_typesupport_fastrtps_cpp;rosidl_typesupport_introspection_cpp
[6.407s] -- Found rmw_implementation_cmake: 1.0.3 (/opt/ros/foxy/share/rmw_implementation_cmake/cmake)
[6.411s] -- Using RMW implementation 'rmw_fastrtps_cpp' as default
[6.451s] -- Looking for pthread.h
[6.864s] -- Looking for pthread.h - found
[6.864s] -- Performing Test CMAKE_HAVE_LIBC_PTHREAD
[7.021s] -- Performing Test CMAKE_HAVE_LIBC_PTHREAD - Failed
[7.021s] -- Looking for pthread_create in pthreads
[7.166s] -- Looking for pthread_create in pthreads - not found
[7.166s] -- Looking for pthread_create in pthread
[7.305s] -- Looking for pthread_create in pthread - found
[7.307s] -- Found Threads: TRUE  
[8.267s] -- Configuring done
[8.297s] -- Generating done
[8.300s] -- Build files have been written to: /home/pablo/Documentos/IR2117/build/examples_sum
[8.311s] Invoked command in '/home/pablo/Documentos/IR2117/build/examples_sum' returned '0': CMAKE_PREFIX_PATH=/opt/ros/foxy /usr/bin/cmake /home/pablo/Documentos/IR2117/ros2_ws/src/examples/sum -DCMAKE_INSTALL_PREFIX=/home/pablo/Documentos/IR2117/install/examples_sum
[8.317s] Invoking command in '/home/pablo/Documentos/IR2117/build/examples_sum': CMAKE_PREFIX_PATH=/opt/ros/foxy /usr/bin/cmake --build /home/pablo/Documentos/IR2117/build/examples_sum -- -j4 -l4
[8.400s] [35m[1mScanning dependencies of target sum[0m
[9.479s] [ 50%] [32mBuilding CXX object CMakeFiles/sum.dir/sum.cpp.o[0m
[20.609s] [100%] [32m[1mLinking CXX executable sum[0m
[21.047s] [100%] Built target sum
[21.064s] Invoked command in '/home/pablo/Documentos/IR2117/build/examples_sum' returned '0': CMAKE_PREFIX_PATH=/opt/ros/foxy /usr/bin/cmake --build /home/pablo/Documentos/IR2117/build/examples_sum -- -j4 -l4
[21.104s] Invoking command in '/home/pablo/Documentos/IR2117/build/examples_sum': CMAKE_PREFIX_PATH=/opt/ros/foxy /usr/bin/cmake --install /home/pablo/Documentos/IR2117/build/examples_sum
[21.118s] -- Install configuration: ""
[21.118s] -- Installing: /home/pablo/Documentos/IR2117/install/examples_sum/lib/examples_sum/sum
[21.121s] -- Set runtime path of "/home/pablo/Documentos/IR2117/install/examples_sum/lib/examples_sum/sum" to ""
[21.122s] -- Installing: /home/pablo/Documentos/IR2117/install/examples_sum/share/ament_index/resource_index/package_run_dependencies/examples_sum
[21.122s] -- Installing: /home/pablo/Documentos/IR2117/install/examples_sum/share/ament_index/resource_index/parent_prefix_path/examples_sum
[21.122s] -- Installing: /home/pablo/Documentos/IR2117/install/examples_sum/share/examples_sum/environment/ament_prefix_path.sh
[21.123s] -- Installing: /home/pablo/Documentos/IR2117/install/examples_sum/share/examples_sum/environment/ament_prefix_path.dsv
[21.123s] -- Installing: /home/pablo/Documentos/IR2117/install/examples_sum/share/examples_sum/environment/path.sh
[21.123s] -- Installing: /home/pablo/Documentos/IR2117/install/examples_sum/share/examples_sum/environment/path.dsv
[21.123s] -- Installing: /home/pablo/Documentos/IR2117/install/examples_sum/share/examples_sum/local_setup.bash
[21.124s] -- Installing: /home/pablo/Documentos/IR2117/install/examples_sum/share/examples_sum/local_setup.sh
[21.124s] -- Installing: /home/pablo/Documentos/IR2117/install/examples_sum/share/examples_sum/local_setup.zsh
[21.124s] -- Installing: /home/pablo/Documentos/IR2117/install/examples_sum/share/examples_sum/local_setup.dsv
[21.124s] -- Installing: /home/pablo/Documentos/IR2117/install/examples_sum/share/examples_sum/package.dsv
[21.125s] -- Installing: /home/pablo/Documentos/IR2117/install/examples_sum/share/ament_index/resource_index/packages/examples_sum
[21.125s] -- Installing: /home/pablo/Documentos/IR2117/install/examples_sum/share/examples_sum/cmake/examples_sumConfig.cmake
[21.125s] -- Installing: /home/pablo/Documentos/IR2117/install/examples_sum/share/examples_sum/cmake/examples_sumConfig-version.cmake
[21.126s] -- Installing: /home/pablo/Documentos/IR2117/install/examples_sum/share/examples_sum/package.xml
[21.132s] Invoked command in '/home/pablo/Documentos/IR2117/build/examples_sum' returned '0': CMAKE_PREFIX_PATH=/opt/ros/foxy /usr/bin/cmake --install /home/pablo/Documentos/IR2117/build/examples_sum
