[0.044s] Invoking command in '/home/usuario/Documentos/GitHub/IR2117/tb3_ws/src/obstacles/build/obstacles': CMAKE_PREFIX_PATH=${CMAKE_PREFIX_PATH}:/opt/ros/foxy /usr/bin/cmake --build /home/usuario/Documentos/GitHub/IR2117/tb3_ws/src/obstacles/build/obstacles -- -j4 -l4
[0.140s] [35m[1mScanning dependencies of target detector[0m
[0.205s] [ 50%] [32mBuilding CXX object CMakeFiles/detector.dir/src/detector.cpp.o[0m
[11.492s] [100%] [32m[1mLinking CXX executable detector[0m
[12.223s] [100%] Built target detector
[12.246s] Invoked command in '/home/usuario/Documentos/GitHub/IR2117/tb3_ws/src/obstacles/build/obstacles' returned '0': CMAKE_PREFIX_PATH=${CMAKE_PREFIX_PATH}:/opt/ros/foxy /usr/bin/cmake --build /home/usuario/Documentos/GitHub/IR2117/tb3_ws/src/obstacles/build/obstacles -- -j4 -l4
[12.330s] Invoking command in '/home/usuario/Documentos/GitHub/IR2117/tb3_ws/src/obstacles/build/obstacles': CMAKE_PREFIX_PATH=${CMAKE_PREFIX_PATH}:/opt/ros/foxy /usr/bin/cmake --install /home/usuario/Documentos/GitHub/IR2117/tb3_ws/src/obstacles/build/obstacles
[12.348s] -- Install configuration: ""
[12.348s] -- Installing: /home/usuario/Documentos/GitHub/IR2117/tb3_ws/src/obstacles/install/obstacles/lib/obstacles/detector
[12.354s] -- Set runtime path of "/home/usuario/Documentos/GitHub/IR2117/tb3_ws/src/obstacles/install/obstacles/lib/obstacles/detector" to ""
[12.355s] -- Up-to-date: /home/usuario/Documentos/GitHub/IR2117/tb3_ws/src/obstacles/install/obstacles/share/obstacles/launch
[12.355s] -- Up-to-date: /home/usuario/Documentos/GitHub/IR2117/tb3_ws/src/obstacles/install/obstacles/share/obstacles/launch/detector_test.launch.py
[12.355s] -- Up-to-date: /home/usuario/Documentos/GitHub/IR2117/tb3_ws/src/obstacles/install/obstacles/share/ament_index/resource_index/package_run_dependencies/obstacles
[12.356s] -- Up-to-date: /home/usuario/Documentos/GitHub/IR2117/tb3_ws/src/obstacles/install/obstacles/share/ament_index/resource_index/parent_prefix_path/obstacles
[12.356s] -- Up-to-date: /home/usuario/Documentos/GitHub/IR2117/tb3_ws/src/obstacles/install/obstacles/share/obstacles/environment/ament_prefix_path.sh
[12.357s] -- Up-to-date: /home/usuario/Documentos/GitHub/IR2117/tb3_ws/src/obstacles/install/obstacles/share/obstacles/environment/ament_prefix_path.dsv
[12.357s] -- Up-to-date: /home/usuario/Documentos/GitHub/IR2117/tb3_ws/src/obstacles/install/obstacles/share/obstacles/environment/path.sh
[12.357s] -- Up-to-date: /home/usuario/Documentos/GitHub/IR2117/tb3_ws/src/obstacles/install/obstacles/share/obstacles/environment/path.dsv
[12.358s] -- Up-to-date: /home/usuario/Documentos/GitHub/IR2117/tb3_ws/src/obstacles/install/obstacles/share/obstacles/local_setup.bash
[12.358s] -- Up-to-date: /home/usuario/Documentos/GitHub/IR2117/tb3_ws/src/obstacles/install/obstacles/share/obstacles/local_setup.sh
[12.358s] -- Up-to-date: /home/usuario/Documentos/GitHub/IR2117/tb3_ws/src/obstacles/install/obstacles/share/obstacles/local_setup.zsh
[12.358s] -- Up-to-date: /home/usuario/Documentos/GitHub/IR2117/tb3_ws/src/obstacles/install/obstacles/share/obstacles/local_setup.dsv
[12.359s] -- Installing: /home/usuario/Documentos/GitHub/IR2117/tb3_ws/src/obstacles/install/obstacles/share/obstacles/package.dsv
[12.359s] -- Up-to-date: /home/usuario/Documentos/GitHub/IR2117/tb3_ws/src/obstacles/install/obstacles/share/ament_index/resource_index/packages/obstacles
[12.359s] -- Up-to-date: /home/usuario/Documentos/GitHub/IR2117/tb3_ws/src/obstacles/install/obstacles/share/obstacles/cmake/obstaclesConfig.cmake
[12.359s] -- Up-to-date: /home/usuario/Documentos/GitHub/IR2117/tb3_ws/src/obstacles/install/obstacles/share/obstacles/cmake/obstaclesConfig-version.cmake
[12.360s] -- Up-to-date: /home/usuario/Documentos/GitHub/IR2117/tb3_ws/src/obstacles/install/obstacles/share/obstacles/package.xml
[12.362s] Invoked command in '/home/usuario/Documentos/GitHub/IR2117/tb3_ws/src/obstacles/build/obstacles' returned '0': CMAKE_PREFIX_PATH=${CMAKE_PREFIX_PATH}:/opt/ros/foxy /usr/bin/cmake --install /home/usuario/Documentos/GitHub/IR2117/tb3_ws/src/obstacles/build/obstacles
