[0.019s] Invoking command in '/home/usuario/Documentos/GitHub/IR2117/ros2_ws/src/examples/sum/build/examples_sum': CMAKE_PREFIX_PATH=${CMAKE_PREFIX_PATH}:/opt/ros/foxy /usr/bin/cmake --build /home/usuario/Documentos/GitHub/IR2117/ros2_ws/src/examples/sum/build/examples_sum -- -j6 -l6
[0.058s] [35m[1mScanning dependencies of target sum[0m
[0.089s] [ 50%] [32mBuilding CXX object CMakeFiles/sum.dir/sum.cpp.o[0m
[3.830s] [100%] [32m[1mLinking CXX executable sum[0m
[4.295s] [100%] Built target sum
[4.306s] Invoked command in '/home/usuario/Documentos/GitHub/IR2117/ros2_ws/src/examples/sum/build/examples_sum' returned '0': CMAKE_PREFIX_PATH=${CMAKE_PREFIX_PATH}:/opt/ros/foxy /usr/bin/cmake --build /home/usuario/Documentos/GitHub/IR2117/ros2_ws/src/examples/sum/build/examples_sum -- -j6 -l6
[4.341s] Invoking command in '/home/usuario/Documentos/GitHub/IR2117/ros2_ws/src/examples/sum/build/examples_sum': CMAKE_PREFIX_PATH=${CMAKE_PREFIX_PATH}:/opt/ros/foxy /usr/bin/cmake --install /home/usuario/Documentos/GitHub/IR2117/ros2_ws/src/examples/sum/build/examples_sum
[4.350s] -- Install configuration: ""
[4.355s] -- Installing: /home/usuario/Documentos/GitHub/IR2117/ros2_ws/src/examples/sum/install/examples_sum/lib/examples_sum/sum
[4.381s] -- Set runtime path of "/home/usuario/Documentos/GitHub/IR2117/ros2_ws/src/examples/sum/install/examples_sum/lib/examples_sum/sum" to ""
[4.382s] -- Up-to-date: /home/usuario/Documentos/GitHub/IR2117/ros2_ws/src/examples/sum/install/examples_sum/share/ament_index/resource_index/package_run_dependencies/examples_sum
[4.382s] -- Up-to-date: /home/usuario/Documentos/GitHub/IR2117/ros2_ws/src/examples/sum/install/examples_sum/share/ament_index/resource_index/parent_prefix_path/examples_sum
[4.382s] -- Up-to-date: /home/usuario/Documentos/GitHub/IR2117/ros2_ws/src/examples/sum/install/examples_sum/share/examples_sum/environment/ament_prefix_path.sh
[4.382s] -- Up-to-date: /home/usuario/Documentos/GitHub/IR2117/ros2_ws/src/examples/sum/install/examples_sum/share/examples_sum/environment/ament_prefix_path.dsv
[4.382s] -- Up-to-date: /home/usuario/Documentos/GitHub/IR2117/ros2_ws/src/examples/sum/install/examples_sum/share/examples_sum/environment/path.sh
[4.382s] -- Up-to-date: /home/usuario/Documentos/GitHub/IR2117/ros2_ws/src/examples/sum/install/examples_sum/share/examples_sum/environment/path.dsv
[4.382s] -- Up-to-date: /home/usuario/Documentos/GitHub/IR2117/ros2_ws/src/examples/sum/install/examples_sum/share/examples_sum/local_setup.bash
[4.382s] -- Up-to-date: /home/usuario/Documentos/GitHub/IR2117/ros2_ws/src/examples/sum/install/examples_sum/share/examples_sum/local_setup.sh
[4.382s] -- Up-to-date: /home/usuario/Documentos/GitHub/IR2117/ros2_ws/src/examples/sum/install/examples_sum/share/examples_sum/local_setup.zsh
[4.382s] -- Up-to-date: /home/usuario/Documentos/GitHub/IR2117/ros2_ws/src/examples/sum/install/examples_sum/share/examples_sum/local_setup.dsv
[4.382s] -- Installing: /home/usuario/Documentos/GitHub/IR2117/ros2_ws/src/examples/sum/install/examples_sum/share/examples_sum/package.dsv
[4.382s] -- Up-to-date: /home/usuario/Documentos/GitHub/IR2117/ros2_ws/src/examples/sum/install/examples_sum/share/ament_index/resource_index/packages/examples_sum
[4.382s] -- Up-to-date: /home/usuario/Documentos/GitHub/IR2117/ros2_ws/src/examples/sum/install/examples_sum/share/examples_sum/cmake/examples_sumConfig.cmake
[4.382s] -- Up-to-date: /home/usuario/Documentos/GitHub/IR2117/ros2_ws/src/examples/sum/install/examples_sum/share/examples_sum/cmake/examples_sumConfig-version.cmake
[4.382s] -- Up-to-date: /home/usuario/Documentos/GitHub/IR2117/ros2_ws/src/examples/sum/install/examples_sum/share/examples_sum/package.xml
[4.385s] Invoked command in '/home/usuario/Documentos/GitHub/IR2117/ros2_ws/src/examples/sum/build/examples_sum' returned '0': CMAKE_PREFIX_PATH=${CMAKE_PREFIX_PATH}:/opt/ros/foxy /usr/bin/cmake --install /home/usuario/Documentos/GitHub/IR2117/ros2_ws/src/examples/sum/build/examples_sum
