[0.036s] Invoking command in '/home/usuario/Documentos/GitHub/IR2117/tb3_ws/build/obstacles': CMAKE_PREFIX_PATH=${CMAKE_PREFIX_PATH}:/opt/ros/foxy /usr/bin/cmake --build /home/usuario/Documentos/GitHub/IR2117/tb3_ws/build/obstacles -- -j6 -l6
[0.066s] [35m[1mScanning dependencies of target detector[0m
[0.084s] [ 50%] [32mBuilding CXX object CMakeFiles/detector.dir/src/detector.cpp.o[0m
[1.212s] [01m[K/home/usuario/Documentos/GitHub/IR2117/tb3_ws/src/obstacles/src/detector.cpp:[m[K In function ‘[01m[Kvoid callback(sensor_msgs::msg::LaserScan_<std::allocator<void> >::SharedPtr)[m[K’:
[1.212s] [01m[K/home/usuario/Documentos/GitHub/IR2117/tb3_ws/src/obstacles/src/detector.cpp:9:60:[m[K [01;35m[Kwarning: [m[Kunused parameter ‘[01m[Kmsg[m[K’ [[01;35m[K-Wunused-parameter[m[K]
[1.212s]     9 | void callback([01;35m[Kconst sensor_msgs::msg::LaserScan::SharedPtr msg[m[K)
[1.212s]       |               [01;35m[K~~~~~~~~~~~~~~~~~~~~~~~~~~~~~~~~~~~~~~~~~~~~~^~~[m[K
[4.785s] [100%] [32m[1mLinking CXX executable detector[0m
[5.309s] [100%] Built target detector
[5.321s] Invoked command in '/home/usuario/Documentos/GitHub/IR2117/tb3_ws/build/obstacles' returned '0': CMAKE_PREFIX_PATH=${CMAKE_PREFIX_PATH}:/opt/ros/foxy /usr/bin/cmake --build /home/usuario/Documentos/GitHub/IR2117/tb3_ws/build/obstacles -- -j6 -l6
[5.343s] Invoking command in '/home/usuario/Documentos/GitHub/IR2117/tb3_ws/build/obstacles': CMAKE_PREFIX_PATH=${CMAKE_PREFIX_PATH}:/opt/ros/foxy /usr/bin/cmake --install /home/usuario/Documentos/GitHub/IR2117/tb3_ws/build/obstacles
[5.349s] -- Install configuration: ""
[5.353s] -- Installing: /home/usuario/Documentos/GitHub/IR2117/tb3_ws/install/obstacles/lib/obstacles/detector
[5.370s] -- Set runtime path of "/home/usuario/Documentos/GitHub/IR2117/tb3_ws/install/obstacles/lib/obstacles/detector" to ""
[5.370s] -- Up-to-date: /home/usuario/Documentos/GitHub/IR2117/tb3_ws/install/obstacles/share/ament_index/resource_index/package_run_dependencies/obstacles
[5.370s] -- Up-to-date: /home/usuario/Documentos/GitHub/IR2117/tb3_ws/install/obstacles/share/ament_index/resource_index/parent_prefix_path/obstacles
[5.370s] -- Up-to-date: /home/usuario/Documentos/GitHub/IR2117/tb3_ws/install/obstacles/share/obstacles/environment/ament_prefix_path.sh
[5.370s] -- Up-to-date: /home/usuario/Documentos/GitHub/IR2117/tb3_ws/install/obstacles/share/obstacles/environment/ament_prefix_path.dsv
[5.370s] -- Up-to-date: /home/usuario/Documentos/GitHub/IR2117/tb3_ws/install/obstacles/share/obstacles/environment/path.sh
[5.371s] -- Up-to-date: /home/usuario/Documentos/GitHub/IR2117/tb3_ws/install/obstacles/share/obstacles/environment/path.dsv
[5.371s] -- Up-to-date: /home/usuario/Documentos/GitHub/IR2117/tb3_ws/install/obstacles/share/obstacles/local_setup.bash
[5.371s] -- Up-to-date: /home/usuario/Documentos/GitHub/IR2117/tb3_ws/install/obstacles/share/obstacles/local_setup.sh
[5.371s] -- Up-to-date: /home/usuario/Documentos/GitHub/IR2117/tb3_ws/install/obstacles/share/obstacles/local_setup.zsh
[5.371s] -- Up-to-date: /home/usuario/Documentos/GitHub/IR2117/tb3_ws/install/obstacles/share/obstacles/local_setup.dsv
[5.371s] -- Installing: /home/usuario/Documentos/GitHub/IR2117/tb3_ws/install/obstacles/share/obstacles/package.dsv
[5.372s] -- Up-to-date: /home/usuario/Documentos/GitHub/IR2117/tb3_ws/install/obstacles/share/ament_index/resource_index/packages/obstacles
[5.372s] -- Up-to-date: /home/usuario/Documentos/GitHub/IR2117/tb3_ws/install/obstacles/share/obstacles/cmake/obstaclesConfig.cmake
[5.372s] -- Up-to-date: /home/usuario/Documentos/GitHub/IR2117/tb3_ws/install/obstacles/share/obstacles/cmake/obstaclesConfig-version.cmake
[5.372s] -- Up-to-date: /home/usuario/Documentos/GitHub/IR2117/tb3_ws/install/obstacles/share/obstacles/package.xml
[5.378s] Invoked command in '/home/usuario/Documentos/GitHub/IR2117/tb3_ws/build/obstacles' returned '0': CMAKE_PREFIX_PATH=${CMAKE_PREFIX_PATH}:/opt/ros/foxy /usr/bin/cmake --install /home/usuario/Documentos/GitHub/IR2117/tb3_ws/build/obstacles
