[0.685s] DEBUG:colcon:Command line arguments: ['/usr/bin/colcon', 'build']
[0.685s] DEBUG:colcon:Parsed command line arguments: Namespace(allow_overriding=[], ament_cmake_args=None, base_paths=['.'], build_base='build', catkin_cmake_args=None, catkin_skip_building_tests=False, cmake_args=None, cmake_clean_cache=False, cmake_clean_first=False, cmake_force_configure=False, cmake_target=None, cmake_target_skip_unavailable=False, continue_on_error=False, event_handlers=None, executor='parallel', ignore_user_meta=False, install_base='install', log_base=None, log_level=None, main=<bound method BuildVerb.main of <colcon_core.verb.build.BuildVerb object at 0x7f1212d1abe0>>, merge_install=False, metas=['./colcon.meta'], packages_above=None, packages_above_and_dependencies=None, packages_above_depth=None, packages_end=None, packages_ignore=None, packages_ignore_regex=None, packages_select=None, packages_select_build_failed=False, packages_select_by_dep=None, packages_select_regex=None, packages_select_test_failures=False, packages_skip=None, packages_skip_build_finished=False, packages_skip_by_dep=None, packages_skip_regex=None, packages_skip_test_passed=False, packages_skip_up_to=None, packages_start=None, packages_up_to=None, packages_up_to_regex=None, parallel_workers=4, paths=None, symlink_install=False, test_result_base=None, verb_extension=<colcon_core.verb.build.BuildVerb object at 0x7f1212d1abe0>, verb_name='build', verb_parser=<colcon_defaults.argument_parser.defaults.DefaultArgumentsDecorator object at 0x7f1212d25190>)
[0.741s] Level 1:colcon.colcon_core.package_discovery:discover_packages(colcon_meta) check parameters
[0.741s] Level 1:colcon.colcon_core.package_discovery:discover_packages(recursive) check parameters
[0.741s] Level 1:colcon.colcon_core.package_discovery:discover_packages(ignore) check parameters
[0.741s] Level 1:colcon.colcon_core.package_discovery:discover_packages(path) check parameters
[0.741s] Level 1:colcon.colcon_core.package_discovery:discover_packages(colcon_meta) discover
[0.742s] Level 1:colcon.colcon_core.package_discovery:discover_packages(recursive) discover
[0.742s] INFO:colcon.colcon_core.package_discovery:Crawling recursively for packages in '/home/pablo/Documentos/IR2117/tb3_ws/src'
[0.742s] Level 1:colcon.colcon_core.package_identification:_identify(.) by extensions ['ignore', 'ignore_ament_install']
[0.742s] Level 1:colcon.colcon_core.package_identification:_identify(.) by extension 'ignore'
[0.742s] Level 1:colcon.colcon_core.package_identification:_identify(.) by extension 'ignore_ament_install'
[0.742s] Level 1:colcon.colcon_core.package_identification:_identify(.) by extensions ['colcon_pkg']
[0.742s] Level 1:colcon.colcon_core.package_identification:_identify(.) by extension 'colcon_pkg'
[0.742s] Level 1:colcon.colcon_core.package_identification:_identify(.) by extensions ['colcon_meta']
[0.742s] Level 1:colcon.colcon_core.package_identification:_identify(.) by extension 'colcon_meta'
[0.743s] Level 1:colcon.colcon_core.package_identification:_identify(.) by extensions ['ros']
[0.743s] Level 1:colcon.colcon_core.package_identification:_identify(.) by extension 'ros'
[0.781s] Level 1:colcon.colcon_core.package_identification:_identify(.) by extensions ['cmake', 'python']
[0.781s] Level 1:colcon.colcon_core.package_identification:_identify(.) by extension 'cmake'
[0.781s] Level 1:colcon.colcon_core.package_identification:_identify(.) by extension 'python'
[0.781s] Level 1:colcon.colcon_core.package_identification:_identify(.) by extensions ['python_setup_py']
[0.781s] Level 1:colcon.colcon_core.package_identification:_identify(.) by extension 'python_setup_py'
[0.781s] Level 1:colcon.colcon_core.package_identification:_identify(build) by extensions ['ignore', 'ignore_ament_install']
[0.782s] Level 1:colcon.colcon_core.package_identification:_identify(build) by extension 'ignore'
[0.782s] Level 1:colcon.colcon_core.package_identification:_identify(build) ignored
[0.782s] Level 1:colcon.colcon_core.package_identification:_identify(install) by extensions ['ignore', 'ignore_ament_install']
[0.782s] Level 1:colcon.colcon_core.package_identification:_identify(install) by extension 'ignore'
[0.783s] Level 1:colcon.colcon_core.package_identification:_identify(install) ignored
[0.783s] Level 1:colcon.colcon_core.package_identification:_identify(log) by extensions ['ignore', 'ignore_ament_install']
[0.783s] Level 1:colcon.colcon_core.package_identification:_identify(log) by extension 'ignore'
[0.783s] Level 1:colcon.colcon_core.package_identification:_identify(log) ignored
[0.784s] Level 1:colcon.colcon_core.package_identification:_identify(robot_trajectory) by extensions ['ignore', 'ignore_ament_install']
[0.784s] Level 1:colcon.colcon_core.package_identification:_identify(robot_trajectory) by extension 'ignore'
[0.784s] Level 1:colcon.colcon_core.package_identification:_identify(robot_trajectory) by extension 'ignore_ament_install'
[0.784s] Level 1:colcon.colcon_core.package_identification:_identify(robot_trajectory) by extensions ['colcon_pkg']
[0.785s] Level 1:colcon.colcon_core.package_identification:_identify(robot_trajectory) by extension 'colcon_pkg'
[0.785s] Level 1:colcon.colcon_core.package_identification:_identify(robot_trajectory) by extensions ['colcon_meta']
[0.785s] Level 1:colcon.colcon_core.package_identification:_identify(robot_trajectory) by extension 'colcon_meta'
[0.785s] Level 1:colcon.colcon_core.package_identification:_identify(robot_trajectory) by extensions ['ros']
[0.785s] Level 1:colcon.colcon_core.package_identification:_identify(robot_trajectory) by extension 'ros'
[0.790s] DEBUG:colcon.colcon_core.package_identification:Package 'robot_trajectory' with type 'ros.ament_cmake' and name 'robot_trajectory'
[0.790s] Level 1:colcon.colcon_core.package_discovery:discover_packages(recursive) using defaults
[0.790s] Level 1:colcon.colcon_core.package_discovery:discover_packages(ignore) discover
[0.790s] Level 1:colcon.colcon_core.package_discovery:discover_packages(ignore) using defaults
[0.790s] Level 1:colcon.colcon_core.package_discovery:discover_packages(path) discover
[0.790s] Level 1:colcon.colcon_core.package_discovery:discover_packages(path) using defaults
[0.827s] Level 1:colcon.colcon_core.package_discovery:discover_packages(prefix_path) check parameters
[0.827s] Level 1:colcon.colcon_core.package_discovery:discover_packages(prefix_path) discover
[0.834s] DEBUG:colcon.colcon_installed_package_information.package_discovery:Found 1 installed packages in /home/pablo/Documentos/IR2117/tb3_ws/src/install
[0.837s] DEBUG:colcon.colcon_installed_package_information.package_discovery:Found 1 installed packages in /home/pablo/Documentos/IR2117/tb3_ws/install
[0.840s] DEBUG:colcon.colcon_installed_package_information.package_discovery:Found 266 installed packages in /opt/ros/foxy
[0.843s] Level 1:colcon.colcon_core.package_discovery:discover_packages(prefix_path) using defaults
[1.002s] Level 5:colcon.colcon_core.verb:set package 'robot_trajectory' build argument 'cmake_args' from command line to 'None'
[1.003s] Level 5:colcon.colcon_core.verb:set package 'robot_trajectory' build argument 'cmake_target' from command line to 'None'
[1.003s] Level 5:colcon.colcon_core.verb:set package 'robot_trajectory' build argument 'cmake_target_skip_unavailable' from command line to 'False'
[1.003s] Level 5:colcon.colcon_core.verb:set package 'robot_trajectory' build argument 'cmake_clean_cache' from command line to 'False'
[1.003s] Level 5:colcon.colcon_core.verb:set package 'robot_trajectory' build argument 'cmake_clean_first' from command line to 'False'
[1.003s] Level 5:colcon.colcon_core.verb:set package 'robot_trajectory' build argument 'cmake_force_configure' from command line to 'False'
[1.003s] Level 5:colcon.colcon_core.verb:set package 'robot_trajectory' build argument 'ament_cmake_args' from command line to 'None'
[1.003s] Level 5:colcon.colcon_core.verb:set package 'robot_trajectory' build argument 'catkin_cmake_args' from command line to 'None'
[1.003s] Level 5:colcon.colcon_core.verb:set package 'robot_trajectory' build argument 'catkin_skip_building_tests' from command line to 'False'
[1.003s] DEBUG:colcon.colcon_core.verb:Building package 'robot_trajectory' with the following arguments: {'ament_cmake_args': None, 'build_base': '/home/pablo/Documentos/IR2117/tb3_ws/src/build/robot_trajectory', 'catkin_cmake_args': None, 'catkin_skip_building_tests': False, 'cmake_args': None, 'cmake_clean_cache': False, 'cmake_clean_first': False, 'cmake_force_configure': False, 'cmake_target': None, 'cmake_target_skip_unavailable': False, 'install_base': '/home/pablo/Documentos/IR2117/tb3_ws/src/install/robot_trajectory', 'merge_install': False, 'path': '/home/pablo/Documentos/IR2117/tb3_ws/src/robot_trajectory', 'symlink_install': False, 'test_result_base': None}
[1.005s] INFO:colcon.colcon_core.executor:Executing jobs using 'parallel' executor
[1.012s] DEBUG:colcon.colcon_parallel_executor.executor.parallel:run_until_complete
[1.012s] INFO:colcon.colcon_ros.task.ament_cmake.build:Building ROS package in '/home/pablo/Documentos/IR2117/tb3_ws/src/robot_trajectory' with build type 'ament_cmake'
[1.012s] INFO:colcon.colcon_cmake.task.cmake.build:Building CMake package in '/home/pablo/Documentos/IR2117/tb3_ws/src/robot_trajectory'
[1.022s] INFO:colcon.colcon_core.plugin_system:Skipping extension 'colcon_core.shell.bat': Not used on non-Windows systems
[1.022s] INFO:colcon.colcon_core.shell:Skip shell extension 'powershell' for command environment: Not usable outside of PowerShell
[1.022s] DEBUG:colcon.colcon_core.shell:Skip shell extension 'dsv' for command environment
[1.055s] DEBUG:colcon.colcon_core.event_handler.log_command:Invoking command in '/home/pablo/Documentos/IR2117/tb3_ws/src/build/robot_trajectory': CMAKE_PREFIX_PATH=${CMAKE_PREFIX_PATH}:/opt/ros/foxy /usr/bin/cmake --build /home/pablo/Documentos/IR2117/tb3_ws/src/build/robot_trajectory -- -j4 -l4
[1.207s] DEBUG:colcon.colcon_core.event_handler.log_command:Invoked command in '/home/pablo/Documentos/IR2117/tb3_ws/src/build/robot_trajectory' returned '0': CMAKE_PREFIX_PATH=${CMAKE_PREFIX_PATH}:/opt/ros/foxy /usr/bin/cmake --build /home/pablo/Documentos/IR2117/tb3_ws/src/build/robot_trajectory -- -j4 -l4
[1.280s] DEBUG:colcon.colcon_core.event_handler.log_command:Invoking command in '/home/pablo/Documentos/IR2117/tb3_ws/src/build/robot_trajectory': CMAKE_PREFIX_PATH=${CMAKE_PREFIX_PATH}:/opt/ros/foxy /usr/bin/cmake --install /home/pablo/Documentos/IR2117/tb3_ws/src/build/robot_trajectory
[1.307s] Level 1:colcon.colcon_core.environment:create_environment_scripts_only(robot_trajectory)
[1.311s] DEBUG:colcon.colcon_core.event_handler.log_command:Invoked command in '/home/pablo/Documentos/IR2117/tb3_ws/src/build/robot_trajectory' returned '0': CMAKE_PREFIX_PATH=${CMAKE_PREFIX_PATH}:/opt/ros/foxy /usr/bin/cmake --install /home/pablo/Documentos/IR2117/tb3_ws/src/build/robot_trajectory
[1.321s] Level 1:colcon.colcon_core.environment:checking '/home/pablo/Documentos/IR2117/tb3_ws/src/install/robot_trajectory' for CMake module files
[1.323s] Level 1:colcon.colcon_core.environment:checking '/home/pablo/Documentos/IR2117/tb3_ws/src/install/robot_trajectory' for CMake config files
[1.323s] Level 1:colcon.colcon_core.shell:create_environment_hook('robot_trajectory', 'cmake_prefix_path')
[1.328s] INFO:colcon.colcon_core.shell:Creating environment hook '/home/pablo/Documentos/IR2117/tb3_ws/src/install/robot_trajectory/share/robot_trajectory/hook/cmake_prefix_path.ps1'
[1.330s] INFO:colcon.colcon_core.shell:Creating environment descriptor '/home/pablo/Documentos/IR2117/tb3_ws/src/install/robot_trajectory/share/robot_trajectory/hook/cmake_prefix_path.dsv'
[1.331s] INFO:colcon.colcon_core.shell:Creating environment hook '/home/pablo/Documentos/IR2117/tb3_ws/src/install/robot_trajectory/share/robot_trajectory/hook/cmake_prefix_path.sh'
[1.332s] Level 1:colcon.colcon_core.environment:checking '/home/pablo/Documentos/IR2117/tb3_ws/src/install/robot_trajectory/lib'
[1.333s] Level 1:colcon.colcon_core.environment:checking '/home/pablo/Documentos/IR2117/tb3_ws/src/install/robot_trajectory/bin'
[1.333s] Level 1:colcon.colcon_core.environment:checking '/home/pablo/Documentos/IR2117/tb3_ws/src/install/robot_trajectory/lib/pkgconfig/robot_trajectory.pc'
[1.333s] Level 1:colcon.colcon_core.environment:checking '/home/pablo/Documentos/IR2117/tb3_ws/src/install/robot_trajectory/lib/python3.8/site-packages'
[1.334s] Level 1:colcon.colcon_core.environment:checking '/home/pablo/Documentos/IR2117/tb3_ws/src/install/robot_trajectory/bin'
[1.337s] INFO:colcon.colcon_core.shell:Creating package script '/home/pablo/Documentos/IR2117/tb3_ws/src/install/robot_trajectory/share/robot_trajectory/package.ps1'
[1.339s] INFO:colcon.colcon_core.shell:Creating package descriptor '/home/pablo/Documentos/IR2117/tb3_ws/src/install/robot_trajectory/share/robot_trajectory/package.dsv'
[1.341s] INFO:colcon.colcon_core.shell:Creating package script '/home/pablo/Documentos/IR2117/tb3_ws/src/install/robot_trajectory/share/robot_trajectory/package.sh'
[1.343s] INFO:colcon.colcon_core.shell:Creating package script '/home/pablo/Documentos/IR2117/tb3_ws/src/install/robot_trajectory/share/robot_trajectory/package.bash'
[1.345s] INFO:colcon.colcon_core.shell:Creating package script '/home/pablo/Documentos/IR2117/tb3_ws/src/install/robot_trajectory/share/robot_trajectory/package.zsh'
[1.347s] Level 1:colcon.colcon_core.environment:create_file_with_runtime_dependencies(/home/pablo/Documentos/IR2117/tb3_ws/src/install/robot_trajectory/share/colcon-core/packages/robot_trajectory)
[1.406s] Level 1:colcon.colcon_core.environment:create_environment_scripts_only(robot_trajectory)
[1.411s] Level 1:colcon.colcon_core.environment:checking '/home/pablo/Documentos/IR2117/tb3_ws/src/install/robot_trajectory' for CMake module files
[1.413s] Level 1:colcon.colcon_core.environment:checking '/home/pablo/Documentos/IR2117/tb3_ws/src/install/robot_trajectory' for CMake config files
[1.413s] Level 1:colcon.colcon_core.shell:create_environment_hook('robot_trajectory', 'cmake_prefix_path')
[1.417s] INFO:colcon.colcon_core.shell:Creating environment hook '/home/pablo/Documentos/IR2117/tb3_ws/src/install/robot_trajectory/share/robot_trajectory/hook/cmake_prefix_path.ps1'
[1.418s] INFO:colcon.colcon_core.shell:Creating environment descriptor '/home/pablo/Documentos/IR2117/tb3_ws/src/install/robot_trajectory/share/robot_trajectory/hook/cmake_prefix_path.dsv'
[1.418s] INFO:colcon.colcon_core.shell:Creating environment hook '/home/pablo/Documentos/IR2117/tb3_ws/src/install/robot_trajectory/share/robot_trajectory/hook/cmake_prefix_path.sh'
[1.420s] Level 1:colcon.colcon_core.environment:checking '/home/pablo/Documentos/IR2117/tb3_ws/src/install/robot_trajectory/lib'
[1.420s] Level 1:colcon.colcon_core.environment:checking '/home/pablo/Documentos/IR2117/tb3_ws/src/install/robot_trajectory/bin'
[1.420s] Level 1:colcon.colcon_core.environment:checking '/home/pablo/Documentos/IR2117/tb3_ws/src/install/robot_trajectory/lib/pkgconfig/robot_trajectory.pc'
[1.421s] Level 1:colcon.colcon_core.environment:checking '/home/pablo/Documentos/IR2117/tb3_ws/src/install/robot_trajectory/lib/python3.8/site-packages'
[1.421s] Level 1:colcon.colcon_core.environment:checking '/home/pablo/Documentos/IR2117/tb3_ws/src/install/robot_trajectory/bin'
[1.426s] INFO:colcon.colcon_core.shell:Creating package script '/home/pablo/Documentos/IR2117/tb3_ws/src/install/robot_trajectory/share/robot_trajectory/package.ps1'
[1.427s] INFO:colcon.colcon_core.shell:Creating package descriptor '/home/pablo/Documentos/IR2117/tb3_ws/src/install/robot_trajectory/share/robot_trajectory/package.dsv'
[1.428s] INFO:colcon.colcon_core.shell:Creating package script '/home/pablo/Documentos/IR2117/tb3_ws/src/install/robot_trajectory/share/robot_trajectory/package.sh'
[1.429s] INFO:colcon.colcon_core.shell:Creating package script '/home/pablo/Documentos/IR2117/tb3_ws/src/install/robot_trajectory/share/robot_trajectory/package.bash'
[1.430s] INFO:colcon.colcon_core.shell:Creating package script '/home/pablo/Documentos/IR2117/tb3_ws/src/install/robot_trajectory/share/robot_trajectory/package.zsh'
[1.430s] Level 1:colcon.colcon_core.environment:create_file_with_runtime_dependencies(/home/pablo/Documentos/IR2117/tb3_ws/src/install/robot_trajectory/share/colcon-core/packages/robot_trajectory)
[1.432s] DEBUG:colcon.colcon_parallel_executor.executor.parallel:closing loop
[1.432s] DEBUG:colcon.colcon_parallel_executor.executor.parallel:loop closed
[1.433s] DEBUG:colcon.colcon_parallel_executor.executor.parallel:run_until_complete finished with '0'
[1.433s] DEBUG:colcon.colcon_core.event_reactor:joining thread
[1.446s] INFO:colcon.colcon_core.plugin_system:Skipping extension 'colcon_notification.desktop_notification.terminal_notifier': Not used on non-Darwin systems
[1.446s] INFO:colcon.colcon_core.plugin_system:Skipping extension 'colcon_notification.desktop_notification.win32': Not used on non-Windows systems
[1.446s] INFO:colcon.colcon_notification.desktop_notification:Sending desktop notification using 'notify2'
[1.466s] DEBUG:colcon.colcon_core.event_reactor:joined thread
[1.469s] INFO:colcon.colcon_core.shell:Creating prefix script '/home/pablo/Documentos/IR2117/tb3_ws/src/install/local_setup.ps1'
[1.471s] INFO:colcon.colcon_core.shell:Creating prefix util module '/home/pablo/Documentos/IR2117/tb3_ws/src/install/_local_setup_util_ps1.py'
[1.475s] INFO:colcon.colcon_core.shell:Creating prefix chain script '/home/pablo/Documentos/IR2117/tb3_ws/src/install/setup.ps1'
[1.478s] INFO:colcon.colcon_core.shell:Creating prefix script '/home/pablo/Documentos/IR2117/tb3_ws/src/install/local_setup.sh'
[1.479s] INFO:colcon.colcon_core.shell:Creating prefix util module '/home/pablo/Documentos/IR2117/tb3_ws/src/install/_local_setup_util_sh.py'
[1.481s] INFO:colcon.colcon_core.shell:Creating prefix chain script '/home/pablo/Documentos/IR2117/tb3_ws/src/install/setup.sh'
[1.485s] INFO:colcon.colcon_core.shell:Creating prefix script '/home/pablo/Documentos/IR2117/tb3_ws/src/install/local_setup.bash'
[1.486s] INFO:colcon.colcon_core.shell:Creating prefix chain script '/home/pablo/Documentos/IR2117/tb3_ws/src/install/setup.bash'
[1.490s] INFO:colcon.colcon_core.shell:Creating prefix script '/home/pablo/Documentos/IR2117/tb3_ws/src/install/local_setup.zsh'
[1.491s] INFO:colcon.colcon_core.shell:Creating prefix chain script '/home/pablo/Documentos/IR2117/tb3_ws/src/install/setup.zsh'
