[0.025s] Invoking command in '/home/usuario/Documentos/GitHub/IR2117/tb3_ws/build/obstacles': CMAKE_PREFIX_PATH=/opt/ros/foxy /usr/bin/cmake --build /home/usuario/Documentos/GitHub/IR2117/tb3_ws/build/obstacles -- -j6 -l6
[0.043s] -- Found ament_cmake: 0.9.11 (/opt/ros/foxy/share/ament_cmake/cmake)
[0.063s] -- Using PYTHON_EXECUTABLE: /usr/bin/python3
[0.222s] -- Found rclcpp: 2.4.2 (/opt/ros/foxy/share/rclcpp/cmake)
[0.249s] -- Using all available rosidl_typesupport_c: rosidl_typesupport_fastrtps_c;rosidl_typesupport_introspection_c
[0.251s] -- Found rosidl_adapter: 1.3.0 (/opt/ros/foxy/share/rosidl_adapter/cmake)
[0.346s] -- Using all available rosidl_typesupport_cpp: rosidl_typesupport_fastrtps_cpp;rosidl_typesupport_introspection_cpp
[0.382s] -- Found rmw_implementation_cmake: 1.0.3 (/opt/ros/foxy/share/rmw_implementation_cmake/cmake)
[0.383s] -- Using RMW implementation 'rmw_fastrtps_cpp' as default
[0.485s] -- Found sensor_msgs: 2.0.5 (/opt/ros/foxy/share/sensor_msgs/cmake)
[0.573s] CMake Error at CMakeLists.txt:22 (find_package):
[0.573s]   By not providing "Findexample_interfaces.cmake" in CMAKE_MODULE_PATH this
[0.573s]   project has asked CMake to find a package configuration file provided by
[0.573s]   "example_interfaces", but CMake did not find one.
[0.574s] 
[0.574s]   Could not find a package configuration file provided by
[0.574s]   "example_interfaces" with any of the following names:
[0.574s] 
[0.574s]     example_interfacesConfig.cmake
[0.574s]     example_interfaces-config.cmake
[0.574s] 
[0.574s]   Add the installation prefix of "example_interfaces" to CMAKE_PREFIX_PATH or
[0.574s]   set "example_interfaces_DIR" to a directory containing one of the above
[0.574s]   files.  If "example_interfaces" provides a separate development package or
[0.574s]   SDK, be sure it has been installed.
[0.574s] 
[0.575s] 
[0.575s] -- Configuring incomplete, errors occurred!
[0.575s] See also "/home/usuario/Documentos/GitHub/IR2117/tb3_ws/build/obstacles/CMakeFiles/CMakeOutput.log".
[0.575s] See also "/home/usuario/Documentos/GitHub/IR2117/tb3_ws/build/obstacles/CMakeFiles/CMakeError.log".
[0.581s] make: *** [Makefile:310: cmake_check_build_system] Error 1
[0.583s] Invoked command in '/home/usuario/Documentos/GitHub/IR2117/tb3_ws/build/obstacles' returned '2': CMAKE_PREFIX_PATH=/opt/ros/foxy /usr/bin/cmake --build /home/usuario/Documentos/GitHub/IR2117/tb3_ws/build/obstacles -- -j6 -l6
