[0.668s] DEBUG:colcon:Command line arguments: ['/usr/bin/colcon', 'build']
[0.668s] DEBUG:colcon:Parsed command line arguments: Namespace(allow_overriding=[], ament_cmake_args=None, base_paths=['.'], build_base='build', catkin_cmake_args=None, catkin_skip_building_tests=False, cmake_args=None, cmake_clean_cache=False, cmake_clean_first=False, cmake_force_configure=False, cmake_target=None, cmake_target_skip_unavailable=False, continue_on_error=False, event_handlers=None, executor='parallel', ignore_user_meta=False, install_base='install', log_base=None, log_level=None, main=<bound method BuildVerb.main of <colcon_core.verb.build.BuildVerb object at 0x7f9f3c701dc0>>, merge_install=False, metas=['./colcon.meta'], packages_above=None, packages_above_and_dependencies=None, packages_above_depth=None, packages_end=None, packages_ignore=None, packages_ignore_regex=None, packages_select=None, packages_select_build_failed=False, packages_select_by_dep=None, packages_select_regex=None, packages_select_test_failures=False, packages_skip=None, packages_skip_build_finished=False, packages_skip_by_dep=None, packages_skip_regex=None, packages_skip_test_passed=False, packages_skip_up_to=None, packages_start=None, packages_up_to=None, packages_up_to_regex=None, parallel_workers=4, paths=None, symlink_install=False, test_result_base=None, verb_extension=<colcon_core.verb.build.BuildVerb object at 0x7f9f3c701dc0>, verb_name='build', verb_parser=<colcon_defaults.argument_parser.defaults.DefaultArgumentsDecorator object at 0x7f9f3c68a370>)
[0.722s] Level 1:colcon.colcon_core.package_discovery:discover_packages(colcon_meta) check parameters
[0.722s] Level 1:colcon.colcon_core.package_discovery:discover_packages(recursive) check parameters
[0.722s] Level 1:colcon.colcon_core.package_discovery:discover_packages(ignore) check parameters
[0.722s] Level 1:colcon.colcon_core.package_discovery:discover_packages(path) check parameters
[0.723s] Level 1:colcon.colcon_core.package_discovery:discover_packages(colcon_meta) discover
[0.723s] Level 1:colcon.colcon_core.package_discovery:discover_packages(recursive) discover
[0.723s] INFO:colcon.colcon_core.package_discovery:Crawling recursively for packages in '/home/usuario/Documentos/GitHub/IR2117/tb3_ws'
[0.723s] Level 1:colcon.colcon_core.package_identification:_identify(.) by extensions ['ignore', 'ignore_ament_install']
[0.723s] Level 1:colcon.colcon_core.package_identification:_identify(.) by extension 'ignore'
[0.723s] Level 1:colcon.colcon_core.package_identification:_identify(.) by extension 'ignore_ament_install'
[0.723s] Level 1:colcon.colcon_core.package_identification:_identify(.) by extensions ['colcon_pkg']
[0.723s] Level 1:colcon.colcon_core.package_identification:_identify(.) by extension 'colcon_pkg'
[0.723s] Level 1:colcon.colcon_core.package_identification:_identify(.) by extensions ['colcon_meta']
[0.723s] Level 1:colcon.colcon_core.package_identification:_identify(.) by extension 'colcon_meta'
[0.723s] Level 1:colcon.colcon_core.package_identification:_identify(.) by extensions ['ros']
[0.723s] Level 1:colcon.colcon_core.package_identification:_identify(.) by extension 'ros'
[0.761s] Level 1:colcon.colcon_core.package_identification:_identify(.) by extensions ['cmake', 'python']
[0.761s] Level 1:colcon.colcon_core.package_identification:_identify(.) by extension 'cmake'
[0.761s] Level 1:colcon.colcon_core.package_identification:_identify(.) by extension 'python'
[0.761s] Level 1:colcon.colcon_core.package_identification:_identify(.) by extensions ['python_setup_py']
[0.761s] Level 1:colcon.colcon_core.package_identification:_identify(.) by extension 'python_setup_py'
[0.762s] Level 1:colcon.colcon_core.package_identification:_identify(build) by extensions ['ignore', 'ignore_ament_install']
[0.762s] Level 1:colcon.colcon_core.package_identification:_identify(build) by extension 'ignore'
[0.762s] Level 1:colcon.colcon_core.package_identification:_identify(build) ignored
[0.763s] Level 1:colcon.colcon_core.package_identification:_identify(install) by extensions ['ignore', 'ignore_ament_install']
[0.763s] Level 1:colcon.colcon_core.package_identification:_identify(install) by extension 'ignore'
[0.763s] Level 1:colcon.colcon_core.package_identification:_identify(install) ignored
[0.763s] Level 1:colcon.colcon_core.package_identification:_identify(log) by extensions ['ignore', 'ignore_ament_install']
[0.764s] Level 1:colcon.colcon_core.package_identification:_identify(log) by extension 'ignore'
[0.764s] Level 1:colcon.colcon_core.package_identification:_identify(log) ignored
[0.764s] Level 1:colcon.colcon_core.package_identification:_identify(src) by extensions ['ignore', 'ignore_ament_install']
[0.764s] Level 1:colcon.colcon_core.package_identification:_identify(src) by extension 'ignore'
[0.764s] Level 1:colcon.colcon_core.package_identification:_identify(src) by extension 'ignore_ament_install'
[0.764s] Level 1:colcon.colcon_core.package_identification:_identify(src) by extensions ['colcon_pkg']
[0.764s] Level 1:colcon.colcon_core.package_identification:_identify(src) by extension 'colcon_pkg'
[0.764s] Level 1:colcon.colcon_core.package_identification:_identify(src) by extensions ['colcon_meta']
[0.765s] Level 1:colcon.colcon_core.package_identification:_identify(src) by extension 'colcon_meta'
[0.765s] Level 1:colcon.colcon_core.package_identification:_identify(src) by extensions ['ros']
[0.765s] Level 1:colcon.colcon_core.package_identification:_identify(src) by extension 'ros'
[0.765s] Level 1:colcon.colcon_core.package_identification:_identify(src) by extensions ['cmake', 'python']
[0.765s] Level 1:colcon.colcon_core.package_identification:_identify(src) by extension 'cmake'
[0.765s] Level 1:colcon.colcon_core.package_identification:_identify(src) by extension 'python'
[0.765s] Level 1:colcon.colcon_core.package_identification:_identify(src) by extensions ['python_setup_py']
[0.765s] Level 1:colcon.colcon_core.package_identification:_identify(src) by extension 'python_setup_py'
[0.766s] Level 1:colcon.colcon_core.package_identification:_identify(src/build) by extensions ['ignore', 'ignore_ament_install']
[0.766s] Level 1:colcon.colcon_core.package_identification:_identify(src/build) by extension 'ignore'
[0.766s] Level 1:colcon.colcon_core.package_identification:_identify(src/build) ignored
[0.766s] Level 1:colcon.colcon_core.package_identification:_identify(src/install) by extensions ['ignore', 'ignore_ament_install']
[0.766s] Level 1:colcon.colcon_core.package_identification:_identify(src/install) by extension 'ignore'
[0.766s] Level 1:colcon.colcon_core.package_identification:_identify(src/install) ignored
[0.767s] Level 1:colcon.colcon_core.package_identification:_identify(src/log) by extensions ['ignore', 'ignore_ament_install']
[0.767s] Level 1:colcon.colcon_core.package_identification:_identify(src/log) by extension 'ignore'
[0.767s] Level 1:colcon.colcon_core.package_identification:_identify(src/log) ignored
[0.767s] Level 1:colcon.colcon_core.package_identification:_identify(src/obstacles) by extensions ['ignore', 'ignore_ament_install']
[0.768s] Level 1:colcon.colcon_core.package_identification:_identify(src/obstacles) by extension 'ignore'
[0.768s] Level 1:colcon.colcon_core.package_identification:_identify(src/obstacles) by extension 'ignore_ament_install'
[0.768s] Level 1:colcon.colcon_core.package_identification:_identify(src/obstacles) by extensions ['colcon_pkg']
[0.768s] Level 1:colcon.colcon_core.package_identification:_identify(src/obstacles) by extension 'colcon_pkg'
[0.768s] Level 1:colcon.colcon_core.package_identification:_identify(src/obstacles) by extensions ['colcon_meta']
[0.768s] Level 1:colcon.colcon_core.package_identification:_identify(src/obstacles) by extension 'colcon_meta'
[0.768s] Level 1:colcon.colcon_core.package_identification:_identify(src/obstacles) by extensions ['ros']
[0.768s] Level 1:colcon.colcon_core.package_identification:_identify(src/obstacles) by extension 'ros'
[0.773s] DEBUG:colcon.colcon_core.package_identification:Package 'src/obstacles' with type 'ros.ament_cmake' and name 'obstacles'
[0.773s] Level 1:colcon.colcon_core.package_identification:_identify(src/robot_trajectory) by extensions ['ignore', 'ignore_ament_install']
[0.773s] Level 1:colcon.colcon_core.package_identification:_identify(src/robot_trajectory) by extension 'ignore'
[0.773s] Level 1:colcon.colcon_core.package_identification:_identify(src/robot_trajectory) by extension 'ignore_ament_install'
[0.773s] Level 1:colcon.colcon_core.package_identification:_identify(src/robot_trajectory) by extensions ['colcon_pkg']
[0.773s] Level 1:colcon.colcon_core.package_identification:_identify(src/robot_trajectory) by extension 'colcon_pkg'
[0.773s] Level 1:colcon.colcon_core.package_identification:_identify(src/robot_trajectory) by extensions ['colcon_meta']
[0.773s] Level 1:colcon.colcon_core.package_identification:_identify(src/robot_trajectory) by extension 'colcon_meta'
[0.774s] Level 1:colcon.colcon_core.package_identification:_identify(src/robot_trajectory) by extensions ['ros']
[0.774s] Level 1:colcon.colcon_core.package_identification:_identify(src/robot_trajectory) by extension 'ros'
[0.774s] DEBUG:colcon.colcon_core.package_identification:Package 'src/robot_trajectory' with type 'ros.ament_cmake' and name 'robot_trajectory'
[0.774s] Level 1:colcon.colcon_core.package_discovery:discover_packages(recursive) using defaults
[0.775s] Level 1:colcon.colcon_core.package_discovery:discover_packages(ignore) discover
[0.775s] Level 1:colcon.colcon_core.package_discovery:discover_packages(ignore) using defaults
[0.775s] Level 1:colcon.colcon_core.package_discovery:discover_packages(path) discover
[0.775s] Level 1:colcon.colcon_core.package_discovery:discover_packages(path) using defaults
[0.815s] Level 1:colcon.colcon_core.package_discovery:discover_packages(prefix_path) check parameters
[0.815s] Level 1:colcon.colcon_core.package_discovery:discover_packages(prefix_path) discover
[0.820s] DEBUG:colcon.colcon_installed_package_information.package_discovery:Found 2 installed packages in /home/usuario/Documentos/GitHub/IR2117/tb3_ws/install
[0.824s] DEBUG:colcon.colcon_installed_package_information.package_discovery:Found 290 installed packages in /opt/ros/foxy
[0.829s] Level 1:colcon.colcon_core.package_discovery:discover_packages(prefix_path) using defaults
[1.010s] Level 5:colcon.colcon_core.verb:set package 'obstacles' build argument 'cmake_args' from command line to 'None'
[1.010s] Level 5:colcon.colcon_core.verb:set package 'obstacles' build argument 'cmake_target' from command line to 'None'
[1.010s] Level 5:colcon.colcon_core.verb:set package 'obstacles' build argument 'cmake_target_skip_unavailable' from command line to 'False'
[1.010s] Level 5:colcon.colcon_core.verb:set package 'obstacles' build argument 'cmake_clean_cache' from command line to 'False'
[1.010s] Level 5:colcon.colcon_core.verb:set package 'obstacles' build argument 'cmake_clean_first' from command line to 'False'
[1.010s] Level 5:colcon.colcon_core.verb:set package 'obstacles' build argument 'cmake_force_configure' from command line to 'False'
[1.010s] Level 5:colcon.colcon_core.verb:set package 'obstacles' build argument 'ament_cmake_args' from command line to 'None'
[1.010s] Level 5:colcon.colcon_core.verb:set package 'obstacles' build argument 'catkin_cmake_args' from command line to 'None'
[1.010s] Level 5:colcon.colcon_core.verb:set package 'obstacles' build argument 'catkin_skip_building_tests' from command line to 'False'
[1.010s] DEBUG:colcon.colcon_core.verb:Building package 'obstacles' with the following arguments: {'ament_cmake_args': None, 'build_base': '/home/usuario/Documentos/GitHub/IR2117/tb3_ws/build/obstacles', 'catkin_cmake_args': None, 'catkin_skip_building_tests': False, 'cmake_args': None, 'cmake_clean_cache': False, 'cmake_clean_first': False, 'cmake_force_configure': False, 'cmake_target': None, 'cmake_target_skip_unavailable': False, 'install_base': '/home/usuario/Documentos/GitHub/IR2117/tb3_ws/install/obstacles', 'merge_install': False, 'path': '/home/usuario/Documentos/GitHub/IR2117/tb3_ws/src/obstacles', 'symlink_install': False, 'test_result_base': None}
[1.012s] Level 5:colcon.colcon_core.verb:set package 'robot_trajectory' build argument 'cmake_args' from command line to 'None'
[1.012s] Level 5:colcon.colcon_core.verb:set package 'robot_trajectory' build argument 'cmake_target' from command line to 'None'
[1.012s] Level 5:colcon.colcon_core.verb:set package 'robot_trajectory' build argument 'cmake_target_skip_unavailable' from command line to 'False'
[1.012s] Level 5:colcon.colcon_core.verb:set package 'robot_trajectory' build argument 'cmake_clean_cache' from command line to 'False'
[1.012s] Level 5:colcon.colcon_core.verb:set package 'robot_trajectory' build argument 'cmake_clean_first' from command line to 'False'
[1.012s] Level 5:colcon.colcon_core.verb:set package 'robot_trajectory' build argument 'cmake_force_configure' from command line to 'False'
[1.013s] Level 5:colcon.colcon_core.verb:set package 'robot_trajectory' build argument 'ament_cmake_args' from command line to 'None'
[1.013s] Level 5:colcon.colcon_core.verb:set package 'robot_trajectory' build argument 'catkin_cmake_args' from command line to 'None'
[1.013s] Level 5:colcon.colcon_core.verb:set package 'robot_trajectory' build argument 'catkin_skip_building_tests' from command line to 'False'
[1.013s] DEBUG:colcon.colcon_core.verb:Building package 'robot_trajectory' with the following arguments: {'ament_cmake_args': None, 'build_base': '/home/usuario/Documentos/GitHub/IR2117/tb3_ws/build/robot_trajectory', 'catkin_cmake_args': None, 'catkin_skip_building_tests': False, 'cmake_args': None, 'cmake_clean_cache': False, 'cmake_clean_first': False, 'cmake_force_configure': False, 'cmake_target': None, 'cmake_target_skip_unavailable': False, 'install_base': '/home/usuario/Documentos/GitHub/IR2117/tb3_ws/install/robot_trajectory', 'merge_install': False, 'path': '/home/usuario/Documentos/GitHub/IR2117/tb3_ws/src/robot_trajectory', 'symlink_install': False, 'test_result_base': None}
[1.014s] INFO:colcon.colcon_core.executor:Executing jobs using 'parallel' executor
[1.020s] DEBUG:colcon.colcon_parallel_executor.executor.parallel:run_until_complete
[1.021s] INFO:colcon.colcon_ros.task.ament_cmake.build:Building ROS package in '/home/usuario/Documentos/GitHub/IR2117/tb3_ws/src/obstacles' with build type 'ament_cmake'
[1.021s] INFO:colcon.colcon_cmake.task.cmake.build:Building CMake package in '/home/usuario/Documentos/GitHub/IR2117/tb3_ws/src/obstacles'
[1.030s] INFO:colcon.colcon_core.plugin_system:Skipping extension 'colcon_core.shell.bat': Not used on non-Windows systems
[1.030s] INFO:colcon.colcon_core.shell:Skip shell extension 'powershell' for command environment: Not usable outside of PowerShell
[1.030s] DEBUG:colcon.colcon_core.shell:Skip shell extension 'dsv' for command environment
[1.044s] INFO:colcon.colcon_ros.task.ament_cmake.build:Building ROS package in '/home/usuario/Documentos/GitHub/IR2117/tb3_ws/src/robot_trajectory' with build type 'ament_cmake'
[1.045s] INFO:colcon.colcon_cmake.task.cmake.build:Building CMake package in '/home/usuario/Documentos/GitHub/IR2117/tb3_ws/src/robot_trajectory'
[1.049s] INFO:colcon.colcon_core.shell:Skip shell extension 'powershell' for command environment: Not usable outside of PowerShell
[1.049s] DEBUG:colcon.colcon_core.shell:Skip shell extension 'dsv' for command environment
[1.076s] DEBUG:colcon.colcon_core.event_handler.log_command:Invoking command in '/home/usuario/Documentos/GitHub/IR2117/tb3_ws/build/obstacles': CMAKE_PREFIX_PATH=${CMAKE_PREFIX_PATH}:/opt/ros/foxy /usr/bin/cmake --build /home/usuario/Documentos/GitHub/IR2117/tb3_ws/build/obstacles -- -j4 -l4
[1.097s] DEBUG:colcon.colcon_core.event_handler.log_command:Invoking command in '/home/usuario/Documentos/GitHub/IR2117/tb3_ws/build/robot_trajectory': CMAKE_PREFIX_PATH=${CMAKE_PREFIX_PATH}:/opt/ros/foxy /usr/bin/cmake --build /home/usuario/Documentos/GitHub/IR2117/tb3_ws/build/robot_trajectory -- -j4 -l4
[1.307s] DEBUG:colcon.colcon_core.event_handler.log_command:Invoked command in '/home/usuario/Documentos/GitHub/IR2117/tb3_ws/build/obstacles' returned '0': CMAKE_PREFIX_PATH=${CMAKE_PREFIX_PATH}:/opt/ros/foxy /usr/bin/cmake --build /home/usuario/Documentos/GitHub/IR2117/tb3_ws/build/obstacles -- -j4 -l4
[1.405s] DEBUG:colcon.colcon_core.event_handler.log_command:Invoking command in '/home/usuario/Documentos/GitHub/IR2117/tb3_ws/build/obstacles': CMAKE_PREFIX_PATH=${CMAKE_PREFIX_PATH}:/opt/ros/foxy /usr/bin/cmake --install /home/usuario/Documentos/GitHub/IR2117/tb3_ws/build/obstacles
[1.450s] Level 1:colcon.colcon_core.environment:create_environment_scripts_only(obstacles)
[1.453s] DEBUG:colcon.colcon_core.event_handler.log_command:Invoked command in '/home/usuario/Documentos/GitHub/IR2117/tb3_ws/build/obstacles' returned '0': CMAKE_PREFIX_PATH=${CMAKE_PREFIX_PATH}:/opt/ros/foxy /usr/bin/cmake --install /home/usuario/Documentos/GitHub/IR2117/tb3_ws/build/obstacles
[1.467s] Level 1:colcon.colcon_core.environment:checking '/home/usuario/Documentos/GitHub/IR2117/tb3_ws/install/obstacles' for CMake module files
[1.469s] Level 1:colcon.colcon_core.environment:checking '/home/usuario/Documentos/GitHub/IR2117/tb3_ws/install/obstacles' for CMake config files
[1.469s] Level 1:colcon.colcon_core.shell:create_environment_hook('obstacles', 'cmake_prefix_path')
[1.473s] INFO:colcon.colcon_core.shell:Creating environment hook '/home/usuario/Documentos/GitHub/IR2117/tb3_ws/install/obstacles/share/obstacles/hook/cmake_prefix_path.ps1'
[1.474s] INFO:colcon.colcon_core.shell:Creating environment descriptor '/home/usuario/Documentos/GitHub/IR2117/tb3_ws/install/obstacles/share/obstacles/hook/cmake_prefix_path.dsv'
[1.475s] INFO:colcon.colcon_core.shell:Creating environment hook '/home/usuario/Documentos/GitHub/IR2117/tb3_ws/install/obstacles/share/obstacles/hook/cmake_prefix_path.sh'
[1.477s] Level 1:colcon.colcon_core.environment:checking '/home/usuario/Documentos/GitHub/IR2117/tb3_ws/install/obstacles/lib'
[1.478s] Level 1:colcon.colcon_core.environment:checking '/home/usuario/Documentos/GitHub/IR2117/tb3_ws/install/obstacles/bin'
[1.478s] Level 1:colcon.colcon_core.environment:checking '/home/usuario/Documentos/GitHub/IR2117/tb3_ws/install/obstacles/lib/pkgconfig/obstacles.pc'
[1.479s] Level 1:colcon.colcon_core.environment:checking '/home/usuario/Documentos/GitHub/IR2117/tb3_ws/install/obstacles/lib/python3.8/site-packages'
[1.479s] Level 1:colcon.colcon_core.environment:checking '/home/usuario/Documentos/GitHub/IR2117/tb3_ws/install/obstacles/bin'
[1.482s] INFO:colcon.colcon_core.shell:Creating package script '/home/usuario/Documentos/GitHub/IR2117/tb3_ws/install/obstacles/share/obstacles/package.ps1'
[1.483s] INFO:colcon.colcon_core.shell:Creating package descriptor '/home/usuario/Documentos/GitHub/IR2117/tb3_ws/install/obstacles/share/obstacles/package.dsv'
[1.485s] INFO:colcon.colcon_core.shell:Creating package script '/home/usuario/Documentos/GitHub/IR2117/tb3_ws/install/obstacles/share/obstacles/package.sh'
[1.487s] INFO:colcon.colcon_core.shell:Creating package script '/home/usuario/Documentos/GitHub/IR2117/tb3_ws/install/obstacles/share/obstacles/package.bash'
[1.489s] INFO:colcon.colcon_core.shell:Creating package script '/home/usuario/Documentos/GitHub/IR2117/tb3_ws/install/obstacles/share/obstacles/package.zsh'
[1.490s] Level 1:colcon.colcon_core.environment:create_file_with_runtime_dependencies(/home/usuario/Documentos/GitHub/IR2117/tb3_ws/install/obstacles/share/colcon-core/packages/obstacles)
[1.573s] Level 1:colcon.colcon_core.environment:create_environment_scripts_only(obstacles)
[1.579s] Level 1:colcon.colcon_core.environment:checking '/home/usuario/Documentos/GitHub/IR2117/tb3_ws/install/obstacles' for CMake module files
[1.580s] Level 1:colcon.colcon_core.environment:checking '/home/usuario/Documentos/GitHub/IR2117/tb3_ws/install/obstacles' for CMake config files
[1.581s] Level 1:colcon.colcon_core.shell:create_environment_hook('obstacles', 'cmake_prefix_path')
[1.584s] INFO:colcon.colcon_core.shell:Creating environment hook '/home/usuario/Documentos/GitHub/IR2117/tb3_ws/install/obstacles/share/obstacles/hook/cmake_prefix_path.ps1'
[1.586s] INFO:colcon.colcon_core.shell:Creating environment descriptor '/home/usuario/Documentos/GitHub/IR2117/tb3_ws/install/obstacles/share/obstacles/hook/cmake_prefix_path.dsv'
[1.587s] INFO:colcon.colcon_core.shell:Creating environment hook '/home/usuario/Documentos/GitHub/IR2117/tb3_ws/install/obstacles/share/obstacles/hook/cmake_prefix_path.sh'
[1.588s] Level 1:colcon.colcon_core.environment:checking '/home/usuario/Documentos/GitHub/IR2117/tb3_ws/install/obstacles/lib'
[1.588s] Level 1:colcon.colcon_core.environment:checking '/home/usuario/Documentos/GitHub/IR2117/tb3_ws/install/obstacles/bin'
[1.588s] Level 1:colcon.colcon_core.environment:checking '/home/usuario/Documentos/GitHub/IR2117/tb3_ws/install/obstacles/lib/pkgconfig/obstacles.pc'
[1.589s] Level 1:colcon.colcon_core.environment:checking '/home/usuario/Documentos/GitHub/IR2117/tb3_ws/install/obstacles/lib/python3.8/site-packages'
[1.589s] Level 1:colcon.colcon_core.environment:checking '/home/usuario/Documentos/GitHub/IR2117/tb3_ws/install/obstacles/bin'
[1.593s] INFO:colcon.colcon_core.shell:Creating package script '/home/usuario/Documentos/GitHub/IR2117/tb3_ws/install/obstacles/share/obstacles/package.ps1'
[1.594s] INFO:colcon.colcon_core.shell:Creating package descriptor '/home/usuario/Documentos/GitHub/IR2117/tb3_ws/install/obstacles/share/obstacles/package.dsv'
[1.595s] INFO:colcon.colcon_core.shell:Creating package script '/home/usuario/Documentos/GitHub/IR2117/tb3_ws/install/obstacles/share/obstacles/package.sh'
[1.596s] INFO:colcon.colcon_core.shell:Creating package script '/home/usuario/Documentos/GitHub/IR2117/tb3_ws/install/obstacles/share/obstacles/package.bash'
[1.597s] INFO:colcon.colcon_core.shell:Creating package script '/home/usuario/Documentos/GitHub/IR2117/tb3_ws/install/obstacles/share/obstacles/package.zsh'
[1.598s] Level 1:colcon.colcon_core.environment:create_file_with_runtime_dependencies(/home/usuario/Documentos/GitHub/IR2117/tb3_ws/install/obstacles/share/colcon-core/packages/obstacles)
[12.050s] DEBUG:colcon.colcon_core.event_handler.log_command:Invoked command in '/home/usuario/Documentos/GitHub/IR2117/tb3_ws/build/robot_trajectory' returned '0': CMAKE_PREFIX_PATH=${CMAKE_PREFIX_PATH}:/opt/ros/foxy /usr/bin/cmake --build /home/usuario/Documentos/GitHub/IR2117/tb3_ws/build/robot_trajectory -- -j4 -l4
[12.107s] DEBUG:colcon.colcon_core.event_handler.log_command:Invoking command in '/home/usuario/Documentos/GitHub/IR2117/tb3_ws/build/robot_trajectory': CMAKE_PREFIX_PATH=${CMAKE_PREFIX_PATH}:/opt/ros/foxy /usr/bin/cmake --install /home/usuario/Documentos/GitHub/IR2117/tb3_ws/build/robot_trajectory
[12.136s] Level 1:colcon.colcon_core.environment:create_environment_scripts_only(robot_trajectory)
[12.141s] Level 1:colcon.colcon_core.environment:checking '/home/usuario/Documentos/GitHub/IR2117/tb3_ws/install/robot_trajectory' for CMake module files
[12.142s] DEBUG:colcon.colcon_core.event_handler.log_command:Invoked command in '/home/usuario/Documentos/GitHub/IR2117/tb3_ws/build/robot_trajectory' returned '0': CMAKE_PREFIX_PATH=${CMAKE_PREFIX_PATH}:/opt/ros/foxy /usr/bin/cmake --install /home/usuario/Documentos/GitHub/IR2117/tb3_ws/build/robot_trajectory
[12.143s] Level 1:colcon.colcon_core.environment:checking '/home/usuario/Documentos/GitHub/IR2117/tb3_ws/install/robot_trajectory' for CMake config files
[12.144s] Level 1:colcon.colcon_core.shell:create_environment_hook('robot_trajectory', 'cmake_prefix_path')
[12.146s] INFO:colcon.colcon_core.shell:Creating environment hook '/home/usuario/Documentos/GitHub/IR2117/tb3_ws/install/robot_trajectory/share/robot_trajectory/hook/cmake_prefix_path.ps1'
[12.147s] INFO:colcon.colcon_core.shell:Creating environment descriptor '/home/usuario/Documentos/GitHub/IR2117/tb3_ws/install/robot_trajectory/share/robot_trajectory/hook/cmake_prefix_path.dsv'
[12.148s] INFO:colcon.colcon_core.shell:Creating environment hook '/home/usuario/Documentos/GitHub/IR2117/tb3_ws/install/robot_trajectory/share/robot_trajectory/hook/cmake_prefix_path.sh'
[12.149s] Level 1:colcon.colcon_core.environment:checking '/home/usuario/Documentos/GitHub/IR2117/tb3_ws/install/robot_trajectory/lib'
[12.149s] Level 1:colcon.colcon_core.environment:checking '/home/usuario/Documentos/GitHub/IR2117/tb3_ws/install/robot_trajectory/bin'
[12.150s] Level 1:colcon.colcon_core.environment:checking '/home/usuario/Documentos/GitHub/IR2117/tb3_ws/install/robot_trajectory/lib/pkgconfig/robot_trajectory.pc'
[12.150s] Level 1:colcon.colcon_core.environment:checking '/home/usuario/Documentos/GitHub/IR2117/tb3_ws/install/robot_trajectory/lib/python3.8/site-packages'
[12.150s] Level 1:colcon.colcon_core.environment:checking '/home/usuario/Documentos/GitHub/IR2117/tb3_ws/install/robot_trajectory/bin'
[12.153s] INFO:colcon.colcon_core.shell:Creating package script '/home/usuario/Documentos/GitHub/IR2117/tb3_ws/install/robot_trajectory/share/robot_trajectory/package.ps1'
[12.154s] INFO:colcon.colcon_core.shell:Creating package descriptor '/home/usuario/Documentos/GitHub/IR2117/tb3_ws/install/robot_trajectory/share/robot_trajectory/package.dsv'
[12.155s] INFO:colcon.colcon_core.shell:Creating package script '/home/usuario/Documentos/GitHub/IR2117/tb3_ws/install/robot_trajectory/share/robot_trajectory/package.sh'
[12.155s] INFO:colcon.colcon_core.shell:Creating package script '/home/usuario/Documentos/GitHub/IR2117/tb3_ws/install/robot_trajectory/share/robot_trajectory/package.bash'
[12.156s] INFO:colcon.colcon_core.shell:Creating package script '/home/usuario/Documentos/GitHub/IR2117/tb3_ws/install/robot_trajectory/share/robot_trajectory/package.zsh'
[12.157s] Level 1:colcon.colcon_core.environment:create_file_with_runtime_dependencies(/home/usuario/Documentos/GitHub/IR2117/tb3_ws/install/robot_trajectory/share/colcon-core/packages/robot_trajectory)
[12.218s] Level 1:colcon.colcon_core.environment:create_environment_scripts_only(robot_trajectory)
[12.222s] Level 1:colcon.colcon_core.environment:checking '/home/usuario/Documentos/GitHub/IR2117/tb3_ws/install/robot_trajectory' for CMake module files
[12.223s] Level 1:colcon.colcon_core.environment:checking '/home/usuario/Documentos/GitHub/IR2117/tb3_ws/install/robot_trajectory' for CMake config files
[12.224s] Level 1:colcon.colcon_core.shell:create_environment_hook('robot_trajectory', 'cmake_prefix_path')
[12.227s] INFO:colcon.colcon_core.shell:Creating environment hook '/home/usuario/Documentos/GitHub/IR2117/tb3_ws/install/robot_trajectory/share/robot_trajectory/hook/cmake_prefix_path.ps1'
[12.228s] INFO:colcon.colcon_core.shell:Creating environment descriptor '/home/usuario/Documentos/GitHub/IR2117/tb3_ws/install/robot_trajectory/share/robot_trajectory/hook/cmake_prefix_path.dsv'
[12.229s] INFO:colcon.colcon_core.shell:Creating environment hook '/home/usuario/Documentos/GitHub/IR2117/tb3_ws/install/robot_trajectory/share/robot_trajectory/hook/cmake_prefix_path.sh'
[12.230s] Level 1:colcon.colcon_core.environment:checking '/home/usuario/Documentos/GitHub/IR2117/tb3_ws/install/robot_trajectory/lib'
[12.230s] Level 1:colcon.colcon_core.environment:checking '/home/usuario/Documentos/GitHub/IR2117/tb3_ws/install/robot_trajectory/bin'
[12.231s] Level 1:colcon.colcon_core.environment:checking '/home/usuario/Documentos/GitHub/IR2117/tb3_ws/install/robot_trajectory/lib/pkgconfig/robot_trajectory.pc'
[12.231s] Level 1:colcon.colcon_core.environment:checking '/home/usuario/Documentos/GitHub/IR2117/tb3_ws/install/robot_trajectory/lib/python3.8/site-packages'
[12.232s] Level 1:colcon.colcon_core.environment:checking '/home/usuario/Documentos/GitHub/IR2117/tb3_ws/install/robot_trajectory/bin'
[12.235s] INFO:colcon.colcon_core.shell:Creating package script '/home/usuario/Documentos/GitHub/IR2117/tb3_ws/install/robot_trajectory/share/robot_trajectory/package.ps1'
[12.236s] INFO:colcon.colcon_core.shell:Creating package descriptor '/home/usuario/Documentos/GitHub/IR2117/tb3_ws/install/robot_trajectory/share/robot_trajectory/package.dsv'
[12.237s] INFO:colcon.colcon_core.shell:Creating package script '/home/usuario/Documentos/GitHub/IR2117/tb3_ws/install/robot_trajectory/share/robot_trajectory/package.sh'
[12.237s] INFO:colcon.colcon_core.shell:Creating package script '/home/usuario/Documentos/GitHub/IR2117/tb3_ws/install/robot_trajectory/share/robot_trajectory/package.bash'
[12.239s] INFO:colcon.colcon_core.shell:Creating package script '/home/usuario/Documentos/GitHub/IR2117/tb3_ws/install/robot_trajectory/share/robot_trajectory/package.zsh'
[12.240s] Level 1:colcon.colcon_core.environment:create_file_with_runtime_dependencies(/home/usuario/Documentos/GitHub/IR2117/tb3_ws/install/robot_trajectory/share/colcon-core/packages/robot_trajectory)
[12.241s] DEBUG:colcon.colcon_parallel_executor.executor.parallel:closing loop
[12.242s] DEBUG:colcon.colcon_parallel_executor.executor.parallel:loop closed
[12.242s] DEBUG:colcon.colcon_parallel_executor.executor.parallel:run_until_complete finished with '0'
[12.242s] DEBUG:colcon.colcon_core.event_reactor:joining thread
[12.252s] INFO:colcon.colcon_core.plugin_system:Skipping extension 'colcon_notification.desktop_notification.terminal_notifier': Not used on non-Darwin systems
[12.252s] INFO:colcon.colcon_core.plugin_system:Skipping extension 'colcon_notification.desktop_notification.win32': Not used on non-Windows systems
[12.252s] INFO:colcon.colcon_notification.desktop_notification:Sending desktop notification using 'notify2'
[12.285s] DEBUG:colcon.colcon_core.event_reactor:joined thread
[12.290s] INFO:colcon.colcon_core.shell:Creating prefix script '/home/usuario/Documentos/GitHub/IR2117/tb3_ws/install/local_setup.ps1'
[12.292s] INFO:colcon.colcon_core.shell:Creating prefix util module '/home/usuario/Documentos/GitHub/IR2117/tb3_ws/install/_local_setup_util_ps1.py'
[12.297s] INFO:colcon.colcon_core.shell:Creating prefix chain script '/home/usuario/Documentos/GitHub/IR2117/tb3_ws/install/setup.ps1'
[12.300s] INFO:colcon.colcon_core.shell:Creating prefix script '/home/usuario/Documentos/GitHub/IR2117/tb3_ws/install/local_setup.sh'
[12.301s] INFO:colcon.colcon_core.shell:Creating prefix util module '/home/usuario/Documentos/GitHub/IR2117/tb3_ws/install/_local_setup_util_sh.py'
[12.303s] INFO:colcon.colcon_core.shell:Creating prefix chain script '/home/usuario/Documentos/GitHub/IR2117/tb3_ws/install/setup.sh'
[12.306s] INFO:colcon.colcon_core.shell:Creating prefix script '/home/usuario/Documentos/GitHub/IR2117/tb3_ws/install/local_setup.bash'
[12.307s] INFO:colcon.colcon_core.shell:Creating prefix chain script '/home/usuario/Documentos/GitHub/IR2117/tb3_ws/install/setup.bash'
[12.309s] INFO:colcon.colcon_core.shell:Creating prefix script '/home/usuario/Documentos/GitHub/IR2117/tb3_ws/install/local_setup.zsh'
[12.310s] INFO:colcon.colcon_core.shell:Creating prefix chain script '/home/usuario/Documentos/GitHub/IR2117/tb3_ws/install/setup.zsh'
