[ 50%] Built target detector
[100%] Built target avoidance
-- Install configuration: ""
-- Up-to-date: /home/usuario/Documentos/GitHub/IR2117/tb3_ws/install/obstacles/lib/obstacles/detector
-- Up-to-date: /home/usuario/Documentos/GitHub/IR2117/tb3_ws/install/obstacles/lib/obstacles/avoidance
-- Up-to-date: /home/usuario/Documentos/GitHub/IR2117/tb3_ws/install/obstacles/share/obstacles/launch
-- Up-to-date: /home/usuario/Documentos/GitHub/IR2117/tb3_ws/install/obstacles/share/obstacles/launch/install
-- Up-to-date: /home/usuario/Documentos/GitHub/IR2117/tb3_ws/install/obstacles/share/obstacles/launch/install/COLCON_IGNORE
-- Up-to-date: /home/usuario/Documentos/GitHub/IR2117/tb3_ws/install/obstacles/share/obstacles/launch/install/.colcon_install_layout
-- Up-to-date: /home/usuario/Documentos/GitHub/IR2117/tb3_ws/install/obstacles/share/obstacles/launch/install/local_setup.sh
-- Up-to-date: /home/usuario/Documentos/GitHub/IR2117/tb3_ws/install/obstacles/share/obstacles/launch/install/local_setup.zsh
-- Up-to-date: /home/usuario/Documentos/GitHub/IR2117/tb3_ws/install/obstacles/share/obstacles/launch/install/setup.ps1
-- Up-to-date: /home/usuario/Documentos/GitHub/IR2117/tb3_ws/install/obstacles/share/obstacles/launch/install/_local_setup_util_ps1.py
-- Up-to-date: /home/usuario/Documentos/GitHub/IR2117/tb3_ws/install/obstacles/share/obstacles/launch/install/local_setup.ps1
-- Up-to-date: /home/usuario/Documentos/GitHub/IR2117/tb3_ws/install/obstacles/share/obstacles/launch/install/setup.sh
-- Up-to-date: /home/usuario/Documentos/GitHub/IR2117/tb3_ws/install/obstacles/share/obstacles/launch/install/setup.zsh
-- Up-to-date: /home/usuario/Documentos/GitHub/IR2117/tb3_ws/install/obstacles/share/obstacles/launch/install/setup.bash
-- Up-to-date: /home/usuario/Documentos/GitHub/IR2117/tb3_ws/install/obstacles/share/obstacles/launch/install/_local_setup_util_sh.py
-- Up-to-date: /home/usuario/Documentos/GitHub/IR2117/tb3_ws/install/obstacles/share/obstacles/launch/install/local_setup.bash
-- Up-to-date: /home/usuario/Documentos/GitHub/IR2117/tb3_ws/install/obstacles/share/obstacles/launch/triple_detector.launch.py
-- Up-to-date: /home/usuario/Documentos/GitHub/IR2117/tb3_ws/install/obstacles/share/obstacles/launch/detector_test.launch.py
-- Up-to-date: /home/usuario/Documentos/GitHub/IR2117/tb3_ws/install/obstacles/share/obstacles/launch/build
-- Up-to-date: /home/usuario/Documentos/GitHub/IR2117/tb3_ws/install/obstacles/share/obstacles/launch/build/COLCON_IGNORE
-- Up-to-date: /home/usuario/Documentos/GitHub/IR2117/tb3_ws/install/obstacles/share/obstacles/launch/build/.built_by
-- Up-to-date: /home/usuario/Documentos/GitHub/IR2117/tb3_ws/install/obstacles/share/obstacles/launch/log
-- Up-to-date: /home/usuario/Documentos/GitHub/IR2117/tb3_ws/install/obstacles/share/obstacles/launch/log/COLCON_IGNORE
-- Up-to-date: /home/usuario/Documentos/GitHub/IR2117/tb3_ws/install/obstacles/share/obstacles/launch/log/build_2023-03-30_12-40-14
-- Up-to-date: /home/usuario/Documentos/GitHub/IR2117/tb3_ws/install/obstacles/share/obstacles/launch/log/build_2023-03-30_12-40-14/events.log
-- Up-to-date: /home/usuario/Documentos/GitHub/IR2117/tb3_ws/install/obstacles/share/obstacles/launch/log/build_2023-03-30_12-40-14/logger_all.log
-- Up-to-date: /home/usuario/Documentos/GitHub/IR2117/tb3_ws/install/obstacles/share/obstacles/launch/log/latest_build
-- Up-to-date: /home/usuario/Documentos/GitHub/IR2117/tb3_ws/install/obstacles/share/obstacles/launch/log/latest
-- Up-to-date: /home/usuario/Documentos/GitHub/IR2117/tb3_ws/install/obstacles/share/ament_index/resource_index/package_run_dependencies/obstacles
-- Up-to-date: /home/usuario/Documentos/GitHub/IR2117/tb3_ws/install/obstacles/share/ament_index/resource_index/parent_prefix_path/obstacles
-- Up-to-date: /home/usuario/Documentos/GitHub/IR2117/tb3_ws/install/obstacles/share/obstacles/environment/ament_prefix_path.sh
-- Up-to-date: /home/usuario/Documentos/GitHub/IR2117/tb3_ws/install/obstacles/share/obstacles/environment/ament_prefix_path.dsv
-- Up-to-date: /home/usuario/Documentos/GitHub/IR2117/tb3_ws/install/obstacles/share/obstacles/environment/path.sh
-- Up-to-date: /home/usuario/Documentos/GitHub/IR2117/tb3_ws/install/obstacles/share/obstacles/environment/path.dsv
-- Up-to-date: /home/usuario/Documentos/GitHub/IR2117/tb3_ws/install/obstacles/share/obstacles/local_setup.bash
-- Up-to-date: /home/usuario/Documentos/GitHub/IR2117/tb3_ws/install/obstacles/share/obstacles/local_setup.sh
-- Up-to-date: /home/usuario/Documentos/GitHub/IR2117/tb3_ws/install/obstacles/share/obstacles/local_setup.zsh
-- Up-to-date: /home/usuario/Documentos/GitHub/IR2117/tb3_ws/install/obstacles/share/obstacles/local_setup.dsv
-- Installing: /home/usuario/Documentos/GitHub/IR2117/tb3_ws/install/obstacles/share/obstacles/package.dsv
-- Up-to-date: /home/usuario/Documentos/GitHub/IR2117/tb3_ws/install/obstacles/share/ament_index/resource_index/packages/obstacles
-- Up-to-date: /home/usuario/Documentos/GitHub/IR2117/tb3_ws/install/obstacles/share/obstacles/cmake/obstaclesConfig.cmake
-- Up-to-date: /home/usuario/Documentos/GitHub/IR2117/tb3_ws/install/obstacles/share/obstacles/cmake/obstaclesConfig-version.cmake
-- Up-to-date: /home/usuario/Documentos/GitHub/IR2117/tb3_ws/install/obstacles/share/obstacles/package.xml
