[0.438s] DEBUG:colcon:Command line arguments: ['/usr/bin/colcon', 'build']
[0.439s] DEBUG:colcon:Parsed command line arguments: Namespace(allow_overriding=[], ament_cmake_args=None, base_paths=['.'], build_base='build', catkin_cmake_args=None, catkin_skip_building_tests=False, cmake_args=None, cmake_clean_cache=False, cmake_clean_first=False, cmake_force_configure=False, cmake_target=None, cmake_target_skip_unavailable=False, continue_on_error=False, event_handlers=None, executor='parallel', ignore_user_meta=False, install_base='install', log_base=None, log_level=None, main=<bound method BuildVerb.main of <colcon_core.verb.build.BuildVerb object at 0x7f1193411a60>>, merge_install=False, metas=['./colcon.meta'], packages_above=None, packages_above_and_dependencies=None, packages_above_depth=None, packages_end=None, packages_ignore=None, packages_ignore_regex=None, packages_select=None, packages_select_build_failed=False, packages_select_by_dep=None, packages_select_regex=None, packages_select_test_failures=False, packages_skip=None, packages_skip_build_finished=False, packages_skip_by_dep=None, packages_skip_regex=None, packages_skip_test_passed=False, packages_skip_up_to=None, packages_start=None, packages_up_to=None, packages_up_to_regex=None, parallel_workers=4, paths=None, symlink_install=False, test_result_base=None, verb_extension=<colcon_core.verb.build.BuildVerb object at 0x7f1193411a60>, verb_name='build', verb_parser=<colcon_defaults.argument_parser.defaults.DefaultArgumentsDecorator object at 0x7f119341b040>)
[0.477s] Level 1:colcon.colcon_core.package_discovery:discover_packages(colcon_meta) check parameters
[0.478s] Level 1:colcon.colcon_core.package_discovery:discover_packages(recursive) check parameters
[0.478s] Level 1:colcon.colcon_core.package_discovery:discover_packages(ignore) check parameters
[0.478s] Level 1:colcon.colcon_core.package_discovery:discover_packages(path) check parameters
[0.478s] Level 1:colcon.colcon_core.package_discovery:discover_packages(colcon_meta) discover
[0.478s] Level 1:colcon.colcon_core.package_discovery:discover_packages(recursive) discover
[0.478s] INFO:colcon.colcon_core.package_discovery:Crawling recursively for packages in '/home/pablo/Documentos/IR2117'
[0.478s] Level 1:colcon.colcon_core.package_identification:_identify(.) by extensions ['ignore', 'ignore_ament_install']
[0.478s] Level 1:colcon.colcon_core.package_identification:_identify(.) by extension 'ignore'
[0.478s] Level 1:colcon.colcon_core.package_identification:_identify(.) by extension 'ignore_ament_install'
[0.478s] Level 1:colcon.colcon_core.package_identification:_identify(.) by extensions ['colcon_pkg']
[0.479s] Level 1:colcon.colcon_core.package_identification:_identify(.) by extension 'colcon_pkg'
[0.479s] Level 1:colcon.colcon_core.package_identification:_identify(.) by extensions ['colcon_meta']
[0.479s] Level 1:colcon.colcon_core.package_identification:_identify(.) by extension 'colcon_meta'
[0.479s] Level 1:colcon.colcon_core.package_identification:_identify(.) by extensions ['ros']
[0.479s] Level 1:colcon.colcon_core.package_identification:_identify(.) by extension 'ros'
[0.506s] Level 1:colcon.colcon_core.package_identification:_identify(.) by extensions ['cmake', 'python']
[0.506s] Level 1:colcon.colcon_core.package_identification:_identify(.) by extension 'cmake'
[0.506s] Level 1:colcon.colcon_core.package_identification:_identify(.) by extension 'python'
[0.506s] Level 1:colcon.colcon_core.package_identification:_identify(.) by extensions ['python_setup_py']
[0.506s] Level 1:colcon.colcon_core.package_identification:_identify(.) by extension 'python_setup_py'
[0.507s] Level 1:colcon.colcon_core.package_identification:_identify(Hello World) by extensions ['ignore', 'ignore_ament_install']
[0.507s] Level 1:colcon.colcon_core.package_identification:_identify(Hello World) by extension 'ignore'
[0.507s] Level 1:colcon.colcon_core.package_identification:_identify(Hello World) by extension 'ignore_ament_install'
[0.507s] Level 1:colcon.colcon_core.package_identification:_identify(Hello World) by extensions ['colcon_pkg']
[0.507s] Level 1:colcon.colcon_core.package_identification:_identify(Hello World) by extension 'colcon_pkg'
[0.507s] Level 1:colcon.colcon_core.package_identification:_identify(Hello World) by extensions ['colcon_meta']
[0.507s] Level 1:colcon.colcon_core.package_identification:_identify(Hello World) by extension 'colcon_meta'
[0.507s] Level 1:colcon.colcon_core.package_identification:_identify(Hello World) by extensions ['ros']
[0.507s] Level 1:colcon.colcon_core.package_identification:_identify(Hello World) by extension 'ros'
[0.507s] Level 1:colcon.colcon_core.package_identification:_identify(Hello World) by extensions ['cmake', 'python']
[0.507s] Level 1:colcon.colcon_core.package_identification:_identify(Hello World) by extension 'cmake'
[0.507s] Level 1:colcon.colcon_core.package_identification:_identify(Hello World) by extension 'python'
[0.507s] Level 1:colcon.colcon_core.package_identification:_identify(Hello World) by extensions ['python_setup_py']
[0.508s] Level 1:colcon.colcon_core.package_identification:_identify(Hello World) by extension 'python_setup_py'
[0.508s] Level 1:colcon.colcon_core.package_identification:_identify(Suma) by extensions ['ignore', 'ignore_ament_install']
[0.508s] Level 1:colcon.colcon_core.package_identification:_identify(Suma) by extension 'ignore'
[0.508s] Level 1:colcon.colcon_core.package_identification:_identify(Suma) by extension 'ignore_ament_install'
[0.508s] Level 1:colcon.colcon_core.package_identification:_identify(Suma) by extensions ['colcon_pkg']
[0.508s] Level 1:colcon.colcon_core.package_identification:_identify(Suma) by extension 'colcon_pkg'
[0.508s] Level 1:colcon.colcon_core.package_identification:_identify(Suma) by extensions ['colcon_meta']
[0.508s] Level 1:colcon.colcon_core.package_identification:_identify(Suma) by extension 'colcon_meta'
[0.508s] Level 1:colcon.colcon_core.package_identification:_identify(Suma) by extensions ['ros']
[0.508s] Level 1:colcon.colcon_core.package_identification:_identify(Suma) by extension 'ros'
[0.508s] Level 1:colcon.colcon_core.package_identification:_identify(Suma) by extensions ['cmake', 'python']
[0.508s] Level 1:colcon.colcon_core.package_identification:_identify(Suma) by extension 'cmake'
[0.509s] Level 1:colcon.colcon_core.package_identification:_identify(Suma) by extension 'python'
[0.509s] Level 1:colcon.colcon_core.package_identification:_identify(Suma) by extensions ['python_setup_py']
[0.509s] Level 1:colcon.colcon_core.package_identification:_identify(Suma) by extension 'python_setup_py'
[0.509s] Level 1:colcon.colcon_core.package_identification:_identify(build) by extensions ['ignore', 'ignore_ament_install']
[0.509s] Level 1:colcon.colcon_core.package_identification:_identify(build) by extension 'ignore'
[0.509s] Level 1:colcon.colcon_core.package_identification:_identify(build) ignored
[0.509s] Level 1:colcon.colcon_core.package_identification:_identify(install) by extensions ['ignore', 'ignore_ament_install']
[0.509s] Level 1:colcon.colcon_core.package_identification:_identify(install) by extension 'ignore'
[0.509s] Level 1:colcon.colcon_core.package_identification:_identify(install) ignored
[0.509s] Level 1:colcon.colcon_core.package_identification:_identify(log) by extensions ['ignore', 'ignore_ament_install']
[0.510s] Level 1:colcon.colcon_core.package_identification:_identify(log) by extension 'ignore'
[0.510s] Level 1:colcon.colcon_core.package_identification:_identify(log) ignored
[0.510s] Level 1:colcon.colcon_core.package_identification:_identify(ros2_ws) by extensions ['ignore', 'ignore_ament_install']
[0.510s] Level 1:colcon.colcon_core.package_identification:_identify(ros2_ws) by extension 'ignore'
[0.510s] Level 1:colcon.colcon_core.package_identification:_identify(ros2_ws) by extension 'ignore_ament_install'
[0.510s] Level 1:colcon.colcon_core.package_identification:_identify(ros2_ws) by extensions ['colcon_pkg']
[0.510s] Level 1:colcon.colcon_core.package_identification:_identify(ros2_ws) by extension 'colcon_pkg'
[0.510s] Level 1:colcon.colcon_core.package_identification:_identify(ros2_ws) by extensions ['colcon_meta']
[0.510s] Level 1:colcon.colcon_core.package_identification:_identify(ros2_ws) by extension 'colcon_meta'
[0.510s] Level 1:colcon.colcon_core.package_identification:_identify(ros2_ws) by extensions ['ros']
[0.510s] Level 1:colcon.colcon_core.package_identification:_identify(ros2_ws) by extension 'ros'
[0.510s] Level 1:colcon.colcon_core.package_identification:_identify(ros2_ws) by extensions ['cmake', 'python']
[0.511s] Level 1:colcon.colcon_core.package_identification:_identify(ros2_ws) by extension 'cmake'
[0.511s] Level 1:colcon.colcon_core.package_identification:_identify(ros2_ws) by extension 'python'
[0.511s] Level 1:colcon.colcon_core.package_identification:_identify(ros2_ws) by extensions ['python_setup_py']
[0.511s] Level 1:colcon.colcon_core.package_identification:_identify(ros2_ws) by extension 'python_setup_py'
[0.511s] Level 1:colcon.colcon_core.package_identification:_identify(ros2_ws/build) by extensions ['ignore', 'ignore_ament_install']
[0.511s] Level 1:colcon.colcon_core.package_identification:_identify(ros2_ws/build) by extension 'ignore'
[0.511s] Level 1:colcon.colcon_core.package_identification:_identify(ros2_ws/build) ignored
[0.511s] Level 1:colcon.colcon_core.package_identification:_identify(ros2_ws/install) by extensions ['ignore', 'ignore_ament_install']
[0.511s] Level 1:colcon.colcon_core.package_identification:_identify(ros2_ws/install) by extension 'ignore'
[0.511s] Level 1:colcon.colcon_core.package_identification:_identify(ros2_ws/install) ignored
[0.512s] Level 1:colcon.colcon_core.package_identification:_identify(ros2_ws/log) by extensions ['ignore', 'ignore_ament_install']
[0.512s] Level 1:colcon.colcon_core.package_identification:_identify(ros2_ws/log) by extension 'ignore'
[0.512s] Level 1:colcon.colcon_core.package_identification:_identify(ros2_ws/log) ignored
[0.512s] Level 1:colcon.colcon_core.package_identification:_identify(ros2_ws/src) by extensions ['ignore', 'ignore_ament_install']
[0.512s] Level 1:colcon.colcon_core.package_identification:_identify(ros2_ws/src) by extension 'ignore'
[0.512s] Level 1:colcon.colcon_core.package_identification:_identify(ros2_ws/src) by extension 'ignore_ament_install'
[0.512s] Level 1:colcon.colcon_core.package_identification:_identify(ros2_ws/src) by extensions ['colcon_pkg']
[0.512s] Level 1:colcon.colcon_core.package_identification:_identify(ros2_ws/src) by extension 'colcon_pkg'
[0.512s] Level 1:colcon.colcon_core.package_identification:_identify(ros2_ws/src) by extensions ['colcon_meta']
[0.512s] Level 1:colcon.colcon_core.package_identification:_identify(ros2_ws/src) by extension 'colcon_meta'
[0.512s] Level 1:colcon.colcon_core.package_identification:_identify(ros2_ws/src) by extensions ['ros']
[0.512s] Level 1:colcon.colcon_core.package_identification:_identify(ros2_ws/src) by extension 'ros'
[0.513s] Level 1:colcon.colcon_core.package_identification:_identify(ros2_ws/src) by extensions ['cmake', 'python']
[0.513s] Level 1:colcon.colcon_core.package_identification:_identify(ros2_ws/src) by extension 'cmake'
[0.513s] Level 1:colcon.colcon_core.package_identification:_identify(ros2_ws/src) by extension 'python'
[0.513s] Level 1:colcon.colcon_core.package_identification:_identify(ros2_ws/src) by extensions ['python_setup_py']
[0.513s] Level 1:colcon.colcon_core.package_identification:_identify(ros2_ws/src) by extension 'python_setup_py'
[0.513s] Level 1:colcon.colcon_core.package_identification:_identify(ros2_ws/src/examples) by extensions ['ignore', 'ignore_ament_install']
[0.513s] Level 1:colcon.colcon_core.package_identification:_identify(ros2_ws/src/examples) by extension 'ignore'
[0.513s] Level 1:colcon.colcon_core.package_identification:_identify(ros2_ws/src/examples) by extension 'ignore_ament_install'
[0.513s] Level 1:colcon.colcon_core.package_identification:_identify(ros2_ws/src/examples) by extensions ['colcon_pkg']
[0.513s] Level 1:colcon.colcon_core.package_identification:_identify(ros2_ws/src/examples) by extension 'colcon_pkg'
[0.513s] Level 1:colcon.colcon_core.package_identification:_identify(ros2_ws/src/examples) by extensions ['colcon_meta']
[0.513s] Level 1:colcon.colcon_core.package_identification:_identify(ros2_ws/src/examples) by extension 'colcon_meta'
[0.513s] Level 1:colcon.colcon_core.package_identification:_identify(ros2_ws/src/examples) by extensions ['ros']
[0.514s] Level 1:colcon.colcon_core.package_identification:_identify(ros2_ws/src/examples) by extension 'ros'
[0.514s] Level 1:colcon.colcon_core.package_identification:_identify(ros2_ws/src/examples) by extensions ['cmake', 'python']
[0.514s] Level 1:colcon.colcon_core.package_identification:_identify(ros2_ws/src/examples) by extension 'cmake'
[0.514s] Level 1:colcon.colcon_core.package_identification:_identify(ros2_ws/src/examples) by extension 'python'
[0.514s] Level 1:colcon.colcon_core.package_identification:_identify(ros2_ws/src/examples) by extensions ['python_setup_py']
[0.514s] Level 1:colcon.colcon_core.package_identification:_identify(ros2_ws/src/examples) by extension 'python_setup_py'
[0.514s] Level 1:colcon.colcon_core.package_identification:_identify(ros2_ws/src/examples/sum) by extensions ['ignore', 'ignore_ament_install']
[0.514s] Level 1:colcon.colcon_core.package_identification:_identify(ros2_ws/src/examples/sum) by extension 'ignore'
[0.514s] Level 1:colcon.colcon_core.package_identification:_identify(ros2_ws/src/examples/sum) by extension 'ignore_ament_install'
[0.514s] Level 1:colcon.colcon_core.package_identification:_identify(ros2_ws/src/examples/sum) by extensions ['colcon_pkg']
[0.514s] Level 1:colcon.colcon_core.package_identification:_identify(ros2_ws/src/examples/sum) by extension 'colcon_pkg'
[0.514s] Level 1:colcon.colcon_core.package_identification:_identify(ros2_ws/src/examples/sum) by extensions ['colcon_meta']
[0.515s] Level 1:colcon.colcon_core.package_identification:_identify(ros2_ws/src/examples/sum) by extension 'colcon_meta'
[0.515s] Level 1:colcon.colcon_core.package_identification:_identify(ros2_ws/src/examples/sum) by extensions ['ros']
[0.515s] Level 1:colcon.colcon_core.package_identification:_identify(ros2_ws/src/examples/sum) by extension 'ros'
[0.518s] DEBUG:colcon.colcon_core.package_identification:Package 'ros2_ws/src/examples/sum' with type 'ros.ament_cmake' and name 'examples_sum'
[0.518s] Level 1:colcon.colcon_core.package_identification:_identify(ros2_ws/src/examples/topics) by extensions ['ignore', 'ignore_ament_install']
[0.519s] Level 1:colcon.colcon_core.package_identification:_identify(ros2_ws/src/examples/topics) by extension 'ignore'
[0.519s] Level 1:colcon.colcon_core.package_identification:_identify(ros2_ws/src/examples/topics) by extension 'ignore_ament_install'
[0.519s] Level 1:colcon.colcon_core.package_identification:_identify(ros2_ws/src/examples/topics) by extensions ['colcon_pkg']
[0.519s] Level 1:colcon.colcon_core.package_identification:_identify(ros2_ws/src/examples/topics) by extension 'colcon_pkg'
[0.519s] Level 1:colcon.colcon_core.package_identification:_identify(ros2_ws/src/examples/topics) by extensions ['colcon_meta']
[0.519s] Level 1:colcon.colcon_core.package_identification:_identify(ros2_ws/src/examples/topics) by extension 'colcon_meta'
[0.519s] Level 1:colcon.colcon_core.package_identification:_identify(ros2_ws/src/examples/topics) by extensions ['ros']
[0.519s] Level 1:colcon.colcon_core.package_identification:_identify(ros2_ws/src/examples/topics) by extension 'ros'
[0.520s] DEBUG:colcon.colcon_core.package_identification:Package 'ros2_ws/src/examples/topics' with type 'ros.ament_cmake' and name 'examples_topics'
[0.520s] Level 1:colcon.colcon_core.package_identification:_identify(tb3_ws) by extensions ['ignore', 'ignore_ament_install']
[0.520s] Level 1:colcon.colcon_core.package_identification:_identify(tb3_ws) by extension 'ignore'
[0.520s] Level 1:colcon.colcon_core.package_identification:_identify(tb3_ws) by extension 'ignore_ament_install'
[0.520s] Level 1:colcon.colcon_core.package_identification:_identify(tb3_ws) by extensions ['colcon_pkg']
[0.520s] Level 1:colcon.colcon_core.package_identification:_identify(tb3_ws) by extension 'colcon_pkg'
[0.520s] Level 1:colcon.colcon_core.package_identification:_identify(tb3_ws) by extensions ['colcon_meta']
[0.520s] Level 1:colcon.colcon_core.package_identification:_identify(tb3_ws) by extension 'colcon_meta'
[0.520s] Level 1:colcon.colcon_core.package_identification:_identify(tb3_ws) by extensions ['ros']
[0.521s] Level 1:colcon.colcon_core.package_identification:_identify(tb3_ws) by extension 'ros'
[0.521s] Level 1:colcon.colcon_core.package_identification:_identify(tb3_ws) by extensions ['cmake', 'python']
[0.521s] Level 1:colcon.colcon_core.package_identification:_identify(tb3_ws) by extension 'cmake'
[0.521s] Level 1:colcon.colcon_core.package_identification:_identify(tb3_ws) by extension 'python'
[0.521s] Level 1:colcon.colcon_core.package_identification:_identify(tb3_ws) by extensions ['python_setup_py']
[0.521s] Level 1:colcon.colcon_core.package_identification:_identify(tb3_ws) by extension 'python_setup_py'
[0.521s] Level 1:colcon.colcon_core.package_identification:_identify(tb3_ws/build) by extensions ['ignore', 'ignore_ament_install']
[0.521s] Level 1:colcon.colcon_core.package_identification:_identify(tb3_ws/build) by extension 'ignore'
[0.521s] Level 1:colcon.colcon_core.package_identification:_identify(tb3_ws/build) ignored
[0.521s] Level 1:colcon.colcon_core.package_identification:_identify(tb3_ws/install) by extensions ['ignore', 'ignore_ament_install']
[0.522s] Level 1:colcon.colcon_core.package_identification:_identify(tb3_ws/install) by extension 'ignore'
[0.522s] Level 1:colcon.colcon_core.package_identification:_identify(tb3_ws/install) ignored
[0.522s] Level 1:colcon.colcon_core.package_identification:_identify(tb3_ws/log) by extensions ['ignore', 'ignore_ament_install']
[0.522s] Level 1:colcon.colcon_core.package_identification:_identify(tb3_ws/log) by extension 'ignore'
[0.522s] Level 1:colcon.colcon_core.package_identification:_identify(tb3_ws/log) ignored
[0.522s] Level 1:colcon.colcon_core.package_identification:_identify(tb3_ws/src) by extensions ['ignore', 'ignore_ament_install']
[0.522s] Level 1:colcon.colcon_core.package_identification:_identify(tb3_ws/src) by extension 'ignore'
[0.522s] Level 1:colcon.colcon_core.package_identification:_identify(tb3_ws/src) by extension 'ignore_ament_install'
[0.522s] Level 1:colcon.colcon_core.package_identification:_identify(tb3_ws/src) by extensions ['colcon_pkg']
[0.522s] Level 1:colcon.colcon_core.package_identification:_identify(tb3_ws/src) by extension 'colcon_pkg'
[0.522s] Level 1:colcon.colcon_core.package_identification:_identify(tb3_ws/src) by extensions ['colcon_meta']
[0.523s] Level 1:colcon.colcon_core.package_identification:_identify(tb3_ws/src) by extension 'colcon_meta'
[0.523s] Level 1:colcon.colcon_core.package_identification:_identify(tb3_ws/src) by extensions ['ros']
[0.523s] Level 1:colcon.colcon_core.package_identification:_identify(tb3_ws/src) by extension 'ros'
[0.523s] Level 1:colcon.colcon_core.package_identification:_identify(tb3_ws/src) by extensions ['cmake', 'python']
[0.523s] Level 1:colcon.colcon_core.package_identification:_identify(tb3_ws/src) by extension 'cmake'
[0.523s] Level 1:colcon.colcon_core.package_identification:_identify(tb3_ws/src) by extension 'python'
[0.523s] Level 1:colcon.colcon_core.package_identification:_identify(tb3_ws/src) by extensions ['python_setup_py']
[0.523s] Level 1:colcon.colcon_core.package_identification:_identify(tb3_ws/src) by extension 'python_setup_py'
[0.523s] Level 1:colcon.colcon_core.package_identification:_identify(tb3_ws/src/robot_trajectory) by extensions ['ignore', 'ignore_ament_install']
[0.523s] Level 1:colcon.colcon_core.package_identification:_identify(tb3_ws/src/robot_trajectory) by extension 'ignore'
[0.523s] Level 1:colcon.colcon_core.package_identification:_identify(tb3_ws/src/robot_trajectory) by extension 'ignore_ament_install'
[0.523s] Level 1:colcon.colcon_core.package_identification:_identify(tb3_ws/src/robot_trajectory) by extensions ['colcon_pkg']
[0.524s] Level 1:colcon.colcon_core.package_identification:_identify(tb3_ws/src/robot_trajectory) by extension 'colcon_pkg'
[0.524s] Level 1:colcon.colcon_core.package_identification:_identify(tb3_ws/src/robot_trajectory) by extensions ['colcon_meta']
[0.524s] Level 1:colcon.colcon_core.package_identification:_identify(tb3_ws/src/robot_trajectory) by extension 'colcon_meta'
[0.524s] Level 1:colcon.colcon_core.package_identification:_identify(tb3_ws/src/robot_trajectory) by extensions ['ros']
[0.524s] Level 1:colcon.colcon_core.package_identification:_identify(tb3_ws/src/robot_trajectory) by extension 'ros'
[0.525s] DEBUG:colcon.colcon_core.package_identification:Package 'tb3_ws/src/robot_trajectory' with type 'ros.ament_cmake' and name 'robot_trajectory'
[0.525s] Level 1:colcon.colcon_core.package_discovery:discover_packages(recursive) using defaults
[0.525s] Level 1:colcon.colcon_core.package_discovery:discover_packages(ignore) discover
[0.525s] Level 1:colcon.colcon_core.package_discovery:discover_packages(ignore) using defaults
[0.525s] Level 1:colcon.colcon_core.package_discovery:discover_packages(path) discover
[0.525s] Level 1:colcon.colcon_core.package_discovery:discover_packages(path) using defaults
[0.553s] Level 1:colcon.colcon_core.package_discovery:discover_packages(prefix_path) check parameters
[0.554s] Level 1:colcon.colcon_core.package_discovery:discover_packages(prefix_path) discover
[0.558s] DEBUG:colcon.colcon_installed_package_information.package_discovery:Found 256 installed packages in /opt/ros/foxy
[0.561s] Level 1:colcon.colcon_core.package_discovery:discover_packages(prefix_path) using defaults
[0.661s] Level 5:colcon.colcon_core.verb:set package 'examples_sum' build argument 'cmake_args' from command line to 'None'
[0.661s] Level 5:colcon.colcon_core.verb:set package 'examples_sum' build argument 'cmake_target' from command line to 'None'
[0.661s] Level 5:colcon.colcon_core.verb:set package 'examples_sum' build argument 'cmake_target_skip_unavailable' from command line to 'False'
[0.661s] Level 5:colcon.colcon_core.verb:set package 'examples_sum' build argument 'cmake_clean_cache' from command line to 'False'
[0.661s] Level 5:colcon.colcon_core.verb:set package 'examples_sum' build argument 'cmake_clean_first' from command line to 'False'
[0.661s] Level 5:colcon.colcon_core.verb:set package 'examples_sum' build argument 'cmake_force_configure' from command line to 'False'
[0.661s] Level 5:colcon.colcon_core.verb:set package 'examples_sum' build argument 'ament_cmake_args' from command line to 'None'
[0.661s] Level 5:colcon.colcon_core.verb:set package 'examples_sum' build argument 'catkin_cmake_args' from command line to 'None'
[0.661s] Level 5:colcon.colcon_core.verb:set package 'examples_sum' build argument 'catkin_skip_building_tests' from command line to 'False'
[0.661s] DEBUG:colcon.colcon_core.verb:Building package 'examples_sum' with the following arguments: {'ament_cmake_args': None, 'build_base': '/home/pablo/Documentos/IR2117/build/examples_sum', 'catkin_cmake_args': None, 'catkin_skip_building_tests': False, 'cmake_args': None, 'cmake_clean_cache': False, 'cmake_clean_first': False, 'cmake_force_configure': False, 'cmake_target': None, 'cmake_target_skip_unavailable': False, 'install_base': '/home/pablo/Documentos/IR2117/install/examples_sum', 'merge_install': False, 'path': '/home/pablo/Documentos/IR2117/ros2_ws/src/examples/sum', 'symlink_install': False, 'test_result_base': None}
[0.662s] Level 5:colcon.colcon_core.verb:set package 'examples_topics' build argument 'cmake_args' from command line to 'None'
[0.662s] Level 5:colcon.colcon_core.verb:set package 'examples_topics' build argument 'cmake_target' from command line to 'None'
[0.662s] Level 5:colcon.colcon_core.verb:set package 'examples_topics' build argument 'cmake_target_skip_unavailable' from command line to 'False'
[0.663s] Level 5:colcon.colcon_core.verb:set package 'examples_topics' build argument 'cmake_clean_cache' from command line to 'False'
[0.663s] Level 5:colcon.colcon_core.verb:set package 'examples_topics' build argument 'cmake_clean_first' from command line to 'False'
[0.663s] Level 5:colcon.colcon_core.verb:set package 'examples_topics' build argument 'cmake_force_configure' from command line to 'False'
[0.663s] Level 5:colcon.colcon_core.verb:set package 'examples_topics' build argument 'ament_cmake_args' from command line to 'None'
[0.663s] Level 5:colcon.colcon_core.verb:set package 'examples_topics' build argument 'catkin_cmake_args' from command line to 'None'
[0.663s] Level 5:colcon.colcon_core.verb:set package 'examples_topics' build argument 'catkin_skip_building_tests' from command line to 'False'
[0.663s] DEBUG:colcon.colcon_core.verb:Building package 'examples_topics' with the following arguments: {'ament_cmake_args': None, 'build_base': '/home/pablo/Documentos/IR2117/build/examples_topics', 'catkin_cmake_args': None, 'catkin_skip_building_tests': False, 'cmake_args': None, 'cmake_clean_cache': False, 'cmake_clean_first': False, 'cmake_force_configure': False, 'cmake_target': None, 'cmake_target_skip_unavailable': False, 'install_base': '/home/pablo/Documentos/IR2117/install/examples_topics', 'merge_install': False, 'path': '/home/pablo/Documentos/IR2117/ros2_ws/src/examples/topics', 'symlink_install': False, 'test_result_base': None}
[0.664s] Level 5:colcon.colcon_core.verb:set package 'robot_trajectory' build argument 'cmake_args' from command line to 'None'
[0.664s] Level 5:colcon.colcon_core.verb:set package 'robot_trajectory' build argument 'cmake_target' from command line to 'None'
[0.664s] Level 5:colcon.colcon_core.verb:set package 'robot_trajectory' build argument 'cmake_target_skip_unavailable' from command line to 'False'
[0.664s] Level 5:colcon.colcon_core.verb:set package 'robot_trajectory' build argument 'cmake_clean_cache' from command line to 'False'
[0.664s] Level 5:colcon.colcon_core.verb:set package 'robot_trajectory' build argument 'cmake_clean_first' from command line to 'False'
[0.664s] Level 5:colcon.colcon_core.verb:set package 'robot_trajectory' build argument 'cmake_force_configure' from command line to 'False'
[0.664s] Level 5:colcon.colcon_core.verb:set package 'robot_trajectory' build argument 'ament_cmake_args' from command line to 'None'
[0.664s] Level 5:colcon.colcon_core.verb:set package 'robot_trajectory' build argument 'catkin_cmake_args' from command line to 'None'
[0.664s] Level 5:colcon.colcon_core.verb:set package 'robot_trajectory' build argument 'catkin_skip_building_tests' from command line to 'False'
[0.664s] DEBUG:colcon.colcon_core.verb:Building package 'robot_trajectory' with the following arguments: {'ament_cmake_args': None, 'build_base': '/home/pablo/Documentos/IR2117/build/robot_trajectory', 'catkin_cmake_args': None, 'catkin_skip_building_tests': False, 'cmake_args': None, 'cmake_clean_cache': False, 'cmake_clean_first': False, 'cmake_force_configure': False, 'cmake_target': None, 'cmake_target_skip_unavailable': False, 'install_base': '/home/pablo/Documentos/IR2117/install/robot_trajectory', 'merge_install': False, 'path': '/home/pablo/Documentos/IR2117/tb3_ws/src/robot_trajectory', 'symlink_install': False, 'test_result_base': None}
[0.665s] INFO:colcon.colcon_core.executor:Executing jobs using 'parallel' executor
[0.670s] DEBUG:colcon.colcon_parallel_executor.executor.parallel:run_until_complete
[0.670s] INFO:colcon.colcon_ros.task.ament_cmake.build:Building ROS package in '/home/pablo/Documentos/IR2117/ros2_ws/src/examples/sum' with build type 'ament_cmake'
[0.671s] INFO:colcon.colcon_cmake.task.cmake.build:Building CMake package in '/home/pablo/Documentos/IR2117/ros2_ws/src/examples/sum'
[0.677s] INFO:colcon.colcon_core.plugin_system:Skipping extension 'colcon_core.shell.bat': Not used on non-Windows systems
[0.677s] INFO:colcon.colcon_core.shell:Skip shell extension 'powershell' for command environment: Not usable outside of PowerShell
[0.677s] DEBUG:colcon.colcon_core.shell:Skip shell extension 'dsv' for command environment
[0.685s] INFO:colcon.colcon_ros.task.ament_cmake.build:Building ROS package in '/home/pablo/Documentos/IR2117/ros2_ws/src/examples/topics' with build type 'ament_cmake'
[0.685s] INFO:colcon.colcon_cmake.task.cmake.build:Building CMake package in '/home/pablo/Documentos/IR2117/ros2_ws/src/examples/topics'
[0.688s] INFO:colcon.colcon_core.shell:Skip shell extension 'powershell' for command environment: Not usable outside of PowerShell
[0.688s] DEBUG:colcon.colcon_core.shell:Skip shell extension 'dsv' for command environment
[0.696s] INFO:colcon.colcon_ros.task.ament_cmake.build:Building ROS package in '/home/pablo/Documentos/IR2117/tb3_ws/src/robot_trajectory' with build type 'ament_cmake'
[0.697s] INFO:colcon.colcon_cmake.task.cmake.build:Building CMake package in '/home/pablo/Documentos/IR2117/tb3_ws/src/robot_trajectory'
[0.701s] INFO:colcon.colcon_core.shell:Skip shell extension 'powershell' for command environment: Not usable outside of PowerShell
[0.701s] DEBUG:colcon.colcon_core.shell:Skip shell extension 'dsv' for command environment
[0.719s] DEBUG:colcon.colcon_core.event_handler.log_command:Invoking command in '/home/pablo/Documentos/IR2117/build/examples_sum': CMAKE_PREFIX_PATH=/opt/ros/foxy /usr/bin/cmake /home/pablo/Documentos/IR2117/ros2_ws/src/examples/sum -DCMAKE_INSTALL_PREFIX=/home/pablo/Documentos/IR2117/install/examples_sum
[0.731s] DEBUG:colcon.colcon_core.event_handler.log_command:Invoking command in '/home/pablo/Documentos/IR2117/build/examples_topics': CMAKE_PREFIX_PATH=/opt/ros/foxy /usr/bin/cmake /home/pablo/Documentos/IR2117/ros2_ws/src/examples/topics -DCMAKE_INSTALL_PREFIX=/home/pablo/Documentos/IR2117/install/examples_topics
[0.737s] DEBUG:colcon.colcon_core.event_handler.log_command:Invoking command in '/home/pablo/Documentos/IR2117/build/robot_trajectory': CMAKE_PREFIX_PATH=/opt/ros/foxy /usr/bin/cmake /home/pablo/Documentos/IR2117/tb3_ws/src/robot_trajectory -DCMAKE_INSTALL_PREFIX=/home/pablo/Documentos/IR2117/install/robot_trajectory
[8.982s] DEBUG:colcon.colcon_core.event_handler.log_command:Invoked command in '/home/pablo/Documentos/IR2117/build/examples_sum' returned '0': CMAKE_PREFIX_PATH=/opt/ros/foxy /usr/bin/cmake /home/pablo/Documentos/IR2117/ros2_ws/src/examples/sum -DCMAKE_INSTALL_PREFIX=/home/pablo/Documentos/IR2117/install/examples_sum
[8.989s] DEBUG:colcon.colcon_core.event_handler.log_command:Invoking command in '/home/pablo/Documentos/IR2117/build/examples_sum': CMAKE_PREFIX_PATH=/opt/ros/foxy /usr/bin/cmake --build /home/pablo/Documentos/IR2117/build/examples_sum -- -j4 -l4
[9.012s] DEBUG:colcon.colcon_core.event_handler.log_command:Invoked command in '/home/pablo/Documentos/IR2117/build/examples_topics' returned '0': CMAKE_PREFIX_PATH=/opt/ros/foxy /usr/bin/cmake /home/pablo/Documentos/IR2117/ros2_ws/src/examples/topics -DCMAKE_INSTALL_PREFIX=/home/pablo/Documentos/IR2117/install/examples_topics
[9.015s] DEBUG:colcon.colcon_core.event_handler.log_command:Invoking command in '/home/pablo/Documentos/IR2117/build/examples_topics': CMAKE_PREFIX_PATH=/opt/ros/foxy /usr/bin/cmake --build /home/pablo/Documentos/IR2117/build/examples_topics -- -j4 -l4
[9.156s] DEBUG:colcon.colcon_core.event_handler.log_command:Invoked command in '/home/pablo/Documentos/IR2117/build/robot_trajectory' returned '0': CMAKE_PREFIX_PATH=/opt/ros/foxy /usr/bin/cmake /home/pablo/Documentos/IR2117/tb3_ws/src/robot_trajectory -DCMAKE_INSTALL_PREFIX=/home/pablo/Documentos/IR2117/install/robot_trajectory
[9.161s] DEBUG:colcon.colcon_core.event_handler.log_command:Invoking command in '/home/pablo/Documentos/IR2117/build/robot_trajectory': CMAKE_PREFIX_PATH=/opt/ros/foxy /usr/bin/cmake --build /home/pablo/Documentos/IR2117/build/robot_trajectory -- -j4 -l4
[19.145s] DEBUG:colcon.colcon_core.event_handler.log_command:Invoked command in '/home/pablo/Documentos/IR2117/build/robot_trajectory' returned '0': CMAKE_PREFIX_PATH=/opt/ros/foxy /usr/bin/cmake --build /home/pablo/Documentos/IR2117/build/robot_trajectory -- -j4 -l4
[19.220s] DEBUG:colcon.colcon_core.event_handler.log_command:Invoking command in '/home/pablo/Documentos/IR2117/build/robot_trajectory': CMAKE_PREFIX_PATH=/opt/ros/foxy /usr/bin/cmake --install /home/pablo/Documentos/IR2117/build/robot_trajectory
[19.256s] Level 1:colcon.colcon_core.environment:create_environment_scripts_only(robot_trajectory)
[19.261s] DEBUG:colcon.colcon_core.event_handler.log_command:Invoked command in '/home/pablo/Documentos/IR2117/build/robot_trajectory' returned '0': CMAKE_PREFIX_PATH=/opt/ros/foxy /usr/bin/cmake --install /home/pablo/Documentos/IR2117/build/robot_trajectory
[19.271s] Level 1:colcon.colcon_core.environment:checking '/home/pablo/Documentos/IR2117/install/robot_trajectory' for CMake module files
[19.272s] Level 1:colcon.colcon_core.environment:checking '/home/pablo/Documentos/IR2117/install/robot_trajectory' for CMake config files
[19.273s] Level 1:colcon.colcon_core.shell:create_environment_hook('robot_trajectory', 'cmake_prefix_path')
[19.276s] INFO:colcon.colcon_core.shell:Creating environment hook '/home/pablo/Documentos/IR2117/install/robot_trajectory/share/robot_trajectory/hook/cmake_prefix_path.ps1'
[19.278s] INFO:colcon.colcon_core.shell:Creating environment descriptor '/home/pablo/Documentos/IR2117/install/robot_trajectory/share/robot_trajectory/hook/cmake_prefix_path.dsv'
[19.279s] INFO:colcon.colcon_core.shell:Creating environment hook '/home/pablo/Documentos/IR2117/install/robot_trajectory/share/robot_trajectory/hook/cmake_prefix_path.sh'
[19.281s] Level 1:colcon.colcon_core.environment:checking '/home/pablo/Documentos/IR2117/install/robot_trajectory/lib'
[19.282s] Level 1:colcon.colcon_core.environment:checking '/home/pablo/Documentos/IR2117/install/robot_trajectory/bin'
[19.282s] Level 1:colcon.colcon_core.environment:checking '/home/pablo/Documentos/IR2117/install/robot_trajectory/lib/pkgconfig/robot_trajectory.pc'
[19.282s] Level 1:colcon.colcon_core.environment:checking '/home/pablo/Documentos/IR2117/install/robot_trajectory/lib/python3.8/site-packages'
[19.283s] Level 1:colcon.colcon_core.environment:checking '/home/pablo/Documentos/IR2117/install/robot_trajectory/bin'
[19.287s] INFO:colcon.colcon_core.shell:Creating package script '/home/pablo/Documentos/IR2117/install/robot_trajectory/share/robot_trajectory/package.ps1'
[19.289s] INFO:colcon.colcon_core.shell:Creating package descriptor '/home/pablo/Documentos/IR2117/install/robot_trajectory/share/robot_trajectory/package.dsv'
[19.290s] INFO:colcon.colcon_core.shell:Creating package script '/home/pablo/Documentos/IR2117/install/robot_trajectory/share/robot_trajectory/package.sh'
[19.292s] INFO:colcon.colcon_core.shell:Creating package script '/home/pablo/Documentos/IR2117/install/robot_trajectory/share/robot_trajectory/package.bash'
[19.294s] INFO:colcon.colcon_core.shell:Creating package script '/home/pablo/Documentos/IR2117/install/robot_trajectory/share/robot_trajectory/package.zsh'
[19.295s] Level 1:colcon.colcon_core.environment:create_file_with_runtime_dependencies(/home/pablo/Documentos/IR2117/install/robot_trajectory/share/colcon-core/packages/robot_trajectory)
[19.354s] Level 1:colcon.colcon_core.environment:create_environment_scripts_only(robot_trajectory)
[19.359s] Level 1:colcon.colcon_core.environment:checking '/home/pablo/Documentos/IR2117/install/robot_trajectory' for CMake module files
[19.361s] Level 1:colcon.colcon_core.environment:checking '/home/pablo/Documentos/IR2117/install/robot_trajectory' for CMake config files
[19.361s] Level 1:colcon.colcon_core.shell:create_environment_hook('robot_trajectory', 'cmake_prefix_path')
[19.365s] INFO:colcon.colcon_core.shell:Creating environment hook '/home/pablo/Documentos/IR2117/install/robot_trajectory/share/robot_trajectory/hook/cmake_prefix_path.ps1'
[19.366s] INFO:colcon.colcon_core.shell:Creating environment descriptor '/home/pablo/Documentos/IR2117/install/robot_trajectory/share/robot_trajectory/hook/cmake_prefix_path.dsv'
[19.367s] INFO:colcon.colcon_core.shell:Creating environment hook '/home/pablo/Documentos/IR2117/install/robot_trajectory/share/robot_trajectory/hook/cmake_prefix_path.sh'
[19.368s] Level 1:colcon.colcon_core.environment:checking '/home/pablo/Documentos/IR2117/install/robot_trajectory/lib'
[19.369s] Level 1:colcon.colcon_core.environment:checking '/home/pablo/Documentos/IR2117/install/robot_trajectory/bin'
[19.369s] Level 1:colcon.colcon_core.environment:checking '/home/pablo/Documentos/IR2117/install/robot_trajectory/lib/pkgconfig/robot_trajectory.pc'
[19.369s] Level 1:colcon.colcon_core.environment:checking '/home/pablo/Documentos/IR2117/install/robot_trajectory/lib/python3.8/site-packages'
[19.370s] Level 1:colcon.colcon_core.environment:checking '/home/pablo/Documentos/IR2117/install/robot_trajectory/bin'
[19.374s] INFO:colcon.colcon_core.shell:Creating package script '/home/pablo/Documentos/IR2117/install/robot_trajectory/share/robot_trajectory/package.ps1'
[19.375s] INFO:colcon.colcon_core.shell:Creating package descriptor '/home/pablo/Documentos/IR2117/install/robot_trajectory/share/robot_trajectory/package.dsv'
[19.376s] INFO:colcon.colcon_core.shell:Creating package script '/home/pablo/Documentos/IR2117/install/robot_trajectory/share/robot_trajectory/package.sh'
[19.377s] INFO:colcon.colcon_core.shell:Creating package script '/home/pablo/Documentos/IR2117/install/robot_trajectory/share/robot_trajectory/package.bash'
[19.378s] INFO:colcon.colcon_core.shell:Creating package script '/home/pablo/Documentos/IR2117/install/robot_trajectory/share/robot_trajectory/package.zsh'
[19.379s] Level 1:colcon.colcon_core.environment:create_file_with_runtime_dependencies(/home/pablo/Documentos/IR2117/install/robot_trajectory/share/colcon-core/packages/robot_trajectory)
[21.448s] DEBUG:colcon.colcon_core.event_handler.log_command:Invoked command in '/home/pablo/Documentos/IR2117/build/examples_topics' returned '0': CMAKE_PREFIX_PATH=/opt/ros/foxy /usr/bin/cmake --build /home/pablo/Documentos/IR2117/build/examples_topics -- -j4 -l4
[21.496s] DEBUG:colcon.colcon_core.event_handler.log_command:Invoking command in '/home/pablo/Documentos/IR2117/build/examples_topics': CMAKE_PREFIX_PATH=/opt/ros/foxy /usr/bin/cmake --install /home/pablo/Documentos/IR2117/build/examples_topics
[21.526s] Level 1:colcon.colcon_core.environment:create_environment_scripts_only(examples_topics)
[21.531s] Level 1:colcon.colcon_core.environment:checking '/home/pablo/Documentos/IR2117/install/examples_topics' for CMake module files
[21.532s] DEBUG:colcon.colcon_core.event_handler.log_command:Invoked command in '/home/pablo/Documentos/IR2117/build/examples_topics' returned '0': CMAKE_PREFIX_PATH=/opt/ros/foxy /usr/bin/cmake --install /home/pablo/Documentos/IR2117/build/examples_topics
[21.533s] Level 1:colcon.colcon_core.environment:checking '/home/pablo/Documentos/IR2117/install/examples_topics' for CMake config files
[21.533s] Level 1:colcon.colcon_core.shell:create_environment_hook('examples_topics', 'cmake_prefix_path')
[21.536s] INFO:colcon.colcon_core.shell:Creating environment hook '/home/pablo/Documentos/IR2117/install/examples_topics/share/examples_topics/hook/cmake_prefix_path.ps1'
[21.537s] INFO:colcon.colcon_core.shell:Creating environment descriptor '/home/pablo/Documentos/IR2117/install/examples_topics/share/examples_topics/hook/cmake_prefix_path.dsv'
[21.538s] INFO:colcon.colcon_core.shell:Creating environment hook '/home/pablo/Documentos/IR2117/install/examples_topics/share/examples_topics/hook/cmake_prefix_path.sh'
[21.539s] Level 1:colcon.colcon_core.environment:checking '/home/pablo/Documentos/IR2117/install/examples_topics/lib'
[21.539s] Level 1:colcon.colcon_core.environment:checking '/home/pablo/Documentos/IR2117/install/examples_topics/bin'
[21.539s] Level 1:colcon.colcon_core.environment:checking '/home/pablo/Documentos/IR2117/install/examples_topics/lib/pkgconfig/examples_topics.pc'
[21.540s] Level 1:colcon.colcon_core.environment:checking '/home/pablo/Documentos/IR2117/install/examples_topics/lib/python3.8/site-packages'
[21.540s] Level 1:colcon.colcon_core.environment:checking '/home/pablo/Documentos/IR2117/install/examples_topics/bin'
[21.543s] INFO:colcon.colcon_core.shell:Creating package script '/home/pablo/Documentos/IR2117/install/examples_topics/share/examples_topics/package.ps1'
[21.544s] INFO:colcon.colcon_core.shell:Creating package descriptor '/home/pablo/Documentos/IR2117/install/examples_topics/share/examples_topics/package.dsv'
[21.544s] INFO:colcon.colcon_core.shell:Creating package script '/home/pablo/Documentos/IR2117/install/examples_topics/share/examples_topics/package.sh'
[21.545s] INFO:colcon.colcon_core.shell:Creating package script '/home/pablo/Documentos/IR2117/install/examples_topics/share/examples_topics/package.bash'
[21.546s] INFO:colcon.colcon_core.shell:Creating package script '/home/pablo/Documentos/IR2117/install/examples_topics/share/examples_topics/package.zsh'
[21.547s] Level 1:colcon.colcon_core.environment:create_file_with_runtime_dependencies(/home/pablo/Documentos/IR2117/install/examples_topics/share/colcon-core/packages/examples_topics)
[21.592s] Level 1:colcon.colcon_core.environment:create_environment_scripts_only(examples_topics)
[21.596s] Level 1:colcon.colcon_core.environment:checking '/home/pablo/Documentos/IR2117/install/examples_topics' for CMake module files
[21.597s] Level 1:colcon.colcon_core.environment:checking '/home/pablo/Documentos/IR2117/install/examples_topics' for CMake config files
[21.598s] Level 1:colcon.colcon_core.shell:create_environment_hook('examples_topics', 'cmake_prefix_path')
[21.601s] INFO:colcon.colcon_core.shell:Creating environment hook '/home/pablo/Documentos/IR2117/install/examples_topics/share/examples_topics/hook/cmake_prefix_path.ps1'
[21.602s] INFO:colcon.colcon_core.shell:Creating environment descriptor '/home/pablo/Documentos/IR2117/install/examples_topics/share/examples_topics/hook/cmake_prefix_path.dsv'
[21.602s] INFO:colcon.colcon_core.shell:Creating environment hook '/home/pablo/Documentos/IR2117/install/examples_topics/share/examples_topics/hook/cmake_prefix_path.sh'
[21.603s] Level 1:colcon.colcon_core.environment:checking '/home/pablo/Documentos/IR2117/install/examples_topics/lib'
[21.604s] Level 1:colcon.colcon_core.environment:checking '/home/pablo/Documentos/IR2117/install/examples_topics/bin'
[21.604s] Level 1:colcon.colcon_core.environment:checking '/home/pablo/Documentos/IR2117/install/examples_topics/lib/pkgconfig/examples_topics.pc'
[21.604s] Level 1:colcon.colcon_core.environment:checking '/home/pablo/Documentos/IR2117/install/examples_topics/lib/python3.8/site-packages'
[21.605s] Level 1:colcon.colcon_core.environment:checking '/home/pablo/Documentos/IR2117/install/examples_topics/bin'
[21.607s] INFO:colcon.colcon_core.shell:Creating package script '/home/pablo/Documentos/IR2117/install/examples_topics/share/examples_topics/package.ps1'
[21.608s] INFO:colcon.colcon_core.shell:Creating package descriptor '/home/pablo/Documentos/IR2117/install/examples_topics/share/examples_topics/package.dsv'
[21.609s] INFO:colcon.colcon_core.shell:Creating package script '/home/pablo/Documentos/IR2117/install/examples_topics/share/examples_topics/package.sh'
[21.610s] INFO:colcon.colcon_core.shell:Creating package script '/home/pablo/Documentos/IR2117/install/examples_topics/share/examples_topics/package.bash'
[21.611s] INFO:colcon.colcon_core.shell:Creating package script '/home/pablo/Documentos/IR2117/install/examples_topics/share/examples_topics/package.zsh'
[21.612s] Level 1:colcon.colcon_core.environment:create_file_with_runtime_dependencies(/home/pablo/Documentos/IR2117/install/examples_topics/share/colcon-core/packages/examples_topics)
[21.736s] DEBUG:colcon.colcon_core.event_handler.log_command:Invoked command in '/home/pablo/Documentos/IR2117/build/examples_sum' returned '0': CMAKE_PREFIX_PATH=/opt/ros/foxy /usr/bin/cmake --build /home/pablo/Documentos/IR2117/build/examples_sum -- -j4 -l4
[21.776s] DEBUG:colcon.colcon_core.event_handler.log_command:Invoking command in '/home/pablo/Documentos/IR2117/build/examples_sum': CMAKE_PREFIX_PATH=/opt/ros/foxy /usr/bin/cmake --install /home/pablo/Documentos/IR2117/build/examples_sum
[21.799s] Level 1:colcon.colcon_core.environment:create_environment_scripts_only(examples_sum)
[21.803s] Level 1:colcon.colcon_core.environment:checking '/home/pablo/Documentos/IR2117/install/examples_sum' for CMake module files
[21.804s] DEBUG:colcon.colcon_core.event_handler.log_command:Invoked command in '/home/pablo/Documentos/IR2117/build/examples_sum' returned '0': CMAKE_PREFIX_PATH=/opt/ros/foxy /usr/bin/cmake --install /home/pablo/Documentos/IR2117/build/examples_sum
[21.805s] Level 1:colcon.colcon_core.environment:checking '/home/pablo/Documentos/IR2117/install/examples_sum' for CMake config files
[21.805s] Level 1:colcon.colcon_core.shell:create_environment_hook('examples_sum', 'cmake_prefix_path')
[21.808s] INFO:colcon.colcon_core.shell:Creating environment hook '/home/pablo/Documentos/IR2117/install/examples_sum/share/examples_sum/hook/cmake_prefix_path.ps1'
[21.808s] INFO:colcon.colcon_core.shell:Creating environment descriptor '/home/pablo/Documentos/IR2117/install/examples_sum/share/examples_sum/hook/cmake_prefix_path.dsv'
[21.809s] INFO:colcon.colcon_core.shell:Creating environment hook '/home/pablo/Documentos/IR2117/install/examples_sum/share/examples_sum/hook/cmake_prefix_path.sh'
[21.810s] Level 1:colcon.colcon_core.environment:checking '/home/pablo/Documentos/IR2117/install/examples_sum/lib'
[21.810s] Level 1:colcon.colcon_core.environment:checking '/home/pablo/Documentos/IR2117/install/examples_sum/bin'
[21.810s] Level 1:colcon.colcon_core.environment:checking '/home/pablo/Documentos/IR2117/install/examples_sum/lib/pkgconfig/examples_sum.pc'
[21.810s] Level 1:colcon.colcon_core.environment:checking '/home/pablo/Documentos/IR2117/install/examples_sum/lib/python3.8/site-packages'
[21.811s] Level 1:colcon.colcon_core.environment:checking '/home/pablo/Documentos/IR2117/install/examples_sum/bin'
[21.812s] INFO:colcon.colcon_core.shell:Creating package script '/home/pablo/Documentos/IR2117/install/examples_sum/share/examples_sum/package.ps1'
[21.813s] INFO:colcon.colcon_core.shell:Creating package descriptor '/home/pablo/Documentos/IR2117/install/examples_sum/share/examples_sum/package.dsv'
[21.814s] INFO:colcon.colcon_core.shell:Creating package script '/home/pablo/Documentos/IR2117/install/examples_sum/share/examples_sum/package.sh'
[21.814s] INFO:colcon.colcon_core.shell:Creating package script '/home/pablo/Documentos/IR2117/install/examples_sum/share/examples_sum/package.bash'
[21.815s] INFO:colcon.colcon_core.shell:Creating package script '/home/pablo/Documentos/IR2117/install/examples_sum/share/examples_sum/package.zsh'
[21.815s] Level 1:colcon.colcon_core.environment:create_file_with_runtime_dependencies(/home/pablo/Documentos/IR2117/install/examples_sum/share/colcon-core/packages/examples_sum)
[21.855s] Level 1:colcon.colcon_core.environment:create_environment_scripts_only(examples_sum)
[21.858s] Level 1:colcon.colcon_core.environment:checking '/home/pablo/Documentos/IR2117/install/examples_sum' for CMake module files
[21.859s] Level 1:colcon.colcon_core.environment:checking '/home/pablo/Documentos/IR2117/install/examples_sum' for CMake config files
[21.859s] Level 1:colcon.colcon_core.shell:create_environment_hook('examples_sum', 'cmake_prefix_path')
[21.861s] INFO:colcon.colcon_core.shell:Creating environment hook '/home/pablo/Documentos/IR2117/install/examples_sum/share/examples_sum/hook/cmake_prefix_path.ps1'
[21.862s] INFO:colcon.colcon_core.shell:Creating environment descriptor '/home/pablo/Documentos/IR2117/install/examples_sum/share/examples_sum/hook/cmake_prefix_path.dsv'
[21.862s] INFO:colcon.colcon_core.shell:Creating environment hook '/home/pablo/Documentos/IR2117/install/examples_sum/share/examples_sum/hook/cmake_prefix_path.sh'
[21.863s] Level 1:colcon.colcon_core.environment:checking '/home/pablo/Documentos/IR2117/install/examples_sum/lib'
[21.863s] Level 1:colcon.colcon_core.environment:checking '/home/pablo/Documentos/IR2117/install/examples_sum/bin'
[21.863s] Level 1:colcon.colcon_core.environment:checking '/home/pablo/Documentos/IR2117/install/examples_sum/lib/pkgconfig/examples_sum.pc'
[21.864s] Level 1:colcon.colcon_core.environment:checking '/home/pablo/Documentos/IR2117/install/examples_sum/lib/python3.8/site-packages'
[21.864s] Level 1:colcon.colcon_core.environment:checking '/home/pablo/Documentos/IR2117/install/examples_sum/bin'
[21.866s] INFO:colcon.colcon_core.shell:Creating package script '/home/pablo/Documentos/IR2117/install/examples_sum/share/examples_sum/package.ps1'
[21.867s] INFO:colcon.colcon_core.shell:Creating package descriptor '/home/pablo/Documentos/IR2117/install/examples_sum/share/examples_sum/package.dsv'
[21.867s] INFO:colcon.colcon_core.shell:Creating package script '/home/pablo/Documentos/IR2117/install/examples_sum/share/examples_sum/package.sh'
[21.868s] INFO:colcon.colcon_core.shell:Creating package script '/home/pablo/Documentos/IR2117/install/examples_sum/share/examples_sum/package.bash'
[21.869s] INFO:colcon.colcon_core.shell:Creating package script '/home/pablo/Documentos/IR2117/install/examples_sum/share/examples_sum/package.zsh'
[21.869s] Level 1:colcon.colcon_core.environment:create_file_with_runtime_dependencies(/home/pablo/Documentos/IR2117/install/examples_sum/share/colcon-core/packages/examples_sum)
[21.870s] DEBUG:colcon.colcon_parallel_executor.executor.parallel:closing loop
[21.870s] DEBUG:colcon.colcon_parallel_executor.executor.parallel:loop closed
[21.871s] DEBUG:colcon.colcon_parallel_executor.executor.parallel:run_until_complete finished with '0'
[21.871s] DEBUG:colcon.colcon_core.event_reactor:joining thread
[21.882s] INFO:colcon.colcon_core.plugin_system:Skipping extension 'colcon_notification.desktop_notification.terminal_notifier': Not used on non-Darwin systems
[21.883s] INFO:colcon.colcon_core.plugin_system:Skipping extension 'colcon_notification.desktop_notification.win32': Not used on non-Windows systems
[21.883s] INFO:colcon.colcon_notification.desktop_notification:Sending desktop notification using 'notify2'
[21.904s] DEBUG:colcon.colcon_core.event_reactor:joined thread
[21.906s] INFO:colcon.colcon_core.shell:Creating prefix script '/home/pablo/Documentos/IR2117/install/local_setup.ps1'
[21.907s] INFO:colcon.colcon_core.shell:Creating prefix util module '/home/pablo/Documentos/IR2117/install/_local_setup_util_ps1.py'
[21.909s] INFO:colcon.colcon_core.shell:Creating prefix chain script '/home/pablo/Documentos/IR2117/install/setup.ps1'
[21.911s] INFO:colcon.colcon_core.shell:Creating prefix script '/home/pablo/Documentos/IR2117/install/local_setup.sh'
[21.912s] INFO:colcon.colcon_core.shell:Creating prefix util module '/home/pablo/Documentos/IR2117/install/_local_setup_util_sh.py'
[21.913s] INFO:colcon.colcon_core.shell:Creating prefix chain script '/home/pablo/Documentos/IR2117/install/setup.sh'
[21.915s] INFO:colcon.colcon_core.shell:Creating prefix script '/home/pablo/Documentos/IR2117/install/local_setup.bash'
[21.916s] INFO:colcon.colcon_core.shell:Creating prefix chain script '/home/pablo/Documentos/IR2117/install/setup.bash'
[21.917s] INFO:colcon.colcon_core.shell:Creating prefix script '/home/pablo/Documentos/IR2117/install/local_setup.zsh'
[21.918s] INFO:colcon.colcon_core.shell:Creating prefix chain script '/home/pablo/Documentos/IR2117/install/setup.zsh'
