[0.170s] Invoking command in '/home/usuario/Documentos/GitHub/IR2117/tb3_ws/build/obstacles': CMAKE_PREFIX_PATH=/opt/ros/foxy /usr/bin/cmake --build /home/usuario/Documentos/GitHub/IR2117/tb3_ws/build/obstacles -- -j4 -l4
[1.425s] -- Found ament_cmake: 0.9.11 (/opt/ros/foxy/share/ament_cmake/cmake)
[1.514s] -- Using PYTHON_EXECUTABLE: /usr/bin/python3
[2.019s] -- Found rclcpp: 2.4.2 (/opt/ros/foxy/share/rclcpp/cmake)
[2.359s] -- Using all available rosidl_typesupport_c: rosidl_typesupport_fastrtps_c;rosidl_typesupport_introspection_c
[2.394s] -- Found rosidl_adapter: 1.3.0 (/opt/ros/foxy/share/rosidl_adapter/cmake)
[2.922s] -- Using all available rosidl_typesupport_cpp: rosidl_typesupport_fastrtps_cpp;rosidl_typesupport_introspection_cpp
[3.228s] -- Found rmw_implementation_cmake: 1.0.3 (/opt/ros/foxy/share/rmw_implementation_cmake/cmake)
[3.253s] -- Using RMW implementation 'rmw_fastrtps_cpp' as default
[3.717s] -- Found sensor_msgs: 2.0.5 (/opt/ros/foxy/share/sensor_msgs/cmake)
[3.926s] -- Found example_interfaces: 0.9.1 (/opt/ros/foxy/share/example_interfaces/cmake)
[4.142s] -- Found ament_lint_auto: 0.9.7 (/opt/ros/foxy/share/ament_lint_auto/cmake)
[4.463s] -- Added test 'copyright' to check source files copyright and LICENSE
[4.507s] -- Added test 'cppcheck' to perform static code analysis on C / C++ code
[4.507s] -- Configured cppcheck include dirs: 
[4.507s] -- Configured cppcheck exclude dirs and/or files: 
[4.535s] -- Added test 'cpplint' to check C / C++ code against the Google style
[4.536s] -- Configured cpplint exclude dirs and/or files: 
[4.540s] -- Added test 'flake8' to check Python code syntax and style conventions
[4.548s] -- Added test 'lint_cmake' to check CMake code style
[4.552s] -- Added test 'pep257' to check Python code against some of the style conventions in PEP 257
[4.580s] -- Added test 'uncrustify' to check C / C++ code style
[4.581s] -- Configured uncrustify additional arguments: 
[4.584s] -- Added test 'xmllint' to check XML markup files
[4.590s] -- Configuring done
[4.841s] -- Generating done
[4.850s] -- Build files have been written to: /home/usuario/Documentos/GitHub/IR2117/tb3_ws/build/obstacles
[4.935s] [35m[1mScanning dependencies of target avoidance[0m
[4.960s] [35m[1mScanning dependencies of target detector[0m
[5.030s] [ 25%] [32mBuilding CXX object CMakeFiles/avoidance.dir/src/avoidance.cpp.o[0m
[5.038s] [ 50%] [32mBuilding CXX object CMakeFiles/detector.dir/src/detector.cpp.o[0m
[9.714s] [01m[K/home/usuario/Documentos/GitHub/IR2117/tb3_ws/src/obstacles/src/avoidance.cpp:[m[K In function ‘[01m[Kvoid callback_front(example_interfaces::msg::Bool_<std::allocator<void> >::SharedPtr)[m[K’:
[9.715s] [01m[K/home/usuario/Documentos/GitHub/IR2117/tb3_ws/src/obstacles/src/avoidance.cpp:9:68:[m[K [01;35m[Kwarning: [m[Kunused parameter ‘[01m[Kmsg[m[K’ [[01;35m[K-Wunused-parameter[m[K]
[9.715s]     9 | void callback_front([01;35m[Kconst example_interfaces::msg::Bool::SharedPtr msg[m[K) {
[9.715s]       |                     [01;35m[K~~~~~~~~~~~~~~~~~~~~~~~~~~~~~~~~~~~~~~~~~~~~~~~^~~[m[K
[9.715s] [01m[K/home/usuario/Documentos/GitHub/IR2117/tb3_ws/src/obstacles/src/avoidance.cpp:[m[K In function ‘[01m[Kvoid callback_left(example_interfaces::msg::Bool_<std::allocator<void> >::SharedPtr)[m[K’:
[9.715s] [01m[K/home/usuario/Documentos/GitHub/IR2117/tb3_ws/src/obstacles/src/avoidance.cpp:12:67:[m[K [01;35m[Kwarning: [m[Kunused parameter ‘[01m[Kmsg[m[K’ [[01;35m[K-Wunused-parameter[m[K]
[9.716s]    12 | void callback_left([01;35m[Kconst example_interfaces::msg::Bool::SharedPtr msg[m[K) {
[9.716s]       |                    [01;35m[K~~~~~~~~~~~~~~~~~~~~~~~~~~~~~~~~~~~~~~~~~~~~~~~^~~[m[K
[9.716s] [01m[K/home/usuario/Documentos/GitHub/IR2117/tb3_ws/src/obstacles/src/avoidance.cpp:[m[K In function ‘[01m[Kvoid callback_right(example_interfaces::msg::Bool_<std::allocator<void> >::SharedPtr)[m[K’:
[9.716s] [01m[K/home/usuario/Documentos/GitHub/IR2117/tb3_ws/src/obstacles/src/avoidance.cpp:15:68:[m[K [01;35m[Kwarning: [m[Kunused parameter ‘[01m[Kmsg[m[K’ [[01;35m[K-Wunused-parameter[m[K]
[9.716s]    15 | void callback_right([01;35m[Kconst example_interfaces::msg::Bool::SharedPtr msg[m[K) {
[9.717s]       |                     [01;35m[K~~~~~~~~~~~~~~~~~~~~~~~~~~~~~~~~~~~~~~~~~~~~~~~^~~[m[K
[16.037s] [ 75%] [32m[1mLinking CXX executable avoidance[0m
[16.044s] [100%] [32m[1mLinking CXX executable detector[0m
[17.839s] [100%] Built target avoidance
[17.844s] [100%] Built target detector
[17.861s] Invoked command in '/home/usuario/Documentos/GitHub/IR2117/tb3_ws/build/obstacles' returned '0': CMAKE_PREFIX_PATH=/opt/ros/foxy /usr/bin/cmake --build /home/usuario/Documentos/GitHub/IR2117/tb3_ws/build/obstacles -- -j4 -l4
[17.906s] Invoking command in '/home/usuario/Documentos/GitHub/IR2117/tb3_ws/build/obstacles': CMAKE_PREFIX_PATH=/opt/ros/foxy /usr/bin/cmake --install /home/usuario/Documentos/GitHub/IR2117/tb3_ws/build/obstacles
[17.919s] -- Install configuration: ""
[17.919s] -- Installing: /home/usuario/Documentos/GitHub/IR2117/tb3_ws/install/obstacles/lib/obstacles/detector
[17.924s] -- Set runtime path of "/home/usuario/Documentos/GitHub/IR2117/tb3_ws/install/obstacles/lib/obstacles/detector" to ""
[17.924s] -- Installing: /home/usuario/Documentos/GitHub/IR2117/tb3_ws/install/obstacles/lib/obstacles/avoidance
[17.928s] -- Set runtime path of "/home/usuario/Documentos/GitHub/IR2117/tb3_ws/install/obstacles/lib/obstacles/avoidance" to ""
[17.928s] -- Up-to-date: /home/usuario/Documentos/GitHub/IR2117/tb3_ws/install/obstacles/share/obstacles/launch
[17.929s] -- Up-to-date: /home/usuario/Documentos/GitHub/IR2117/tb3_ws/install/obstacles/share/obstacles/launch/install
[17.929s] -- Up-to-date: /home/usuario/Documentos/GitHub/IR2117/tb3_ws/install/obstacles/share/obstacles/launch/install/COLCON_IGNORE
[17.929s] -- Up-to-date: /home/usuario/Documentos/GitHub/IR2117/tb3_ws/install/obstacles/share/obstacles/launch/install/.colcon_install_layout
[17.929s] -- Up-to-date: /home/usuario/Documentos/GitHub/IR2117/tb3_ws/install/obstacles/share/obstacles/launch/install/local_setup.sh
[17.930s] -- Up-to-date: /home/usuario/Documentos/GitHub/IR2117/tb3_ws/install/obstacles/share/obstacles/launch/install/local_setup.zsh
[17.930s] -- Up-to-date: /home/usuario/Documentos/GitHub/IR2117/tb3_ws/install/obstacles/share/obstacles/launch/install/setup.ps1
[17.930s] -- Up-to-date: /home/usuario/Documentos/GitHub/IR2117/tb3_ws/install/obstacles/share/obstacles/launch/install/_local_setup_util_ps1.py
[17.930s] -- Up-to-date: /home/usuario/Documentos/GitHub/IR2117/tb3_ws/install/obstacles/share/obstacles/launch/install/local_setup.ps1
[17.930s] -- Up-to-date: /home/usuario/Documentos/GitHub/IR2117/tb3_ws/install/obstacles/share/obstacles/launch/install/setup.sh
[17.931s] -- Up-to-date: /home/usuario/Documentos/GitHub/IR2117/tb3_ws/install/obstacles/share/obstacles/launch/install/setup.zsh
[17.931s] -- Up-to-date: /home/usuario/Documentos/GitHub/IR2117/tb3_ws/install/obstacles/share/obstacles/launch/install/setup.bash
[17.931s] -- Up-to-date: /home/usuario/Documentos/GitHub/IR2117/tb3_ws/install/obstacles/share/obstacles/launch/install/_local_setup_util_sh.py
[17.931s] -- Up-to-date: /home/usuario/Documentos/GitHub/IR2117/tb3_ws/install/obstacles/share/obstacles/launch/install/local_setup.bash
[17.931s] -- Up-to-date: /home/usuario/Documentos/GitHub/IR2117/tb3_ws/install/obstacles/share/obstacles/launch/triple_detector.launch.py
[17.931s] -- Up-to-date: /home/usuario/Documentos/GitHub/IR2117/tb3_ws/install/obstacles/share/obstacles/launch/detector_test.launch.py
[17.932s] -- Up-to-date: /home/usuario/Documentos/GitHub/IR2117/tb3_ws/install/obstacles/share/obstacles/launch/build
[17.932s] -- Up-to-date: /home/usuario/Documentos/GitHub/IR2117/tb3_ws/install/obstacles/share/obstacles/launch/build/COLCON_IGNORE
[17.932s] -- Up-to-date: /home/usuario/Documentos/GitHub/IR2117/tb3_ws/install/obstacles/share/obstacles/launch/build/.built_by
[17.932s] -- Up-to-date: /home/usuario/Documentos/GitHub/IR2117/tb3_ws/install/obstacles/share/obstacles/launch/log
[17.933s] -- Up-to-date: /home/usuario/Documentos/GitHub/IR2117/tb3_ws/install/obstacles/share/obstacles/launch/log/COLCON_IGNORE
[17.933s] -- Up-to-date: /home/usuario/Documentos/GitHub/IR2117/tb3_ws/install/obstacles/share/obstacles/launch/log/build_2023-03-30_12-40-14
[17.933s] -- Up-to-date: /home/usuario/Documentos/GitHub/IR2117/tb3_ws/install/obstacles/share/obstacles/launch/log/build_2023-03-30_12-40-14/events.log
[17.933s] -- Up-to-date: /home/usuario/Documentos/GitHub/IR2117/tb3_ws/install/obstacles/share/obstacles/launch/log/build_2023-03-30_12-40-14/logger_all.log
[17.933s] -- Up-to-date: /home/usuario/Documentos/GitHub/IR2117/tb3_ws/install/obstacles/share/obstacles/launch/log/latest_build
[17.933s] -- Up-to-date: /home/usuario/Documentos/GitHub/IR2117/tb3_ws/install/obstacles/share/obstacles/launch/log/latest
[17.934s] -- Up-to-date: /home/usuario/Documentos/GitHub/IR2117/tb3_ws/install/obstacles/share/ament_index/resource_index/package_run_dependencies/obstacles
[17.934s] -- Installing: /home/usuario/Documentos/GitHub/IR2117/tb3_ws/install/obstacles/share/ament_index/resource_index/parent_prefix_path/obstacles
[17.934s] -- Up-to-date: /home/usuario/Documentos/GitHub/IR2117/tb3_ws/install/obstacles/share/obstacles/environment/ament_prefix_path.sh
[17.934s] -- Installing: /home/usuario/Documentos/GitHub/IR2117/tb3_ws/install/obstacles/share/obstacles/environment/ament_prefix_path.dsv
[17.935s] -- Up-to-date: /home/usuario/Documentos/GitHub/IR2117/tb3_ws/install/obstacles/share/obstacles/environment/path.sh
[17.935s] -- Installing: /home/usuario/Documentos/GitHub/IR2117/tb3_ws/install/obstacles/share/obstacles/environment/path.dsv
[17.935s] -- Up-to-date: /home/usuario/Documentos/GitHub/IR2117/tb3_ws/install/obstacles/share/obstacles/local_setup.bash
[17.943s] -- Up-to-date: /home/usuario/Documentos/GitHub/IR2117/tb3_ws/install/obstacles/share/obstacles/local_setup.sh
[17.943s] -- Up-to-date: /home/usuario/Documentos/GitHub/IR2117/tb3_ws/install/obstacles/share/obstacles/local_setup.zsh
[17.943s] -- Installing: /home/usuario/Documentos/GitHub/IR2117/tb3_ws/install/obstacles/share/obstacles/local_setup.dsv
[17.943s] -- Installing: /home/usuario/Documentos/GitHub/IR2117/tb3_ws/install/obstacles/share/obstacles/package.dsv
[17.944s] -- Up-to-date: /home/usuario/Documentos/GitHub/IR2117/tb3_ws/install/obstacles/share/ament_index/resource_index/packages/obstacles
[17.944s] -- Up-to-date: /home/usuario/Documentos/GitHub/IR2117/tb3_ws/install/obstacles/share/obstacles/cmake/obstaclesConfig.cmake
[17.944s] -- Up-to-date: /home/usuario/Documentos/GitHub/IR2117/tb3_ws/install/obstacles/share/obstacles/cmake/obstaclesConfig-version.cmake
[17.944s] -- Up-to-date: /home/usuario/Documentos/GitHub/IR2117/tb3_ws/install/obstacles/share/obstacles/package.xml
[17.945s] Invoked command in '/home/usuario/Documentos/GitHub/IR2117/tb3_ws/build/obstacles' returned '0': CMAKE_PREFIX_PATH=/opt/ros/foxy /usr/bin/cmake --install /home/usuario/Documentos/GitHub/IR2117/tb3_ws/build/obstacles
