[0.081s] Invoking command in '/home/usuario/Documentos/GitHub/IR2117/tb3_ws/src/build/obstacles': CMAKE_PREFIX_PATH=/opt/ros/foxy /usr/bin/cmake /home/usuario/Documentos/GitHub/IR2117/tb3_ws/src/obstacles -DCMAKE_INSTALL_PREFIX=/home/usuario/Documentos/GitHub/IR2117/tb3_ws/src/install/obstacles
[0.248s] -- Found ament_cmake: 0.9.11 (/opt/ros/foxy/share/ament_cmake/cmake)
[0.389s] -- Using PYTHON_EXECUTABLE: /usr/bin/python3
[0.871s] -- Found rclcpp: 2.4.2 (/opt/ros/foxy/share/rclcpp/cmake)
[1.207s] -- Using all available rosidl_typesupport_c: rosidl_typesupport_fastrtps_c;rosidl_typesupport_introspection_c
[1.299s] -- Found rosidl_adapter: 1.3.0 (/opt/ros/foxy/share/rosidl_adapter/cmake)
[1.729s] -- Using all available rosidl_typesupport_cpp: rosidl_typesupport_fastrtps_cpp;rosidl_typesupport_introspection_cpp
[1.979s] -- Found rmw_implementation_cmake: 1.0.3 (/opt/ros/foxy/share/rmw_implementation_cmake/cmake)
[1.984s] -- Using RMW implementation 'rmw_fastrtps_cpp' as default
[2.624s] -- Found sensor_msgs: 2.0.5 (/opt/ros/foxy/share/sensor_msgs/cmake)
[2.923s] -- Found example_interfaces: 0.9.1 (/opt/ros/foxy/share/example_interfaces/cmake)
[3.261s] -- Found ament_lint_auto: 0.9.7 (/opt/ros/foxy/share/ament_lint_auto/cmake)
[3.596s] -- Added test 'copyright' to check source files copyright and LICENSE
[3.620s] -- Added test 'cppcheck' to perform static code analysis on C / C++ code
[3.620s] -- Configured cppcheck include dirs: 
[3.621s] -- Configured cppcheck exclude dirs and/or files: 
[3.623s] -- Added test 'cpplint' to check C / C++ code against the Google style
[3.623s] -- Configured cpplint exclude dirs and/or files: 
[3.625s] -- Added test 'flake8' to check Python code syntax and style conventions
[3.626s] -- Added test 'lint_cmake' to check CMake code style
[3.628s] -- Added test 'pep257' to check Python code against some of the style conventions in PEP 257
[3.630s] -- Added test 'uncrustify' to check C / C++ code style
[3.630s] -- Configured uncrustify additional arguments: 
[3.631s] -- Added test 'xmllint' to check XML markup files
[3.638s] -- Configuring done
[3.685s] -- Generating done
[3.688s] -- Build files have been written to: /home/usuario/Documentos/GitHub/IR2117/tb3_ws/src/build/obstacles
