[0.024s] Invoking command in '/home/usuario/Documentos/GitHub/IR2117/tb3_ws/src/build/obstacles': CMAKE_PREFIX_PATH=/opt/ros/foxy /usr/bin/cmake --build /home/usuario/Documentos/GitHub/IR2117/tb3_ws/src/build/obstacles -- -j6 -l6
[0.084s] -- Found ament_cmake: 0.9.11 (/opt/ros/foxy/share/ament_cmake/cmake)
[0.109s] -- Using PYTHON_EXECUTABLE: /usr/bin/python3
[0.293s] -- Found rclcpp: 2.4.2 (/opt/ros/foxy/share/rclcpp/cmake)
[0.334s] -- Using all available rosidl_typesupport_c: rosidl_typesupport_fastrtps_c;rosidl_typesupport_introspection_c
[0.338s] -- Found rosidl_adapter: 1.3.0 (/opt/ros/foxy/share/rosidl_adapter/cmake)
[0.452s] -- Using all available rosidl_typesupport_cpp: rosidl_typesupport_fastrtps_cpp;rosidl_typesupport_introspection_cpp
[0.501s] -- Found rmw_implementation_cmake: 1.0.3 (/opt/ros/foxy/share/rmw_implementation_cmake/cmake)
[0.503s] -- Using RMW implementation 'rmw_fastrtps_cpp' as default
[0.622s] -- Found sensor_msgs: 2.0.5 (/opt/ros/foxy/share/sensor_msgs/cmake)
[0.719s] CMake Error at CMakeLists.txt:22 (find_package):
[0.719s]   By not providing "Findexample_interfaces.cmake" in CMAKE_MODULE_PATH this
[0.719s]   project has asked CMake to find a package configuration file provided by
[0.719s]   "example_interfaces", but CMake did not find one.
[0.719s] 
[0.719s]   Could not find a package configuration file provided by
[0.719s]   "example_interfaces" with any of the following names:
[0.719s] 
[0.719s]     example_interfacesConfig.cmake
[0.719s]     example_interfaces-config.cmake
[0.719s] 
[0.720s]   Add the installation prefix of "example_interfaces" to CMAKE_PREFIX_PATH or
[0.720s]   set "example_interfaces_DIR" to a directory containing one of the above
[0.720s]   files.  If "example_interfaces" provides a separate development package or
[0.720s]   SDK, be sure it has been installed.
[0.720s] 
[0.720s] 
[0.720s] -- Configuring incomplete, errors occurred!
[0.720s] See also "/home/usuario/Documentos/GitHub/IR2117/tb3_ws/src/build/obstacles/CMakeFiles/CMakeOutput.log".
[0.720s] See also "/home/usuario/Documentos/GitHub/IR2117/tb3_ws/src/build/obstacles/CMakeFiles/CMakeError.log".
[0.729s] make: *** [Makefile:266: cmake_check_build_system] Error 1
