[35m[1mScanning dependencies of target detector[0m
[ 50%] [32mBuilding CXX object CMakeFiles/detector.dir/src/detector.cpp.o[0m
[01m[K/home/usuario/Documentos/GitHub/IR2117/tb3_ws/src/obstacles/src/detector.cpp:[m[K In function ‘[01m[Kvoid callback(sensor_msgs::msg::LaserScan_<std::allocator<void> >::SharedPtr)[m[K’:
[01m[K/home/usuario/Documentos/GitHub/IR2117/tb3_ws/src/obstacles/src/detector.cpp:18:7:[m[K [01;35m[Kwarning: [m[Kthis ‘[01m[Kif[m[K’ clause does not guard... [[01;35m[K-Wmisleading-indentation[m[K]
   18 |       [01;35m[Kif[m[K (range <= obs_threshold)
      |       [01;35m[K^~[m[K
[01m[K/home/usuario/Documentos/GitHub/IR2117/tb3_ws/src/obstacles/src/detector.cpp:20:9:[m[K [01;36m[Knote: [m[K...this statement, but the latter is misleadingly indented as if it were guarded by the ‘[01m[Kif[m[K’
   20 |         [01;36m[Kbreak[m[K;
      |         [01;36m[K^~~~~[m[K
[100%] [32m[1mLinking CXX executable detector[0m
[100%] Built target detector
-- Install configuration: ""
-- Installing: /home/usuario/Documentos/GitHub/IR2117/tb3_ws/src/obstacles/install/obstacles/lib/obstacles/detector
-- Set runtime path of "/home/usuario/Documentos/GitHub/IR2117/tb3_ws/src/obstacles/install/obstacles/lib/obstacles/detector" to ""
-- Up-to-date: /home/usuario/Documentos/GitHub/IR2117/tb3_ws/src/obstacles/install/obstacles/share/obstacles/launch
-- Up-to-date: /home/usuario/Documentos/GitHub/IR2117/tb3_ws/src/obstacles/install/obstacles/share/obstacles/launch/detector_test.launch.py
-- Up-to-date: /home/usuario/Documentos/GitHub/IR2117/tb3_ws/src/obstacles/install/obstacles/share/ament_index/resource_index/package_run_dependencies/obstacles
-- Up-to-date: /home/usuario/Documentos/GitHub/IR2117/tb3_ws/src/obstacles/install/obstacles/share/ament_index/resource_index/parent_prefix_path/obstacles
-- Up-to-date: /home/usuario/Documentos/GitHub/IR2117/tb3_ws/src/obstacles/install/obstacles/share/obstacles/environment/ament_prefix_path.sh
-- Up-to-date: /home/usuario/Documentos/GitHub/IR2117/tb3_ws/src/obstacles/install/obstacles/share/obstacles/environment/ament_prefix_path.dsv
-- Up-to-date: /home/usuario/Documentos/GitHub/IR2117/tb3_ws/src/obstacles/install/obstacles/share/obstacles/environment/path.sh
-- Up-to-date: /home/usuario/Documentos/GitHub/IR2117/tb3_ws/src/obstacles/install/obstacles/share/obstacles/environment/path.dsv
-- Up-to-date: /home/usuario/Documentos/GitHub/IR2117/tb3_ws/src/obstacles/install/obstacles/share/obstacles/local_setup.bash
-- Up-to-date: /home/usuario/Documentos/GitHub/IR2117/tb3_ws/src/obstacles/install/obstacles/share/obstacles/local_setup.sh
-- Up-to-date: /home/usuario/Documentos/GitHub/IR2117/tb3_ws/src/obstacles/install/obstacles/share/obstacles/local_setup.zsh
-- Up-to-date: /home/usuario/Documentos/GitHub/IR2117/tb3_ws/src/obstacles/install/obstacles/share/obstacles/local_setup.dsv
-- Installing: /home/usuario/Documentos/GitHub/IR2117/tb3_ws/src/obstacles/install/obstacles/share/obstacles/package.dsv
-- Up-to-date: /home/usuario/Documentos/GitHub/IR2117/tb3_ws/src/obstacles/install/obstacles/share/ament_index/resource_index/packages/obstacles
-- Up-to-date: /home/usuario/Documentos/GitHub/IR2117/tb3_ws/src/obstacles/install/obstacles/share/obstacles/cmake/obstaclesConfig.cmake
-- Up-to-date: /home/usuario/Documentos/GitHub/IR2117/tb3_ws/src/obstacles/install/obstacles/share/obstacles/cmake/obstaclesConfig-version.cmake
-- Up-to-date: /home/usuario/Documentos/GitHub/IR2117/tb3_ws/src/obstacles/install/obstacles/share/obstacles/package.xml
