[0.171s] DEBUG:colcon:Command line arguments: ['/usr/bin/colcon', 'build']
[0.171s] DEBUG:colcon:Parsed command line arguments: Namespace(allow_overriding=[], ament_cmake_args=None, base_paths=['.'], build_base='build', catkin_cmake_args=None, catkin_skip_building_tests=False, cmake_args=None, cmake_clean_cache=False, cmake_clean_first=False, cmake_force_configure=False, cmake_target=None, cmake_target_skip_unavailable=False, continue_on_error=False, event_handlers=None, executor='parallel', ignore_user_meta=False, install_base='install', log_base=None, log_level=None, main=<bound method BuildVerb.main of <colcon_core.verb.build.BuildVerb object at 0x7f148f334370>>, merge_install=False, metas=['./colcon.meta'], packages_above=None, packages_above_and_dependencies=None, packages_above_depth=None, packages_end=None, packages_ignore=None, packages_ignore_regex=None, packages_select=None, packages_select_build_failed=False, packages_select_by_dep=None, packages_select_regex=None, packages_select_test_failures=False, packages_skip=None, packages_skip_build_finished=False, packages_skip_by_dep=None, packages_skip_regex=None, packages_skip_test_passed=False, packages_skip_up_to=None, packages_start=None, packages_up_to=None, packages_up_to_regex=None, parallel_workers=6, paths=None, symlink_install=False, test_result_base=None, verb_extension=<colcon_core.verb.build.BuildVerb object at 0x7f148f334370>, verb_name='build', verb_parser=<colcon_defaults.argument_parser.defaults.DefaultArgumentsDecorator object at 0x7f148f3348b0>)
[0.192s] Level 1:colcon.colcon_core.package_discovery:discover_packages(colcon_meta) check parameters
[0.192s] Level 1:colcon.colcon_core.package_discovery:discover_packages(recursive) check parameters
[0.192s] Level 1:colcon.colcon_core.package_discovery:discover_packages(ignore) check parameters
[0.192s] Level 1:colcon.colcon_core.package_discovery:discover_packages(path) check parameters
[0.192s] Level 1:colcon.colcon_core.package_discovery:discover_packages(colcon_meta) discover
[0.192s] Level 1:colcon.colcon_core.package_discovery:discover_packages(recursive) discover
[0.192s] INFO:colcon.colcon_core.package_discovery:Crawling recursively for packages in '/home/usuario/Escritorio/GitHub/IR2117/ros2_ws'
[0.192s] Level 1:colcon.colcon_core.package_identification:_identify(.) by extensions ['ignore', 'ignore_ament_install']
[0.192s] Level 1:colcon.colcon_core.package_identification:_identify(.) by extension 'ignore'
[0.192s] Level 1:colcon.colcon_core.package_identification:_identify(.) by extension 'ignore_ament_install'
[0.192s] Level 1:colcon.colcon_core.package_identification:_identify(.) by extensions ['colcon_pkg']
[0.192s] Level 1:colcon.colcon_core.package_identification:_identify(.) by extension 'colcon_pkg'
[0.192s] Level 1:colcon.colcon_core.package_identification:_identify(.) by extensions ['colcon_meta']
[0.192s] Level 1:colcon.colcon_core.package_identification:_identify(.) by extension 'colcon_meta'
[0.192s] Level 1:colcon.colcon_core.package_identification:_identify(.) by extensions ['ros']
[0.192s] Level 1:colcon.colcon_core.package_identification:_identify(.) by extension 'ros'
[0.208s] Level 1:colcon.colcon_core.package_identification:_identify(.) by extensions ['cmake', 'python']
[0.208s] Level 1:colcon.colcon_core.package_identification:_identify(.) by extension 'cmake'
[0.208s] Level 1:colcon.colcon_core.package_identification:_identify(.) by extension 'python'
[0.208s] Level 1:colcon.colcon_core.package_identification:_identify(.) by extensions ['python_setup_py']
[0.208s] Level 1:colcon.colcon_core.package_identification:_identify(.) by extension 'python_setup_py'
[0.208s] Level 1:colcon.colcon_core.package_identification:_identify(build) by extensions ['ignore', 'ignore_ament_install']
[0.208s] Level 1:colcon.colcon_core.package_identification:_identify(build) by extension 'ignore'
[0.208s] Level 1:colcon.colcon_core.package_identification:_identify(build) ignored
[0.208s] Level 1:colcon.colcon_core.package_identification:_identify(install) by extensions ['ignore', 'ignore_ament_install']
[0.208s] Level 1:colcon.colcon_core.package_identification:_identify(install) by extension 'ignore'
[0.208s] Level 1:colcon.colcon_core.package_identification:_identify(install) ignored
[0.208s] Level 1:colcon.colcon_core.package_identification:_identify(log) by extensions ['ignore', 'ignore_ament_install']
[0.208s] Level 1:colcon.colcon_core.package_identification:_identify(log) by extension 'ignore'
[0.208s] Level 1:colcon.colcon_core.package_identification:_identify(log) ignored
[0.208s] Level 1:colcon.colcon_core.package_identification:_identify(src) by extensions ['ignore', 'ignore_ament_install']
[0.209s] Level 1:colcon.colcon_core.package_identification:_identify(src) by extension 'ignore'
[0.209s] Level 1:colcon.colcon_core.package_identification:_identify(src) by extension 'ignore_ament_install'
[0.209s] Level 1:colcon.colcon_core.package_identification:_identify(src) by extensions ['colcon_pkg']
[0.209s] Level 1:colcon.colcon_core.package_identification:_identify(src) by extension 'colcon_pkg'
[0.209s] Level 1:colcon.colcon_core.package_identification:_identify(src) by extensions ['colcon_meta']
[0.209s] Level 1:colcon.colcon_core.package_identification:_identify(src) by extension 'colcon_meta'
[0.209s] Level 1:colcon.colcon_core.package_identification:_identify(src) by extensions ['ros']
[0.209s] Level 1:colcon.colcon_core.package_identification:_identify(src) by extension 'ros'
[0.209s] Level 1:colcon.colcon_core.package_identification:_identify(src) by extensions ['cmake', 'python']
[0.209s] Level 1:colcon.colcon_core.package_identification:_identify(src) by extension 'cmake'
[0.209s] Level 1:colcon.colcon_core.package_identification:_identify(src) by extension 'python'
[0.209s] Level 1:colcon.colcon_core.package_identification:_identify(src) by extensions ['python_setup_py']
[0.209s] Level 1:colcon.colcon_core.package_identification:_identify(src) by extension 'python_setup_py'
[0.209s] Level 1:colcon.colcon_core.package_identification:_identify(src/examples) by extensions ['ignore', 'ignore_ament_install']
[0.209s] Level 1:colcon.colcon_core.package_identification:_identify(src/examples) by extension 'ignore'
[0.209s] Level 1:colcon.colcon_core.package_identification:_identify(src/examples) by extension 'ignore_ament_install'
[0.209s] Level 1:colcon.colcon_core.package_identification:_identify(src/examples) by extensions ['colcon_pkg']
[0.209s] Level 1:colcon.colcon_core.package_identification:_identify(src/examples) by extension 'colcon_pkg'
[0.209s] Level 1:colcon.colcon_core.package_identification:_identify(src/examples) by extensions ['colcon_meta']
[0.209s] Level 1:colcon.colcon_core.package_identification:_identify(src/examples) by extension 'colcon_meta'
[0.209s] Level 1:colcon.colcon_core.package_identification:_identify(src/examples) by extensions ['ros']
[0.209s] Level 1:colcon.colcon_core.package_identification:_identify(src/examples) by extension 'ros'
[0.209s] Level 1:colcon.colcon_core.package_identification:_identify(src/examples) by extensions ['cmake', 'python']
[0.209s] Level 1:colcon.colcon_core.package_identification:_identify(src/examples) by extension 'cmake'
[0.209s] Level 1:colcon.colcon_core.package_identification:_identify(src/examples) by extension 'python'
[0.209s] Level 1:colcon.colcon_core.package_identification:_identify(src/examples) by extensions ['python_setup_py']
[0.209s] Level 1:colcon.colcon_core.package_identification:_identify(src/examples) by extension 'python_setup_py'
[0.209s] Level 1:colcon.colcon_core.package_identification:_identify(src/examples/sum) by extensions ['ignore', 'ignore_ament_install']
[0.209s] Level 1:colcon.colcon_core.package_identification:_identify(src/examples/sum) by extension 'ignore'
[0.209s] Level 1:colcon.colcon_core.package_identification:_identify(src/examples/sum) by extension 'ignore_ament_install'
[0.210s] Level 1:colcon.colcon_core.package_identification:_identify(src/examples/sum) by extensions ['colcon_pkg']
[0.210s] Level 1:colcon.colcon_core.package_identification:_identify(src/examples/sum) by extension 'colcon_pkg'
[0.210s] Level 1:colcon.colcon_core.package_identification:_identify(src/examples/sum) by extensions ['colcon_meta']
[0.210s] Level 1:colcon.colcon_core.package_identification:_identify(src/examples/sum) by extension 'colcon_meta'
[0.210s] Level 1:colcon.colcon_core.package_identification:_identify(src/examples/sum) by extensions ['ros']
[0.210s] Level 1:colcon.colcon_core.package_identification:_identify(src/examples/sum) by extension 'ros'
[0.217s] DEBUG:colcon.colcon_core.package_identification:Package 'src/examples/sum' with type 'ros.ament_cmake' and name 'examples_sum'
[0.217s] Level 1:colcon.colcon_core.package_identification:_identify(src/examples/topics) by extensions ['ignore', 'ignore_ament_install']
[0.217s] Level 1:colcon.colcon_core.package_identification:_identify(src/examples/topics) by extension 'ignore'
[0.217s] Level 1:colcon.colcon_core.package_identification:_identify(src/examples/topics) by extension 'ignore_ament_install'
[0.217s] Level 1:colcon.colcon_core.package_identification:_identify(src/examples/topics) by extensions ['colcon_pkg']
[0.217s] Level 1:colcon.colcon_core.package_identification:_identify(src/examples/topics) by extension 'colcon_pkg'
[0.217s] Level 1:colcon.colcon_core.package_identification:_identify(src/examples/topics) by extensions ['colcon_meta']
[0.217s] Level 1:colcon.colcon_core.package_identification:_identify(src/examples/topics) by extension 'colcon_meta'
[0.217s] Level 1:colcon.colcon_core.package_identification:_identify(src/examples/topics) by extensions ['ros']
[0.217s] Level 1:colcon.colcon_core.package_identification:_identify(src/examples/topics) by extension 'ros'
[0.222s] DEBUG:colcon.colcon_core.package_identification:Package 'src/examples/topics' with type 'ros.ament_cmake' and name 'examples_topics'
[0.222s] Level 1:colcon.colcon_core.package_discovery:discover_packages(recursive) using defaults
[0.222s] Level 1:colcon.colcon_core.package_discovery:discover_packages(ignore) discover
[0.222s] Level 1:colcon.colcon_core.package_discovery:discover_packages(ignore) using defaults
[0.222s] Level 1:colcon.colcon_core.package_discovery:discover_packages(path) discover
[0.222s] Level 1:colcon.colcon_core.package_discovery:discover_packages(path) using defaults
[0.241s] Level 1:colcon.colcon_core.package_discovery:discover_packages(prefix_path) check parameters
[0.241s] Level 1:colcon.colcon_core.package_discovery:discover_packages(prefix_path) discover
[0.245s] DEBUG:colcon.colcon_installed_package_information.package_discovery:Found 271 installed packages in /opt/ros/foxy
[0.246s] Level 1:colcon.colcon_core.package_discovery:discover_packages(prefix_path) using defaults
[0.289s] Level 5:colcon.colcon_core.verb:set package 'examples_sum' build argument 'cmake_args' from command line to 'None'
[0.289s] Level 5:colcon.colcon_core.verb:set package 'examples_sum' build argument 'cmake_target' from command line to 'None'
[0.289s] Level 5:colcon.colcon_core.verb:set package 'examples_sum' build argument 'cmake_target_skip_unavailable' from command line to 'False'
[0.289s] Level 5:colcon.colcon_core.verb:set package 'examples_sum' build argument 'cmake_clean_cache' from command line to 'False'
[0.289s] Level 5:colcon.colcon_core.verb:set package 'examples_sum' build argument 'cmake_clean_first' from command line to 'False'
[0.289s] Level 5:colcon.colcon_core.verb:set package 'examples_sum' build argument 'cmake_force_configure' from command line to 'False'
[0.289s] Level 5:colcon.colcon_core.verb:set package 'examples_sum' build argument 'ament_cmake_args' from command line to 'None'
[0.289s] Level 5:colcon.colcon_core.verb:set package 'examples_sum' build argument 'catkin_cmake_args' from command line to 'None'
[0.289s] Level 5:colcon.colcon_core.verb:set package 'examples_sum' build argument 'catkin_skip_building_tests' from command line to 'False'
[0.289s] DEBUG:colcon.colcon_core.verb:Building package 'examples_sum' with the following arguments: {'ament_cmake_args': None, 'build_base': '/home/usuario/Escritorio/GitHub/IR2117/ros2_ws/build/examples_sum', 'catkin_cmake_args': None, 'catkin_skip_building_tests': False, 'cmake_args': None, 'cmake_clean_cache': False, 'cmake_clean_first': False, 'cmake_force_configure': False, 'cmake_target': None, 'cmake_target_skip_unavailable': False, 'install_base': '/home/usuario/Escritorio/GitHub/IR2117/ros2_ws/install/examples_sum', 'merge_install': False, 'path': '/home/usuario/Escritorio/GitHub/IR2117/ros2_ws/src/examples/sum', 'symlink_install': False, 'test_result_base': None}
[0.290s] Level 5:colcon.colcon_core.verb:set package 'examples_topics' build argument 'cmake_args' from command line to 'None'
[0.290s] Level 5:colcon.colcon_core.verb:set package 'examples_topics' build argument 'cmake_target' from command line to 'None'
[0.290s] Level 5:colcon.colcon_core.verb:set package 'examples_topics' build argument 'cmake_target_skip_unavailable' from command line to 'False'
[0.290s] Level 5:colcon.colcon_core.verb:set package 'examples_topics' build argument 'cmake_clean_cache' from command line to 'False'
[0.290s] Level 5:colcon.colcon_core.verb:set package 'examples_topics' build argument 'cmake_clean_first' from command line to 'False'
[0.290s] Level 5:colcon.colcon_core.verb:set package 'examples_topics' build argument 'cmake_force_configure' from command line to 'False'
[0.290s] Level 5:colcon.colcon_core.verb:set package 'examples_topics' build argument 'ament_cmake_args' from command line to 'None'
[0.290s] Level 5:colcon.colcon_core.verb:set package 'examples_topics' build argument 'catkin_cmake_args' from command line to 'None'
[0.290s] Level 5:colcon.colcon_core.verb:set package 'examples_topics' build argument 'catkin_skip_building_tests' from command line to 'False'
[0.290s] DEBUG:colcon.colcon_core.verb:Building package 'examples_topics' with the following arguments: {'ament_cmake_args': None, 'build_base': '/home/usuario/Escritorio/GitHub/IR2117/ros2_ws/build/examples_topics', 'catkin_cmake_args': None, 'catkin_skip_building_tests': False, 'cmake_args': None, 'cmake_clean_cache': False, 'cmake_clean_first': False, 'cmake_force_configure': False, 'cmake_target': None, 'cmake_target_skip_unavailable': False, 'install_base': '/home/usuario/Escritorio/GitHub/IR2117/ros2_ws/install/examples_topics', 'merge_install': False, 'path': '/home/usuario/Escritorio/GitHub/IR2117/ros2_ws/src/examples/topics', 'symlink_install': False, 'test_result_base': None}
[0.291s] INFO:colcon.colcon_core.executor:Executing jobs using 'parallel' executor
[0.296s] DEBUG:colcon.colcon_parallel_executor.executor.parallel:run_until_complete
[0.296s] INFO:colcon.colcon_ros.task.ament_cmake.build:Building ROS package in '/home/usuario/Escritorio/GitHub/IR2117/ros2_ws/src/examples/sum' with build type 'ament_cmake'
[0.296s] INFO:colcon.colcon_cmake.task.cmake.build:Building CMake package in '/home/usuario/Escritorio/GitHub/IR2117/ros2_ws/src/examples/sum'
[0.302s] INFO:colcon.colcon_core.plugin_system:Skipping extension 'colcon_core.shell.bat': Not used on non-Windows systems
[0.302s] INFO:colcon.colcon_core.shell:Skip shell extension 'powershell' for command environment: Not usable outside of PowerShell
[0.302s] DEBUG:colcon.colcon_core.shell:Skip shell extension 'dsv' for command environment
[0.307s] INFO:colcon.colcon_ros.task.ament_cmake.build:Building ROS package in '/home/usuario/Escritorio/GitHub/IR2117/ros2_ws/src/examples/topics' with build type 'ament_cmake'
[0.307s] INFO:colcon.colcon_cmake.task.cmake.build:Building CMake package in '/home/usuario/Escritorio/GitHub/IR2117/ros2_ws/src/examples/topics'
[0.310s] INFO:colcon.colcon_core.shell:Skip shell extension 'powershell' for command environment: Not usable outside of PowerShell
[0.310s] DEBUG:colcon.colcon_core.shell:Skip shell extension 'dsv' for command environment
[0.323s] DEBUG:colcon.colcon_core.event_handler.log_command:Invoking command in '/home/usuario/Escritorio/GitHub/IR2117/ros2_ws/build/examples_sum': CMAKE_PREFIX_PATH=/opt/ros/foxy /usr/bin/cmake --build /home/usuario/Escritorio/GitHub/IR2117/ros2_ws/build/examples_sum -- -j6 -l6
[0.325s] DEBUG:colcon.colcon_core.event_handler.log_command:Invoking command in '/home/usuario/Escritorio/GitHub/IR2117/ros2_ws/build/examples_topics': CMAKE_PREFIX_PATH=/opt/ros/foxy /usr/bin/cmake --build /home/usuario/Escritorio/GitHub/IR2117/ros2_ws/build/examples_topics -- -j6 -l6
[0.375s] DEBUG:colcon.colcon_core.event_handler.log_command:Invoked command in '/home/usuario/Escritorio/GitHub/IR2117/ros2_ws/build/examples_topics' returned '0': CMAKE_PREFIX_PATH=/opt/ros/foxy /usr/bin/cmake --build /home/usuario/Escritorio/GitHub/IR2117/ros2_ws/build/examples_topics -- -j6 -l6
[0.403s] DEBUG:colcon.colcon_core.event_handler.log_command:Invoking command in '/home/usuario/Escritorio/GitHub/IR2117/ros2_ws/build/examples_topics': CMAKE_PREFIX_PATH=/opt/ros/foxy /usr/bin/cmake --install /home/usuario/Escritorio/GitHub/IR2117/ros2_ws/build/examples_topics
[0.411s] Level 1:colcon.colcon_core.environment:create_environment_scripts_only(examples_topics)
[0.413s] DEBUG:colcon.colcon_core.event_handler.log_command:Invoked command in '/home/usuario/Escritorio/GitHub/IR2117/ros2_ws/build/examples_topics' returned '0': CMAKE_PREFIX_PATH=/opt/ros/foxy /usr/bin/cmake --install /home/usuario/Escritorio/GitHub/IR2117/ros2_ws/build/examples_topics
[0.418s] Level 1:colcon.colcon_core.environment:checking '/home/usuario/Escritorio/GitHub/IR2117/ros2_ws/install/examples_topics' for CMake module files
[0.418s] Level 1:colcon.colcon_core.environment:checking '/home/usuario/Escritorio/GitHub/IR2117/ros2_ws/install/examples_topics' for CMake config files
[0.418s] Level 1:colcon.colcon_core.shell:create_environment_hook('examples_topics', 'cmake_prefix_path')
[0.421s] INFO:colcon.colcon_core.shell:Creating environment hook '/home/usuario/Escritorio/GitHub/IR2117/ros2_ws/install/examples_topics/share/examples_topics/hook/cmake_prefix_path.ps1'
[0.422s] INFO:colcon.colcon_core.shell:Creating environment descriptor '/home/usuario/Escritorio/GitHub/IR2117/ros2_ws/install/examples_topics/share/examples_topics/hook/cmake_prefix_path.dsv'
[0.424s] INFO:colcon.colcon_core.shell:Creating environment hook '/home/usuario/Escritorio/GitHub/IR2117/ros2_ws/install/examples_topics/share/examples_topics/hook/cmake_prefix_path.sh'
[0.425s] Level 1:colcon.colcon_core.environment:checking '/home/usuario/Escritorio/GitHub/IR2117/ros2_ws/install/examples_topics/lib'
[0.425s] Level 1:colcon.colcon_core.environment:checking '/home/usuario/Escritorio/GitHub/IR2117/ros2_ws/install/examples_topics/bin'
[0.425s] Level 1:colcon.colcon_core.environment:checking '/home/usuario/Escritorio/GitHub/IR2117/ros2_ws/install/examples_topics/lib/pkgconfig/examples_topics.pc'
[0.425s] Level 1:colcon.colcon_core.environment:checking '/home/usuario/Escritorio/GitHub/IR2117/ros2_ws/install/examples_topics/lib/python3.8/site-packages'
[0.425s] Level 1:colcon.colcon_core.environment:checking '/home/usuario/Escritorio/GitHub/IR2117/ros2_ws/install/examples_topics/bin'
[0.428s] INFO:colcon.colcon_core.shell:Creating package script '/home/usuario/Escritorio/GitHub/IR2117/ros2_ws/install/examples_topics/share/examples_topics/package.ps1'
[0.428s] INFO:colcon.colcon_core.shell:Creating package descriptor '/home/usuario/Escritorio/GitHub/IR2117/ros2_ws/install/examples_topics/share/examples_topics/package.dsv'
[0.429s] INFO:colcon.colcon_core.shell:Creating package script '/home/usuario/Escritorio/GitHub/IR2117/ros2_ws/install/examples_topics/share/examples_topics/package.sh'
[0.429s] INFO:colcon.colcon_core.shell:Creating package script '/home/usuario/Escritorio/GitHub/IR2117/ros2_ws/install/examples_topics/share/examples_topics/package.bash'
[0.429s] INFO:colcon.colcon_core.shell:Creating package script '/home/usuario/Escritorio/GitHub/IR2117/ros2_ws/install/examples_topics/share/examples_topics/package.zsh'
[0.430s] Level 1:colcon.colcon_core.environment:create_file_with_runtime_dependencies(/home/usuario/Escritorio/GitHub/IR2117/ros2_ws/install/examples_topics/share/colcon-core/packages/examples_topics)
[0.451s] Level 1:colcon.colcon_core.environment:create_environment_scripts_only(examples_topics)
[0.454s] Level 1:colcon.colcon_core.environment:checking '/home/usuario/Escritorio/GitHub/IR2117/ros2_ws/install/examples_topics' for CMake module files
[0.454s] Level 1:colcon.colcon_core.environment:checking '/home/usuario/Escritorio/GitHub/IR2117/ros2_ws/install/examples_topics' for CMake config files
[0.454s] Level 1:colcon.colcon_core.shell:create_environment_hook('examples_topics', 'cmake_prefix_path')
[0.457s] INFO:colcon.colcon_core.shell:Creating environment hook '/home/usuario/Escritorio/GitHub/IR2117/ros2_ws/install/examples_topics/share/examples_topics/hook/cmake_prefix_path.ps1'
[0.458s] INFO:colcon.colcon_core.shell:Creating environment descriptor '/home/usuario/Escritorio/GitHub/IR2117/ros2_ws/install/examples_topics/share/examples_topics/hook/cmake_prefix_path.dsv'
[0.459s] INFO:colcon.colcon_core.shell:Creating environment hook '/home/usuario/Escritorio/GitHub/IR2117/ros2_ws/install/examples_topics/share/examples_topics/hook/cmake_prefix_path.sh'
[0.460s] Level 1:colcon.colcon_core.environment:checking '/home/usuario/Escritorio/GitHub/IR2117/ros2_ws/install/examples_topics/lib'
[0.461s] Level 1:colcon.colcon_core.environment:checking '/home/usuario/Escritorio/GitHub/IR2117/ros2_ws/install/examples_topics/bin'
[0.461s] Level 1:colcon.colcon_core.environment:checking '/home/usuario/Escritorio/GitHub/IR2117/ros2_ws/install/examples_topics/lib/pkgconfig/examples_topics.pc'
[0.461s] Level 1:colcon.colcon_core.environment:checking '/home/usuario/Escritorio/GitHub/IR2117/ros2_ws/install/examples_topics/lib/python3.8/site-packages'
[0.461s] Level 1:colcon.colcon_core.environment:checking '/home/usuario/Escritorio/GitHub/IR2117/ros2_ws/install/examples_topics/bin'
[0.463s] INFO:colcon.colcon_core.shell:Creating package script '/home/usuario/Escritorio/GitHub/IR2117/ros2_ws/install/examples_topics/share/examples_topics/package.ps1'
[0.464s] INFO:colcon.colcon_core.shell:Creating package descriptor '/home/usuario/Escritorio/GitHub/IR2117/ros2_ws/install/examples_topics/share/examples_topics/package.dsv'
[0.464s] INFO:colcon.colcon_core.shell:Creating package script '/home/usuario/Escritorio/GitHub/IR2117/ros2_ws/install/examples_topics/share/examples_topics/package.sh'
[0.464s] INFO:colcon.colcon_core.shell:Creating package script '/home/usuario/Escritorio/GitHub/IR2117/ros2_ws/install/examples_topics/share/examples_topics/package.bash'
[0.464s] INFO:colcon.colcon_core.shell:Creating package script '/home/usuario/Escritorio/GitHub/IR2117/ros2_ws/install/examples_topics/share/examples_topics/package.zsh'
[0.465s] Level 1:colcon.colcon_core.environment:create_file_with_runtime_dependencies(/home/usuario/Escritorio/GitHub/IR2117/ros2_ws/install/examples_topics/share/colcon-core/packages/examples_topics)
[4.208s] DEBUG:colcon.colcon_core.event_handler.log_command:Invoked command in '/home/usuario/Escritorio/GitHub/IR2117/ros2_ws/build/examples_sum' returned '0': CMAKE_PREFIX_PATH=/opt/ros/foxy /usr/bin/cmake --build /home/usuario/Escritorio/GitHub/IR2117/ros2_ws/build/examples_sum -- -j6 -l6
[4.231s] DEBUG:colcon.colcon_core.event_handler.log_command:Invoking command in '/home/usuario/Escritorio/GitHub/IR2117/ros2_ws/build/examples_sum': CMAKE_PREFIX_PATH=/opt/ros/foxy /usr/bin/cmake --install /home/usuario/Escritorio/GitHub/IR2117/ros2_ws/build/examples_sum
[5.000s] Level 1:colcon.colcon_core.environment:create_environment_scripts_only(examples_sum)
[5.003s] Level 1:colcon.colcon_core.environment:checking '/home/usuario/Escritorio/GitHub/IR2117/ros2_ws/install/examples_sum' for CMake module files
[5.004s] DEBUG:colcon.colcon_core.event_handler.log_command:Invoked command in '/home/usuario/Escritorio/GitHub/IR2117/ros2_ws/build/examples_sum' returned '0': CMAKE_PREFIX_PATH=/opt/ros/foxy /usr/bin/cmake --install /home/usuario/Escritorio/GitHub/IR2117/ros2_ws/build/examples_sum
[5.004s] Level 1:colcon.colcon_core.environment:checking '/home/usuario/Escritorio/GitHub/IR2117/ros2_ws/install/examples_sum' for CMake config files
[5.004s] Level 1:colcon.colcon_core.shell:create_environment_hook('examples_sum', 'cmake_prefix_path')
[5.006s] INFO:colcon.colcon_core.shell:Creating environment hook '/home/usuario/Escritorio/GitHub/IR2117/ros2_ws/install/examples_sum/share/examples_sum/hook/cmake_prefix_path.ps1'
[5.008s] INFO:colcon.colcon_core.shell:Creating environment descriptor '/home/usuario/Escritorio/GitHub/IR2117/ros2_ws/install/examples_sum/share/examples_sum/hook/cmake_prefix_path.dsv'
[5.008s] INFO:colcon.colcon_core.shell:Creating environment hook '/home/usuario/Escritorio/GitHub/IR2117/ros2_ws/install/examples_sum/share/examples_sum/hook/cmake_prefix_path.sh'
[5.009s] Level 1:colcon.colcon_core.environment:checking '/home/usuario/Escritorio/GitHub/IR2117/ros2_ws/install/examples_sum/lib'
[5.009s] Level 1:colcon.colcon_core.environment:checking '/home/usuario/Escritorio/GitHub/IR2117/ros2_ws/install/examples_sum/bin'
[5.009s] Level 1:colcon.colcon_core.environment:checking '/home/usuario/Escritorio/GitHub/IR2117/ros2_ws/install/examples_sum/lib/pkgconfig/examples_sum.pc'
[5.010s] Level 1:colcon.colcon_core.environment:checking '/home/usuario/Escritorio/GitHub/IR2117/ros2_ws/install/examples_sum/lib/python3.8/site-packages'
[5.010s] Level 1:colcon.colcon_core.environment:checking '/home/usuario/Escritorio/GitHub/IR2117/ros2_ws/install/examples_sum/bin'
[5.012s] INFO:colcon.colcon_core.shell:Creating package script '/home/usuario/Escritorio/GitHub/IR2117/ros2_ws/install/examples_sum/share/examples_sum/package.ps1'
[5.013s] INFO:colcon.colcon_core.shell:Creating package descriptor '/home/usuario/Escritorio/GitHub/IR2117/ros2_ws/install/examples_sum/share/examples_sum/package.dsv'
[5.015s] INFO:colcon.colcon_core.shell:Creating package script '/home/usuario/Escritorio/GitHub/IR2117/ros2_ws/install/examples_sum/share/examples_sum/package.sh'
[5.016s] INFO:colcon.colcon_core.shell:Creating package script '/home/usuario/Escritorio/GitHub/IR2117/ros2_ws/install/examples_sum/share/examples_sum/package.bash'
[5.016s] INFO:colcon.colcon_core.shell:Creating package script '/home/usuario/Escritorio/GitHub/IR2117/ros2_ws/install/examples_sum/share/examples_sum/package.zsh'
[5.017s] Level 1:colcon.colcon_core.environment:create_file_with_runtime_dependencies(/home/usuario/Escritorio/GitHub/IR2117/ros2_ws/install/examples_sum/share/colcon-core/packages/examples_sum)
[5.041s] Level 1:colcon.colcon_core.environment:create_environment_scripts_only(examples_sum)
[5.046s] Level 1:colcon.colcon_core.environment:checking '/home/usuario/Escritorio/GitHub/IR2117/ros2_ws/install/examples_sum' for CMake module files
[5.046s] Level 1:colcon.colcon_core.environment:checking '/home/usuario/Escritorio/GitHub/IR2117/ros2_ws/install/examples_sum' for CMake config files
[5.046s] Level 1:colcon.colcon_core.shell:create_environment_hook('examples_sum', 'cmake_prefix_path')
[5.048s] INFO:colcon.colcon_core.shell:Creating environment hook '/home/usuario/Escritorio/GitHub/IR2117/ros2_ws/install/examples_sum/share/examples_sum/hook/cmake_prefix_path.ps1'
[5.050s] INFO:colcon.colcon_core.shell:Creating environment descriptor '/home/usuario/Escritorio/GitHub/IR2117/ros2_ws/install/examples_sum/share/examples_sum/hook/cmake_prefix_path.dsv'
[5.051s] INFO:colcon.colcon_core.shell:Creating environment hook '/home/usuario/Escritorio/GitHub/IR2117/ros2_ws/install/examples_sum/share/examples_sum/hook/cmake_prefix_path.sh'
[5.052s] Level 1:colcon.colcon_core.environment:checking '/home/usuario/Escritorio/GitHub/IR2117/ros2_ws/install/examples_sum/lib'
[5.053s] Level 1:colcon.colcon_core.environment:checking '/home/usuario/Escritorio/GitHub/IR2117/ros2_ws/install/examples_sum/bin'
[5.053s] Level 1:colcon.colcon_core.environment:checking '/home/usuario/Escritorio/GitHub/IR2117/ros2_ws/install/examples_sum/lib/pkgconfig/examples_sum.pc'
[5.053s] Level 1:colcon.colcon_core.environment:checking '/home/usuario/Escritorio/GitHub/IR2117/ros2_ws/install/examples_sum/lib/python3.8/site-packages'
[5.053s] Level 1:colcon.colcon_core.environment:checking '/home/usuario/Escritorio/GitHub/IR2117/ros2_ws/install/examples_sum/bin'
[5.055s] INFO:colcon.colcon_core.shell:Creating package script '/home/usuario/Escritorio/GitHub/IR2117/ros2_ws/install/examples_sum/share/examples_sum/package.ps1'
[5.056s] INFO:colcon.colcon_core.shell:Creating package descriptor '/home/usuario/Escritorio/GitHub/IR2117/ros2_ws/install/examples_sum/share/examples_sum/package.dsv'
[5.057s] INFO:colcon.colcon_core.shell:Creating package script '/home/usuario/Escritorio/GitHub/IR2117/ros2_ws/install/examples_sum/share/examples_sum/package.sh'
[5.059s] INFO:colcon.colcon_core.shell:Creating package script '/home/usuario/Escritorio/GitHub/IR2117/ros2_ws/install/examples_sum/share/examples_sum/package.bash'
[5.059s] INFO:colcon.colcon_core.shell:Creating package script '/home/usuario/Escritorio/GitHub/IR2117/ros2_ws/install/examples_sum/share/examples_sum/package.zsh'
[5.060s] Level 1:colcon.colcon_core.environment:create_file_with_runtime_dependencies(/home/usuario/Escritorio/GitHub/IR2117/ros2_ws/install/examples_sum/share/colcon-core/packages/examples_sum)
[5.061s] DEBUG:colcon.colcon_parallel_executor.executor.parallel:closing loop
[5.061s] DEBUG:colcon.colcon_parallel_executor.executor.parallel:loop closed
[5.061s] DEBUG:colcon.colcon_parallel_executor.executor.parallel:run_until_complete finished with '0'
[5.061s] DEBUG:colcon.colcon_core.event_reactor:joining thread
[5.067s] INFO:colcon.colcon_core.plugin_system:Skipping extension 'colcon_notification.desktop_notification.terminal_notifier': Not used on non-Darwin systems
[5.067s] INFO:colcon.colcon_core.plugin_system:Skipping extension 'colcon_notification.desktop_notification.win32': Not used on non-Windows systems
[5.067s] INFO:colcon.colcon_notification.desktop_notification:Sending desktop notification using 'notify2'
[5.090s] DEBUG:colcon.colcon_core.event_reactor:joined thread
[5.092s] INFO:colcon.colcon_core.shell:Creating prefix script '/home/usuario/Escritorio/GitHub/IR2117/ros2_ws/install/local_setup.ps1'
[5.093s] INFO:colcon.colcon_core.shell:Creating prefix util module '/home/usuario/Escritorio/GitHub/IR2117/ros2_ws/install/_local_setup_util_ps1.py'
[5.095s] INFO:colcon.colcon_core.shell:Creating prefix chain script '/home/usuario/Escritorio/GitHub/IR2117/ros2_ws/install/setup.ps1'
[5.097s] INFO:colcon.colcon_core.shell:Creating prefix script '/home/usuario/Escritorio/GitHub/IR2117/ros2_ws/install/local_setup.sh'
[5.097s] INFO:colcon.colcon_core.shell:Creating prefix util module '/home/usuario/Escritorio/GitHub/IR2117/ros2_ws/install/_local_setup_util_sh.py'
[5.098s] INFO:colcon.colcon_core.shell:Creating prefix chain script '/home/usuario/Escritorio/GitHub/IR2117/ros2_ws/install/setup.sh'
[5.100s] INFO:colcon.colcon_core.shell:Creating prefix script '/home/usuario/Escritorio/GitHub/IR2117/ros2_ws/install/local_setup.bash'
[5.100s] INFO:colcon.colcon_core.shell:Creating prefix chain script '/home/usuario/Escritorio/GitHub/IR2117/ros2_ws/install/setup.bash'
[5.101s] INFO:colcon.colcon_core.shell:Creating prefix script '/home/usuario/Escritorio/GitHub/IR2117/ros2_ws/install/local_setup.zsh'
[5.102s] INFO:colcon.colcon_core.shell:Creating prefix chain script '/home/usuario/Escritorio/GitHub/IR2117/ros2_ws/install/setup.zsh'
