[0.019s] Invoking command in '/home/usuario/Escritorio/GitHub/IR2117/ros2_ws/build/examples_topics': CMAKE_PREFIX_PATH=/opt/ros/foxy /usr/bin/cmake /home/usuario/Escritorio/GitHub/IR2117/ros2_ws/src/examples/topics -DCMAKE_INSTALL_PREFIX=/home/usuario/Escritorio/GitHub/IR2117/ros2_ws/install/examples_topics
[0.186s] -- The C compiler identification is GNU 9.4.0
[0.300s] -- The CXX compiler identification is GNU 9.4.0
[0.307s] -- Check for working C compiler: /usr/bin/cc
[0.372s] -- Check for working C compiler: /usr/bin/cc -- works
[0.373s] -- Detecting C compiler ABI info
[0.437s] -- Detecting C compiler ABI info - done
[0.448s] -- Detecting C compile features
[0.449s] -- Detecting C compile features - done
[0.452s] -- Check for working CXX compiler: /usr/bin/c++
[0.521s] -- Check for working CXX compiler: /usr/bin/c++ -- works
[0.522s] -- Detecting CXX compiler ABI info
[0.592s] -- Detecting CXX compiler ABI info - done
[0.604s] -- Detecting CXX compile features
[0.604s] -- Detecting CXX compile features - done
[0.610s] -- Found ament_cmake: 0.9.11 (/opt/ros/foxy/share/ament_cmake/cmake)
[0.637s] -- Found PythonInterp: /usr/bin/python3 (found suitable version "3.8.10", minimum required is "3") 
[0.637s] -- Using PYTHON_EXECUTABLE: /usr/bin/python3
[0.835s] -- Found rclcpp: 2.4.2 (/opt/ros/foxy/share/rclcpp/cmake)
[0.893s] -- Using all available rosidl_typesupport_c: rosidl_typesupport_fastrtps_c;rosidl_typesupport_introspection_c
[0.904s] -- Found rosidl_adapter: 1.3.0 (/opt/ros/foxy/share/rosidl_adapter/cmake)
[0.989s] -- Found OpenSSL: /usr/lib/x86_64-linux-gnu/libcrypto.so (found version "1.1.1f")  
[1.017s] -- Found FastRTPS: /opt/ros/foxy/include  
[1.094s] -- Using all available rosidl_typesupport_cpp: rosidl_typesupport_fastrtps_cpp;rosidl_typesupport_introspection_cpp
[1.151s] -- Found rmw_implementation_cmake: 1.0.3 (/opt/ros/foxy/share/rmw_implementation_cmake/cmake)
[1.153s] -- Using RMW implementation 'rmw_fastrtps_cpp' as default
[1.155s] -- Looking for pthread.h
[1.236s] -- Looking for pthread.h - found
[1.236s] -- Performing Test CMAKE_HAVE_LIBC_PTHREAD
[1.300s] -- Performing Test CMAKE_HAVE_LIBC_PTHREAD - Failed
[1.300s] -- Looking for pthread_create in pthreads
[1.354s] -- Looking for pthread_create in pthreads - not found
[1.355s] -- Looking for pthread_create in pthread
[1.417s] -- Looking for pthread_create in pthread - found
[1.418s] -- Found Threads: TRUE  
[1.602s] -- Configuring done
[1.609s] -- Generating done
[1.611s] -- Build files have been written to: /home/usuario/Escritorio/GitHub/IR2117/ros2_ws/build/examples_topics
[1.617s] Invoked command in '/home/usuario/Escritorio/GitHub/IR2117/ros2_ws/build/examples_topics' returned '0': CMAKE_PREFIX_PATH=/opt/ros/foxy /usr/bin/cmake /home/usuario/Escritorio/GitHub/IR2117/ros2_ws/src/examples/topics -DCMAKE_INSTALL_PREFIX=/home/usuario/Escritorio/GitHub/IR2117/ros2_ws/install/examples_topics
[1.620s] Invoking command in '/home/usuario/Escritorio/GitHub/IR2117/ros2_ws/build/examples_topics': CMAKE_PREFIX_PATH=/opt/ros/foxy /usr/bin/cmake --build /home/usuario/Escritorio/GitHub/IR2117/ros2_ws/build/examples_topics -- -j6 -l6
[1.658s] [35m[1mScanning dependencies of target publisher[0m
[1.658s] [35m[1mScanning dependencies of target subscriber[0m
[1.811s] [ 50%] [32mBuilding CXX object CMakeFiles/subscriber.dir/subscriber.cpp.o[0m
[1.812s] [ 50%] [32mBuilding CXX object CMakeFiles/publisher.dir/publisher.cpp.o[0m
[4.217s] [ 75%] [32m[1mLinking CXX executable publisher[0m
[4.382s] [ 75%] Built target publisher
[6.150s] [100%] [32m[1mLinking CXX executable subscriber[0m
[6.415s] [100%] Built target subscriber
[6.427s] Invoked command in '/home/usuario/Escritorio/GitHub/IR2117/ros2_ws/build/examples_topics' returned '0': CMAKE_PREFIX_PATH=/opt/ros/foxy /usr/bin/cmake --build /home/usuario/Escritorio/GitHub/IR2117/ros2_ws/build/examples_topics -- -j6 -l6
[6.458s] Invoking command in '/home/usuario/Escritorio/GitHub/IR2117/ros2_ws/build/examples_topics': CMAKE_PREFIX_PATH=/opt/ros/foxy /usr/bin/cmake --install /home/usuario/Escritorio/GitHub/IR2117/ros2_ws/build/examples_topics
[6.468s] -- Install configuration: ""
[6.468s] -- Installing: /home/usuario/Escritorio/GitHub/IR2117/ros2_ws/install/examples_topics/lib/examples_topics/publisher
[6.472s] -- Set runtime path of "/home/usuario/Escritorio/GitHub/IR2117/ros2_ws/install/examples_topics/lib/examples_topics/publisher" to ""
[6.472s] -- Installing: /home/usuario/Escritorio/GitHub/IR2117/ros2_ws/install/examples_topics/lib/examples_topics/subscriber
[6.478s] -- Set runtime path of "/home/usuario/Escritorio/GitHub/IR2117/ros2_ws/install/examples_topics/lib/examples_topics/subscriber" to ""
[6.478s] -- Installing: /home/usuario/Escritorio/GitHub/IR2117/ros2_ws/install/examples_topics/share/ament_index/resource_index/package_run_dependencies/examples_topics
[6.478s] -- Installing: /home/usuario/Escritorio/GitHub/IR2117/ros2_ws/install/examples_topics/share/ament_index/resource_index/parent_prefix_path/examples_topics
[6.478s] -- Installing: /home/usuario/Escritorio/GitHub/IR2117/ros2_ws/install/examples_topics/share/examples_topics/environment/ament_prefix_path.sh
[6.478s] -- Installing: /home/usuario/Escritorio/GitHub/IR2117/ros2_ws/install/examples_topics/share/examples_topics/environment/ament_prefix_path.dsv
[6.479s] -- Installing: /home/usuario/Escritorio/GitHub/IR2117/ros2_ws/install/examples_topics/share/examples_topics/environment/path.sh
[6.479s] -- Installing: /home/usuario/Escritorio/GitHub/IR2117/ros2_ws/install/examples_topics/share/examples_topics/environment/path.dsv
[6.479s] -- Installing: /home/usuario/Escritorio/GitHub/IR2117/ros2_ws/install/examples_topics/share/examples_topics/local_setup.bash
[6.479s] -- Installing: /home/usuario/Escritorio/GitHub/IR2117/ros2_ws/install/examples_topics/share/examples_topics/local_setup.sh
[6.479s] -- Installing: /home/usuario/Escritorio/GitHub/IR2117/ros2_ws/install/examples_topics/share/examples_topics/local_setup.zsh
[6.480s] -- Installing: /home/usuario/Escritorio/GitHub/IR2117/ros2_ws/install/examples_topics/share/examples_topics/local_setup.dsv
[6.480s] -- Installing: /home/usuario/Escritorio/GitHub/IR2117/ros2_ws/install/examples_topics/share/examples_topics/package.dsv
[6.480s] -- Installing: /home/usuario/Escritorio/GitHub/IR2117/ros2_ws/install/examples_topics/share/ament_index/resource_index/packages/examples_topics
[6.480s] -- Installing: /home/usuario/Escritorio/GitHub/IR2117/ros2_ws/install/examples_topics/share/examples_topics/cmake/examples_topicsConfig.cmake
[6.481s] -- Installing: /home/usuario/Escritorio/GitHub/IR2117/ros2_ws/install/examples_topics/share/examples_topics/cmake/examples_topicsConfig-version.cmake
[6.481s] -- Installing: /home/usuario/Escritorio/GitHub/IR2117/ros2_ws/install/examples_topics/share/examples_topics/package.xml
[6.483s] Invoked command in '/home/usuario/Escritorio/GitHub/IR2117/ros2_ws/build/examples_topics' returned '0': CMAKE_PREFIX_PATH=/opt/ros/foxy /usr/bin/cmake --install /home/usuario/Escritorio/GitHub/IR2117/ros2_ws/build/examples_topics
