[0.602s] DEBUG:colcon:Command line arguments: ['/usr/bin/colcon', 'build']
[0.602s] DEBUG:colcon:Parsed command line arguments: Namespace(allow_overriding=[], ament_cmake_args=None, base_paths=['.'], build_base='build', catkin_cmake_args=None, catkin_skip_building_tests=False, cmake_args=None, cmake_clean_cache=False, cmake_clean_first=False, cmake_force_configure=False, cmake_target=None, cmake_target_skip_unavailable=False, continue_on_error=False, event_handlers=None, executor='parallel', ignore_user_meta=False, install_base='install', log_base=None, log_level=None, main=<bound method BuildVerb.main of <colcon_core.verb.build.BuildVerb object at 0x7fad1fbb7c10>>, merge_install=False, metas=['./colcon.meta'], packages_above=None, packages_above_and_dependencies=None, packages_above_depth=None, packages_end=None, packages_ignore=None, packages_ignore_regex=None, packages_select=None, packages_select_build_failed=False, packages_select_by_dep=None, packages_select_regex=None, packages_select_test_failures=False, packages_skip=None, packages_skip_build_finished=False, packages_skip_by_dep=None, packages_skip_regex=None, packages_skip_test_passed=False, packages_skip_up_to=None, packages_start=None, packages_up_to=None, packages_up_to_regex=None, parallel_workers=4, paths=None, symlink_install=False, test_result_base=None, verb_extension=<colcon_core.verb.build.BuildVerb object at 0x7fad1fbb7c10>, verb_name='build', verb_parser=<colcon_defaults.argument_parser.defaults.DefaultArgumentsDecorator object at 0x7fad1fbc01c0>)
[0.655s] Level 1:colcon.colcon_core.package_discovery:discover_packages(colcon_meta) check parameters
[0.656s] Level 1:colcon.colcon_core.package_discovery:discover_packages(recursive) check parameters
[0.656s] Level 1:colcon.colcon_core.package_discovery:discover_packages(ignore) check parameters
[0.656s] Level 1:colcon.colcon_core.package_discovery:discover_packages(path) check parameters
[0.656s] Level 1:colcon.colcon_core.package_discovery:discover_packages(colcon_meta) discover
[0.656s] Level 1:colcon.colcon_core.package_discovery:discover_packages(recursive) discover
[0.656s] INFO:colcon.colcon_core.package_discovery:Crawling recursively for packages in '/home/pablo/Documentos/IR2117/tb3_ws/src'
[0.656s] Level 1:colcon.colcon_core.package_identification:_identify(.) by extensions ['ignore', 'ignore_ament_install']
[0.656s] Level 1:colcon.colcon_core.package_identification:_identify(.) by extension 'ignore'
[0.656s] Level 1:colcon.colcon_core.package_identification:_identify(.) by extension 'ignore_ament_install'
[0.656s] Level 1:colcon.colcon_core.package_identification:_identify(.) by extensions ['colcon_pkg']
[0.656s] Level 1:colcon.colcon_core.package_identification:_identify(.) by extension 'colcon_pkg'
[0.656s] Level 1:colcon.colcon_core.package_identification:_identify(.) by extensions ['colcon_meta']
[0.657s] Level 1:colcon.colcon_core.package_identification:_identify(.) by extension 'colcon_meta'
[0.657s] Level 1:colcon.colcon_core.package_identification:_identify(.) by extensions ['ros']
[0.657s] Level 1:colcon.colcon_core.package_identification:_identify(.) by extension 'ros'
[0.692s] Level 1:colcon.colcon_core.package_identification:_identify(.) by extensions ['cmake', 'python']
[0.692s] Level 1:colcon.colcon_core.package_identification:_identify(.) by extension 'cmake'
[0.693s] Level 1:colcon.colcon_core.package_identification:_identify(.) by extension 'python'
[0.693s] Level 1:colcon.colcon_core.package_identification:_identify(.) by extensions ['python_setup_py']
[0.693s] Level 1:colcon.colcon_core.package_identification:_identify(.) by extension 'python_setup_py'
[0.693s] Level 1:colcon.colcon_core.package_identification:_identify(build) by extensions ['ignore', 'ignore_ament_install']
[0.693s] Level 1:colcon.colcon_core.package_identification:_identify(build) by extension 'ignore'
[0.693s] Level 1:colcon.colcon_core.package_identification:_identify(build) ignored
[0.693s] Level 1:colcon.colcon_core.package_identification:_identify(install) by extensions ['ignore', 'ignore_ament_install']
[0.694s] Level 1:colcon.colcon_core.package_identification:_identify(install) by extension 'ignore'
[0.694s] Level 1:colcon.colcon_core.package_identification:_identify(install) ignored
[0.694s] Level 1:colcon.colcon_core.package_identification:_identify(log) by extensions ['ignore', 'ignore_ament_install']
[0.694s] Level 1:colcon.colcon_core.package_identification:_identify(log) by extension 'ignore'
[0.694s] Level 1:colcon.colcon_core.package_identification:_identify(log) ignored
[0.695s] Level 1:colcon.colcon_core.package_identification:_identify(robot_trajectory) by extensions ['ignore', 'ignore_ament_install']
[0.695s] Level 1:colcon.colcon_core.package_identification:_identify(robot_trajectory) by extension 'ignore'
[0.695s] Level 1:colcon.colcon_core.package_identification:_identify(robot_trajectory) by extension 'ignore_ament_install'
[0.695s] Level 1:colcon.colcon_core.package_identification:_identify(robot_trajectory) by extensions ['colcon_pkg']
[0.695s] Level 1:colcon.colcon_core.package_identification:_identify(robot_trajectory) by extension 'colcon_pkg'
[0.695s] Level 1:colcon.colcon_core.package_identification:_identify(robot_trajectory) by extensions ['colcon_meta']
[0.695s] Level 1:colcon.colcon_core.package_identification:_identify(robot_trajectory) by extension 'colcon_meta'
[0.695s] Level 1:colcon.colcon_core.package_identification:_identify(robot_trajectory) by extensions ['ros']
[0.696s] Level 1:colcon.colcon_core.package_identification:_identify(robot_trajectory) by extension 'ros'
[0.701s] DEBUG:colcon.colcon_core.package_identification:Package 'robot_trajectory' with type 'ros.ament_cmake' and name 'robot_trajectory'
[0.701s] Level 1:colcon.colcon_core.package_discovery:discover_packages(recursive) using defaults
[0.701s] Level 1:colcon.colcon_core.package_discovery:discover_packages(ignore) discover
[0.701s] Level 1:colcon.colcon_core.package_discovery:discover_packages(ignore) using defaults
[0.701s] Level 1:colcon.colcon_core.package_discovery:discover_packages(path) discover
[0.701s] Level 1:colcon.colcon_core.package_discovery:discover_packages(path) using defaults
[0.738s] Level 1:colcon.colcon_core.package_discovery:discover_packages(prefix_path) check parameters
[0.738s] Level 1:colcon.colcon_core.package_discovery:discover_packages(prefix_path) discover
[0.744s] DEBUG:colcon.colcon_installed_package_information.package_discovery:Found 1 installed packages in /home/pablo/Documentos/IR2117/tb3_ws/src/install
[0.746s] DEBUG:colcon.colcon_installed_package_information.package_discovery:Found 1 installed packages in /home/pablo/Documentos/IR2117/tb3_ws/install
[0.750s] DEBUG:colcon.colcon_installed_package_information.package_discovery:Found 266 installed packages in /opt/ros/foxy
[0.754s] Level 1:colcon.colcon_core.package_discovery:discover_packages(prefix_path) using defaults
[0.898s] Level 5:colcon.colcon_core.verb:set package 'robot_trajectory' build argument 'cmake_args' from command line to 'None'
[0.898s] Level 5:colcon.colcon_core.verb:set package 'robot_trajectory' build argument 'cmake_target' from command line to 'None'
[0.898s] Level 5:colcon.colcon_core.verb:set package 'robot_trajectory' build argument 'cmake_target_skip_unavailable' from command line to 'False'
[0.898s] Level 5:colcon.colcon_core.verb:set package 'robot_trajectory' build argument 'cmake_clean_cache' from command line to 'False'
[0.898s] Level 5:colcon.colcon_core.verb:set package 'robot_trajectory' build argument 'cmake_clean_first' from command line to 'False'
[0.898s] Level 5:colcon.colcon_core.verb:set package 'robot_trajectory' build argument 'cmake_force_configure' from command line to 'False'
[0.898s] Level 5:colcon.colcon_core.verb:set package 'robot_trajectory' build argument 'ament_cmake_args' from command line to 'None'
[0.898s] Level 5:colcon.colcon_core.verb:set package 'robot_trajectory' build argument 'catkin_cmake_args' from command line to 'None'
[0.898s] Level 5:colcon.colcon_core.verb:set package 'robot_trajectory' build argument 'catkin_skip_building_tests' from command line to 'False'
[0.898s] DEBUG:colcon.colcon_core.verb:Building package 'robot_trajectory' with the following arguments: {'ament_cmake_args': None, 'build_base': '/home/pablo/Documentos/IR2117/tb3_ws/src/build/robot_trajectory', 'catkin_cmake_args': None, 'catkin_skip_building_tests': False, 'cmake_args': None, 'cmake_clean_cache': False, 'cmake_clean_first': False, 'cmake_force_configure': False, 'cmake_target': None, 'cmake_target_skip_unavailable': False, 'install_base': '/home/pablo/Documentos/IR2117/tb3_ws/src/install/robot_trajectory', 'merge_install': False, 'path': '/home/pablo/Documentos/IR2117/tb3_ws/src/robot_trajectory', 'symlink_install': False, 'test_result_base': None}
[0.900s] INFO:colcon.colcon_core.executor:Executing jobs using 'parallel' executor
[0.907s] DEBUG:colcon.colcon_parallel_executor.executor.parallel:run_until_complete
[0.908s] INFO:colcon.colcon_ros.task.ament_cmake.build:Building ROS package in '/home/pablo/Documentos/IR2117/tb3_ws/src/robot_trajectory' with build type 'ament_cmake'
[0.908s] INFO:colcon.colcon_cmake.task.cmake.build:Building CMake package in '/home/pablo/Documentos/IR2117/tb3_ws/src/robot_trajectory'
[0.917s] INFO:colcon.colcon_core.plugin_system:Skipping extension 'colcon_core.shell.bat': Not used on non-Windows systems
[0.917s] INFO:colcon.colcon_core.shell:Skip shell extension 'powershell' for command environment: Not usable outside of PowerShell
[0.917s] DEBUG:colcon.colcon_core.shell:Skip shell extension 'dsv' for command environment
[0.945s] DEBUG:colcon.colcon_core.event_handler.log_command:Invoking command in '/home/pablo/Documentos/IR2117/tb3_ws/src/build/robot_trajectory': CMAKE_PREFIX_PATH=${CMAKE_PREFIX_PATH}:/opt/ros/foxy /usr/bin/cmake --build /home/pablo/Documentos/IR2117/tb3_ws/src/build/robot_trajectory -- -j4 -l4
[4.907s] DEBUG:colcon.colcon_core.event_handler.log_command:Invoked command in '/home/pablo/Documentos/IR2117/tb3_ws/src/build/robot_trajectory' returned '2': CMAKE_PREFIX_PATH=${CMAKE_PREFIX_PATH}:/opt/ros/foxy /usr/bin/cmake --build /home/pablo/Documentos/IR2117/tb3_ws/src/build/robot_trajectory -- -j4 -l4
[4.955s] Level 1:colcon.colcon_core.environment:create_environment_scripts_only(robot_trajectory)
[4.966s] Level 1:colcon.colcon_core.environment:checking '/home/pablo/Documentos/IR2117/tb3_ws/src/install/robot_trajectory' for CMake module files
[4.967s] Level 1:colcon.colcon_core.environment:checking '/home/pablo/Documentos/IR2117/tb3_ws/src/install/robot_trajectory' for CMake config files
[4.968s] Level 1:colcon.colcon_core.shell:create_environment_hook('robot_trajectory', 'cmake_prefix_path')
[4.972s] INFO:colcon.colcon_core.shell:Creating environment hook '/home/pablo/Documentos/IR2117/tb3_ws/src/install/robot_trajectory/share/robot_trajectory/hook/cmake_prefix_path.ps1'
[4.973s] INFO:colcon.colcon_core.shell:Creating environment descriptor '/home/pablo/Documentos/IR2117/tb3_ws/src/install/robot_trajectory/share/robot_trajectory/hook/cmake_prefix_path.dsv'
[4.974s] INFO:colcon.colcon_core.shell:Creating environment hook '/home/pablo/Documentos/IR2117/tb3_ws/src/install/robot_trajectory/share/robot_trajectory/hook/cmake_prefix_path.sh'
[4.976s] Level 1:colcon.colcon_core.environment:checking '/home/pablo/Documentos/IR2117/tb3_ws/src/install/robot_trajectory/lib'
[4.976s] Level 1:colcon.colcon_core.environment:checking '/home/pablo/Documentos/IR2117/tb3_ws/src/install/robot_trajectory/bin'
[4.976s] Level 1:colcon.colcon_core.environment:checking '/home/pablo/Documentos/IR2117/tb3_ws/src/install/robot_trajectory/lib/pkgconfig/robot_trajectory.pc'
[4.977s] Level 1:colcon.colcon_core.environment:checking '/home/pablo/Documentos/IR2117/tb3_ws/src/install/robot_trajectory/lib/python3.8/site-packages'
[4.977s] Level 1:colcon.colcon_core.environment:checking '/home/pablo/Documentos/IR2117/tb3_ws/src/install/robot_trajectory/bin'
[4.980s] INFO:colcon.colcon_core.shell:Creating package script '/home/pablo/Documentos/IR2117/tb3_ws/src/install/robot_trajectory/share/robot_trajectory/package.ps1'
[4.982s] INFO:colcon.colcon_core.shell:Creating package descriptor '/home/pablo/Documentos/IR2117/tb3_ws/src/install/robot_trajectory/share/robot_trajectory/package.dsv'
[4.983s] INFO:colcon.colcon_core.shell:Creating package script '/home/pablo/Documentos/IR2117/tb3_ws/src/install/robot_trajectory/share/robot_trajectory/package.sh'
[4.986s] INFO:colcon.colcon_core.shell:Creating package script '/home/pablo/Documentos/IR2117/tb3_ws/src/install/robot_trajectory/share/robot_trajectory/package.bash'
[4.987s] INFO:colcon.colcon_core.shell:Creating package script '/home/pablo/Documentos/IR2117/tb3_ws/src/install/robot_trajectory/share/robot_trajectory/package.zsh'
[4.988s] Level 1:colcon.colcon_core.environment:create_file_with_runtime_dependencies(/home/pablo/Documentos/IR2117/tb3_ws/src/install/robot_trajectory/share/colcon-core/packages/robot_trajectory)
[4.989s] DEBUG:colcon.colcon_parallel_executor.executor.parallel:closing loop
[4.990s] DEBUG:colcon.colcon_parallel_executor.executor.parallel:loop closed
[4.990s] DEBUG:colcon.colcon_parallel_executor.executor.parallel:run_until_complete finished with '2'
[4.990s] DEBUG:colcon.colcon_core.event_reactor:joining thread
[5.000s] INFO:colcon.colcon_core.plugin_system:Skipping extension 'colcon_notification.desktop_notification.terminal_notifier': Not used on non-Darwin systems
[5.000s] INFO:colcon.colcon_core.plugin_system:Skipping extension 'colcon_notification.desktop_notification.win32': Not used on non-Windows systems
[5.000s] INFO:colcon.colcon_notification.desktop_notification:Sending desktop notification using 'notify2'
[5.036s] DEBUG:colcon.colcon_core.event_reactor:joined thread
[5.040s] INFO:colcon.colcon_core.shell:Creating prefix script '/home/pablo/Documentos/IR2117/tb3_ws/src/install/local_setup.ps1'
[5.042s] INFO:colcon.colcon_core.shell:Creating prefix util module '/home/pablo/Documentos/IR2117/tb3_ws/src/install/_local_setup_util_ps1.py'
[5.046s] INFO:colcon.colcon_core.shell:Creating prefix chain script '/home/pablo/Documentos/IR2117/tb3_ws/src/install/setup.ps1'
[5.050s] INFO:colcon.colcon_core.shell:Creating prefix script '/home/pablo/Documentos/IR2117/tb3_ws/src/install/local_setup.sh'
[5.051s] INFO:colcon.colcon_core.shell:Creating prefix util module '/home/pablo/Documentos/IR2117/tb3_ws/src/install/_local_setup_util_sh.py'
[5.052s] INFO:colcon.colcon_core.shell:Creating prefix chain script '/home/pablo/Documentos/IR2117/tb3_ws/src/install/setup.sh'
[5.056s] INFO:colcon.colcon_core.shell:Creating prefix script '/home/pablo/Documentos/IR2117/tb3_ws/src/install/local_setup.bash'
[5.057s] INFO:colcon.colcon_core.shell:Creating prefix chain script '/home/pablo/Documentos/IR2117/tb3_ws/src/install/setup.bash'
[5.060s] INFO:colcon.colcon_core.shell:Creating prefix script '/home/pablo/Documentos/IR2117/tb3_ws/src/install/local_setup.zsh'
[5.061s] INFO:colcon.colcon_core.shell:Creating prefix chain script '/home/pablo/Documentos/IR2117/tb3_ws/src/install/setup.zsh'
