[0.017s] Invoking command in '/home/usuario/Escritorio/GitHub/IR2117/ros2_ws/build/examples_topics': CMAKE_PREFIX_PATH=/opt/ros/foxy /usr/bin/cmake --build /home/usuario/Escritorio/GitHub/IR2117/ros2_ws/build/examples_topics -- -j6 -l6
[0.039s] -- Found ament_cmake: 0.9.11 (/opt/ros/foxy/share/ament_cmake/cmake)
[0.069s] -- Using PYTHON_EXECUTABLE: /usr/bin/python3
[0.248s] -- Found rclcpp: 2.4.2 (/opt/ros/foxy/share/rclcpp/cmake)
[0.277s] -- Using all available rosidl_typesupport_c: rosidl_typesupport_fastrtps_c;rosidl_typesupport_introspection_c
[0.279s] -- Found rosidl_adapter: 1.3.0 (/opt/ros/foxy/share/rosidl_adapter/cmake)
[0.375s] -- Using all available rosidl_typesupport_cpp: rosidl_typesupport_fastrtps_cpp;rosidl_typesupport_introspection_cpp
[0.411s] -- Found rmw_implementation_cmake: 1.0.3 (/opt/ros/foxy/share/rmw_implementation_cmake/cmake)
[0.412s] -- Using RMW implementation 'rmw_fastrtps_cpp' as default
[0.581s] -- Configuring done
[0.591s] -- Generating done
[0.593s] -- Build files have been written to: /home/usuario/Escritorio/GitHub/IR2117/ros2_ws/build/examples_topics
[0.616s] [35m[1mScanning dependencies of target publisher[0m
[0.616s] [35m[1mScanning dependencies of target subscriber[0m
[0.637s] [ 50%] [32mBuilding CXX object CMakeFiles/subscriber.dir/subscriber.cpp.o[0m
[0.637s] [ 50%] [32mBuilding CXX object CMakeFiles/publisher.dir/publisher.cpp.o[0m
[2.934s] [ 75%] [32m[1mLinking CXX executable publisher[0m
[3.045s] [ 75%] Built target publisher
[4.422s] [100%] [32m[1mLinking CXX executable subscriber[0m
[4.587s] [100%] Built target subscriber
[4.599s] Invoked command in '/home/usuario/Escritorio/GitHub/IR2117/ros2_ws/build/examples_topics' returned '0': CMAKE_PREFIX_PATH=/opt/ros/foxy /usr/bin/cmake --build /home/usuario/Escritorio/GitHub/IR2117/ros2_ws/build/examples_topics -- -j6 -l6
[4.631s] Invoking command in '/home/usuario/Escritorio/GitHub/IR2117/ros2_ws/build/examples_topics': CMAKE_PREFIX_PATH=/opt/ros/foxy /usr/bin/cmake --install /home/usuario/Escritorio/GitHub/IR2117/ros2_ws/build/examples_topics
[4.639s] -- Install configuration: ""
[4.640s] -- Installing: /home/usuario/Escritorio/GitHub/IR2117/ros2_ws/install/examples_topics/lib/examples_topics/publisher
[4.641s] -- Set runtime path of "/home/usuario/Escritorio/GitHub/IR2117/ros2_ws/install/examples_topics/lib/examples_topics/publisher" to ""
[4.641s] -- Installing: /home/usuario/Escritorio/GitHub/IR2117/ros2_ws/install/examples_topics/lib/examples_topics/subscriber
[4.642s] -- Set runtime path of "/home/usuario/Escritorio/GitHub/IR2117/ros2_ws/install/examples_topics/lib/examples_topics/subscriber" to ""
[4.642s] -- Up-to-date: /home/usuario/Escritorio/GitHub/IR2117/ros2_ws/install/examples_topics/share/ament_index/resource_index/package_run_dependencies/examples_topics
[4.642s] -- Up-to-date: /home/usuario/Escritorio/GitHub/IR2117/ros2_ws/install/examples_topics/share/ament_index/resource_index/parent_prefix_path/examples_topics
[4.642s] -- Installing: /home/usuario/Escritorio/GitHub/IR2117/ros2_ws/install/examples_topics/share/examples_topics/environment/ament_prefix_path.sh
[4.643s] -- Installing: /home/usuario/Escritorio/GitHub/IR2117/ros2_ws/install/examples_topics/share/examples_topics/environment/ament_prefix_path.dsv
[4.643s] -- Installing: /home/usuario/Escritorio/GitHub/IR2117/ros2_ws/install/examples_topics/share/examples_topics/environment/path.sh
[4.644s] -- Installing: /home/usuario/Escritorio/GitHub/IR2117/ros2_ws/install/examples_topics/share/examples_topics/environment/path.dsv
[4.644s] -- Up-to-date: /home/usuario/Escritorio/GitHub/IR2117/ros2_ws/install/examples_topics/share/examples_topics/local_setup.bash
[4.644s] -- Up-to-date: /home/usuario/Escritorio/GitHub/IR2117/ros2_ws/install/examples_topics/share/examples_topics/local_setup.sh
[4.644s] -- Up-to-date: /home/usuario/Escritorio/GitHub/IR2117/ros2_ws/install/examples_topics/share/examples_topics/local_setup.zsh
[4.644s] -- Installing: /home/usuario/Escritorio/GitHub/IR2117/ros2_ws/install/examples_topics/share/examples_topics/local_setup.dsv
[4.644s] -- Installing: /home/usuario/Escritorio/GitHub/IR2117/ros2_ws/install/examples_topics/share/examples_topics/package.dsv
[4.644s] -- Up-to-date: /home/usuario/Escritorio/GitHub/IR2117/ros2_ws/install/examples_topics/share/ament_index/resource_index/packages/examples_topics
[4.645s] -- Up-to-date: /home/usuario/Escritorio/GitHub/IR2117/ros2_ws/install/examples_topics/share/examples_topics/cmake/examples_topicsConfig.cmake
[4.645s] -- Up-to-date: /home/usuario/Escritorio/GitHub/IR2117/ros2_ws/install/examples_topics/share/examples_topics/cmake/examples_topicsConfig-version.cmake
[4.645s] -- Up-to-date: /home/usuario/Escritorio/GitHub/IR2117/ros2_ws/install/examples_topics/share/examples_topics/package.xml
[4.646s] Invoked command in '/home/usuario/Escritorio/GitHub/IR2117/ros2_ws/build/examples_topics' returned '0': CMAKE_PREFIX_PATH=/opt/ros/foxy /usr/bin/cmake --install /home/usuario/Escritorio/GitHub/IR2117/ros2_ws/build/examples_topics
