[0.173s] DEBUG:colcon:Command line arguments: ['/usr/bin/colcon', 'build']
[0.173s] DEBUG:colcon:Parsed command line arguments: Namespace(allow_overriding=[], ament_cmake_args=None, base_paths=['.'], build_base='build', catkin_cmake_args=None, catkin_skip_building_tests=False, cmake_args=None, cmake_clean_cache=False, cmake_clean_first=False, cmake_force_configure=False, cmake_target=None, cmake_target_skip_unavailable=False, continue_on_error=False, event_handlers=None, executor='parallel', ignore_user_meta=False, install_base='install', log_base=None, log_level=None, main=<bound method BuildVerb.main of <colcon_core.verb.build.BuildVerb object at 0x7f706ff4e8b0>>, merge_install=False, metas=['./colcon.meta'], packages_above=None, packages_above_and_dependencies=None, packages_above_depth=None, packages_end=None, packages_ignore=None, packages_ignore_regex=None, packages_select=None, packages_select_build_failed=False, packages_select_by_dep=None, packages_select_regex=None, packages_select_test_failures=False, packages_skip=None, packages_skip_build_finished=False, packages_skip_by_dep=None, packages_skip_regex=None, packages_skip_test_passed=False, packages_skip_up_to=None, packages_start=None, packages_up_to=None, packages_up_to_regex=None, parallel_workers=6, paths=None, symlink_install=False, test_result_base=None, verb_extension=<colcon_core.verb.build.BuildVerb object at 0x7f706ff4e8b0>, verb_name='build', verb_parser=<colcon_defaults.argument_parser.defaults.DefaultArgumentsDecorator object at 0x7f706ff4ee20>)
[0.197s] Level 1:colcon.colcon_core.package_discovery:discover_packages(colcon_meta) check parameters
[0.197s] Level 1:colcon.colcon_core.package_discovery:discover_packages(recursive) check parameters
[0.197s] Level 1:colcon.colcon_core.package_discovery:discover_packages(ignore) check parameters
[0.197s] Level 1:colcon.colcon_core.package_discovery:discover_packages(path) check parameters
[0.197s] Level 1:colcon.colcon_core.package_discovery:discover_packages(colcon_meta) discover
[0.197s] Level 1:colcon.colcon_core.package_discovery:discover_packages(recursive) discover
[0.197s] INFO:colcon.colcon_core.package_discovery:Crawling recursively for packages in '/home/usuario/Escritorio/GitHub/IR2117/ros2_ws'
[0.197s] Level 1:colcon.colcon_core.package_identification:_identify(.) by extensions ['ignore', 'ignore_ament_install']
[0.197s] Level 1:colcon.colcon_core.package_identification:_identify(.) by extension 'ignore'
[0.197s] Level 1:colcon.colcon_core.package_identification:_identify(.) by extension 'ignore_ament_install'
[0.197s] Level 1:colcon.colcon_core.package_identification:_identify(.) by extensions ['colcon_pkg']
[0.197s] Level 1:colcon.colcon_core.package_identification:_identify(.) by extension 'colcon_pkg'
[0.198s] Level 1:colcon.colcon_core.package_identification:_identify(.) by extensions ['colcon_meta']
[0.198s] Level 1:colcon.colcon_core.package_identification:_identify(.) by extension 'colcon_meta'
[0.198s] Level 1:colcon.colcon_core.package_identification:_identify(.) by extensions ['ros']
[0.198s] Level 1:colcon.colcon_core.package_identification:_identify(.) by extension 'ros'
[0.216s] Level 1:colcon.colcon_core.package_identification:_identify(.) by extensions ['cmake', 'python']
[0.217s] Level 1:colcon.colcon_core.package_identification:_identify(.) by extension 'cmake'
[0.217s] Level 1:colcon.colcon_core.package_identification:_identify(.) by extension 'python'
[0.217s] Level 1:colcon.colcon_core.package_identification:_identify(.) by extensions ['python_setup_py']
[0.217s] Level 1:colcon.colcon_core.package_identification:_identify(.) by extension 'python_setup_py'
[0.217s] Level 1:colcon.colcon_core.package_identification:_identify(build) by extensions ['ignore', 'ignore_ament_install']
[0.217s] Level 1:colcon.colcon_core.package_identification:_identify(build) by extension 'ignore'
[0.217s] Level 1:colcon.colcon_core.package_identification:_identify(build) ignored
[0.217s] Level 1:colcon.colcon_core.package_identification:_identify(install) by extensions ['ignore', 'ignore_ament_install']
[0.217s] Level 1:colcon.colcon_core.package_identification:_identify(install) by extension 'ignore'
[0.217s] Level 1:colcon.colcon_core.package_identification:_identify(install) ignored
[0.217s] Level 1:colcon.colcon_core.package_identification:_identify(log) by extensions ['ignore', 'ignore_ament_install']
[0.217s] Level 1:colcon.colcon_core.package_identification:_identify(log) by extension 'ignore'
[0.217s] Level 1:colcon.colcon_core.package_identification:_identify(log) ignored
[0.217s] Level 1:colcon.colcon_core.package_identification:_identify(src) by extensions ['ignore', 'ignore_ament_install']
[0.217s] Level 1:colcon.colcon_core.package_identification:_identify(src) by extension 'ignore'
[0.217s] Level 1:colcon.colcon_core.package_identification:_identify(src) by extension 'ignore_ament_install'
[0.217s] Level 1:colcon.colcon_core.package_identification:_identify(src) by extensions ['colcon_pkg']
[0.217s] Level 1:colcon.colcon_core.package_identification:_identify(src) by extension 'colcon_pkg'
[0.217s] Level 1:colcon.colcon_core.package_identification:_identify(src) by extensions ['colcon_meta']
[0.217s] Level 1:colcon.colcon_core.package_identification:_identify(src) by extension 'colcon_meta'
[0.217s] Level 1:colcon.colcon_core.package_identification:_identify(src) by extensions ['ros']
[0.217s] Level 1:colcon.colcon_core.package_identification:_identify(src) by extension 'ros'
[0.218s] Level 1:colcon.colcon_core.package_identification:_identify(src) by extensions ['cmake', 'python']
[0.218s] Level 1:colcon.colcon_core.package_identification:_identify(src) by extension 'cmake'
[0.218s] Level 1:colcon.colcon_core.package_identification:_identify(src) by extension 'python'
[0.218s] Level 1:colcon.colcon_core.package_identification:_identify(src) by extensions ['python_setup_py']
[0.218s] Level 1:colcon.colcon_core.package_identification:_identify(src) by extension 'python_setup_py'
[0.218s] Level 1:colcon.colcon_core.package_identification:_identify(src/examples) by extensions ['ignore', 'ignore_ament_install']
[0.218s] Level 1:colcon.colcon_core.package_identification:_identify(src/examples) by extension 'ignore'
[0.218s] Level 1:colcon.colcon_core.package_identification:_identify(src/examples) by extension 'ignore_ament_install'
[0.218s] Level 1:colcon.colcon_core.package_identification:_identify(src/examples) by extensions ['colcon_pkg']
[0.218s] Level 1:colcon.colcon_core.package_identification:_identify(src/examples) by extension 'colcon_pkg'
[0.218s] Level 1:colcon.colcon_core.package_identification:_identify(src/examples) by extensions ['colcon_meta']
[0.218s] Level 1:colcon.colcon_core.package_identification:_identify(src/examples) by extension 'colcon_meta'
[0.218s] Level 1:colcon.colcon_core.package_identification:_identify(src/examples) by extensions ['ros']
[0.218s] Level 1:colcon.colcon_core.package_identification:_identify(src/examples) by extension 'ros'
[0.218s] Level 1:colcon.colcon_core.package_identification:_identify(src/examples) by extensions ['cmake', 'python']
[0.218s] Level 1:colcon.colcon_core.package_identification:_identify(src/examples) by extension 'cmake'
[0.218s] Level 1:colcon.colcon_core.package_identification:_identify(src/examples) by extension 'python'
[0.218s] Level 1:colcon.colcon_core.package_identification:_identify(src/examples) by extensions ['python_setup_py']
[0.218s] Level 1:colcon.colcon_core.package_identification:_identify(src/examples) by extension 'python_setup_py'
[0.218s] Level 1:colcon.colcon_core.package_identification:_identify(src/examples/topics) by extensions ['ignore', 'ignore_ament_install']
[0.219s] Level 1:colcon.colcon_core.package_identification:_identify(src/examples/topics) by extension 'ignore'
[0.219s] Level 1:colcon.colcon_core.package_identification:_identify(src/examples/topics) by extension 'ignore_ament_install'
[0.219s] Level 1:colcon.colcon_core.package_identification:_identify(src/examples/topics) by extensions ['colcon_pkg']
[0.219s] Level 1:colcon.colcon_core.package_identification:_identify(src/examples/topics) by extension 'colcon_pkg'
[0.219s] Level 1:colcon.colcon_core.package_identification:_identify(src/examples/topics) by extensions ['colcon_meta']
[0.219s] Level 1:colcon.colcon_core.package_identification:_identify(src/examples/topics) by extension 'colcon_meta'
[0.219s] Level 1:colcon.colcon_core.package_identification:_identify(src/examples/topics) by extensions ['ros']
[0.219s] Level 1:colcon.colcon_core.package_identification:_identify(src/examples/topics) by extension 'ros'
[0.227s] DEBUG:colcon.colcon_core.package_identification:Package 'src/examples/topics' with type 'ros.ament_cmake' and name 'examples_topics'
[0.227s] Level 1:colcon.colcon_core.package_discovery:discover_packages(recursive) using defaults
[0.227s] Level 1:colcon.colcon_core.package_discovery:discover_packages(ignore) discover
[0.227s] Level 1:colcon.colcon_core.package_discovery:discover_packages(ignore) using defaults
[0.227s] Level 1:colcon.colcon_core.package_discovery:discover_packages(path) discover
[0.227s] Level 1:colcon.colcon_core.package_discovery:discover_packages(path) using defaults
[0.249s] Level 1:colcon.colcon_core.package_discovery:discover_packages(prefix_path) check parameters
[0.249s] Level 1:colcon.colcon_core.package_discovery:discover_packages(prefix_path) discover
[0.253s] DEBUG:colcon.colcon_installed_package_information.package_discovery:Found 271 installed packages in /opt/ros/foxy
[0.254s] Level 1:colcon.colcon_core.package_discovery:discover_packages(prefix_path) using defaults
[0.301s] Level 5:colcon.colcon_core.verb:set package 'examples_topics' build argument 'cmake_args' from command line to 'None'
[0.301s] Level 5:colcon.colcon_core.verb:set package 'examples_topics' build argument 'cmake_target' from command line to 'None'
[0.301s] Level 5:colcon.colcon_core.verb:set package 'examples_topics' build argument 'cmake_target_skip_unavailable' from command line to 'False'
[0.301s] Level 5:colcon.colcon_core.verb:set package 'examples_topics' build argument 'cmake_clean_cache' from command line to 'False'
[0.301s] Level 5:colcon.colcon_core.verb:set package 'examples_topics' build argument 'cmake_clean_first' from command line to 'False'
[0.301s] Level 5:colcon.colcon_core.verb:set package 'examples_topics' build argument 'cmake_force_configure' from command line to 'False'
[0.301s] Level 5:colcon.colcon_core.verb:set package 'examples_topics' build argument 'ament_cmake_args' from command line to 'None'
[0.301s] Level 5:colcon.colcon_core.verb:set package 'examples_topics' build argument 'catkin_cmake_args' from command line to 'None'
[0.301s] Level 5:colcon.colcon_core.verb:set package 'examples_topics' build argument 'catkin_skip_building_tests' from command line to 'False'
[0.301s] DEBUG:colcon.colcon_core.verb:Building package 'examples_topics' with the following arguments: {'ament_cmake_args': None, 'build_base': '/home/usuario/Escritorio/GitHub/IR2117/ros2_ws/build/examples_topics', 'catkin_cmake_args': None, 'catkin_skip_building_tests': False, 'cmake_args': None, 'cmake_clean_cache': False, 'cmake_clean_first': False, 'cmake_force_configure': False, 'cmake_target': None, 'cmake_target_skip_unavailable': False, 'install_base': '/home/usuario/Escritorio/GitHub/IR2117/ros2_ws/install/examples_topics', 'merge_install': False, 'path': '/home/usuario/Escritorio/GitHub/IR2117/ros2_ws/src/examples/topics', 'symlink_install': False, 'test_result_base': None}
[0.302s] INFO:colcon.colcon_core.executor:Executing jobs using 'parallel' executor
[0.307s] DEBUG:colcon.colcon_parallel_executor.executor.parallel:run_until_complete
[0.308s] INFO:colcon.colcon_ros.task.ament_cmake.build:Building ROS package in '/home/usuario/Escritorio/GitHub/IR2117/ros2_ws/src/examples/topics' with build type 'ament_cmake'
[0.308s] INFO:colcon.colcon_cmake.task.cmake.build:Building CMake package in '/home/usuario/Escritorio/GitHub/IR2117/ros2_ws/src/examples/topics'
[0.313s] INFO:colcon.colcon_core.plugin_system:Skipping extension 'colcon_core.shell.bat': Not used on non-Windows systems
[0.313s] INFO:colcon.colcon_core.shell:Skip shell extension 'powershell' for command environment: Not usable outside of PowerShell
[0.313s] DEBUG:colcon.colcon_core.shell:Skip shell extension 'dsv' for command environment
[0.327s] DEBUG:colcon.colcon_core.event_handler.log_command:Invoking command in '/home/usuario/Escritorio/GitHub/IR2117/ros2_ws/build/examples_topics': CMAKE_PREFIX_PATH=/opt/ros/foxy /usr/bin/cmake --build /home/usuario/Escritorio/GitHub/IR2117/ros2_ws/build/examples_topics -- -j6 -l6
[4.909s] DEBUG:colcon.colcon_core.event_handler.log_command:Invoked command in '/home/usuario/Escritorio/GitHub/IR2117/ros2_ws/build/examples_topics' returned '0': CMAKE_PREFIX_PATH=/opt/ros/foxy /usr/bin/cmake --build /home/usuario/Escritorio/GitHub/IR2117/ros2_ws/build/examples_topics -- -j6 -l6
[4.941s] DEBUG:colcon.colcon_core.event_handler.log_command:Invoking command in '/home/usuario/Escritorio/GitHub/IR2117/ros2_ws/build/examples_topics': CMAKE_PREFIX_PATH=/opt/ros/foxy /usr/bin/cmake --install /home/usuario/Escritorio/GitHub/IR2117/ros2_ws/build/examples_topics
[4.955s] Level 1:colcon.colcon_core.environment:create_environment_scripts_only(examples_topics)
[4.958s] DEBUG:colcon.colcon_core.event_handler.log_command:Invoked command in '/home/usuario/Escritorio/GitHub/IR2117/ros2_ws/build/examples_topics' returned '0': CMAKE_PREFIX_PATH=/opt/ros/foxy /usr/bin/cmake --install /home/usuario/Escritorio/GitHub/IR2117/ros2_ws/build/examples_topics
[4.964s] Level 1:colcon.colcon_core.environment:checking '/home/usuario/Escritorio/GitHub/IR2117/ros2_ws/install/examples_topics' for CMake module files
[4.964s] Level 1:colcon.colcon_core.environment:checking '/home/usuario/Escritorio/GitHub/IR2117/ros2_ws/install/examples_topics' for CMake config files
[4.965s] Level 1:colcon.colcon_core.shell:create_environment_hook('examples_topics', 'cmake_prefix_path')
[4.968s] INFO:colcon.colcon_core.shell:Creating environment hook '/home/usuario/Escritorio/GitHub/IR2117/ros2_ws/install/examples_topics/share/examples_topics/hook/cmake_prefix_path.ps1'
[4.969s] INFO:colcon.colcon_core.shell:Creating environment descriptor '/home/usuario/Escritorio/GitHub/IR2117/ros2_ws/install/examples_topics/share/examples_topics/hook/cmake_prefix_path.dsv'
[4.970s] INFO:colcon.colcon_core.shell:Creating environment hook '/home/usuario/Escritorio/GitHub/IR2117/ros2_ws/install/examples_topics/share/examples_topics/hook/cmake_prefix_path.sh'
[4.973s] Level 1:colcon.colcon_core.environment:checking '/home/usuario/Escritorio/GitHub/IR2117/ros2_ws/install/examples_topics/lib'
[4.973s] Level 1:colcon.colcon_core.environment:checking '/home/usuario/Escritorio/GitHub/IR2117/ros2_ws/install/examples_topics/bin'
[4.973s] Level 1:colcon.colcon_core.environment:checking '/home/usuario/Escritorio/GitHub/IR2117/ros2_ws/install/examples_topics/lib/pkgconfig/examples_topics.pc'
[4.973s] Level 1:colcon.colcon_core.environment:checking '/home/usuario/Escritorio/GitHub/IR2117/ros2_ws/install/examples_topics/lib/python3.8/site-packages'
[4.973s] Level 1:colcon.colcon_core.environment:checking '/home/usuario/Escritorio/GitHub/IR2117/ros2_ws/install/examples_topics/bin'
[4.977s] INFO:colcon.colcon_core.shell:Creating package script '/home/usuario/Escritorio/GitHub/IR2117/ros2_ws/install/examples_topics/share/examples_topics/package.ps1'
[4.978s] INFO:colcon.colcon_core.shell:Creating package descriptor '/home/usuario/Escritorio/GitHub/IR2117/ros2_ws/install/examples_topics/share/examples_topics/package.dsv'
[4.979s] INFO:colcon.colcon_core.shell:Creating package script '/home/usuario/Escritorio/GitHub/IR2117/ros2_ws/install/examples_topics/share/examples_topics/package.sh'
[4.979s] INFO:colcon.colcon_core.shell:Creating package script '/home/usuario/Escritorio/GitHub/IR2117/ros2_ws/install/examples_topics/share/examples_topics/package.bash'
[4.980s] INFO:colcon.colcon_core.shell:Creating package script '/home/usuario/Escritorio/GitHub/IR2117/ros2_ws/install/examples_topics/share/examples_topics/package.zsh'
[4.981s] Level 1:colcon.colcon_core.environment:create_file_with_runtime_dependencies(/home/usuario/Escritorio/GitHub/IR2117/ros2_ws/install/examples_topics/share/colcon-core/packages/examples_topics)
[5.005s] Level 1:colcon.colcon_core.environment:create_environment_scripts_only(examples_topics)
[5.009s] Level 1:colcon.colcon_core.environment:checking '/home/usuario/Escritorio/GitHub/IR2117/ros2_ws/install/examples_topics' for CMake module files
[5.009s] Level 1:colcon.colcon_core.environment:checking '/home/usuario/Escritorio/GitHub/IR2117/ros2_ws/install/examples_topics' for CMake config files
[5.010s] Level 1:colcon.colcon_core.shell:create_environment_hook('examples_topics', 'cmake_prefix_path')
[5.012s] INFO:colcon.colcon_core.shell:Creating environment hook '/home/usuario/Escritorio/GitHub/IR2117/ros2_ws/install/examples_topics/share/examples_topics/hook/cmake_prefix_path.ps1'
[5.013s] INFO:colcon.colcon_core.shell:Creating environment descriptor '/home/usuario/Escritorio/GitHub/IR2117/ros2_ws/install/examples_topics/share/examples_topics/hook/cmake_prefix_path.dsv'
[5.015s] INFO:colcon.colcon_core.shell:Creating environment hook '/home/usuario/Escritorio/GitHub/IR2117/ros2_ws/install/examples_topics/share/examples_topics/hook/cmake_prefix_path.sh'
[5.016s] Level 1:colcon.colcon_core.environment:checking '/home/usuario/Escritorio/GitHub/IR2117/ros2_ws/install/examples_topics/lib'
[5.016s] Level 1:colcon.colcon_core.environment:checking '/home/usuario/Escritorio/GitHub/IR2117/ros2_ws/install/examples_topics/bin'
[5.016s] Level 1:colcon.colcon_core.environment:checking '/home/usuario/Escritorio/GitHub/IR2117/ros2_ws/install/examples_topics/lib/pkgconfig/examples_topics.pc'
[5.017s] Level 1:colcon.colcon_core.environment:checking '/home/usuario/Escritorio/GitHub/IR2117/ros2_ws/install/examples_topics/lib/python3.8/site-packages'
[5.017s] Level 1:colcon.colcon_core.environment:checking '/home/usuario/Escritorio/GitHub/IR2117/ros2_ws/install/examples_topics/bin'
[5.020s] INFO:colcon.colcon_core.shell:Creating package script '/home/usuario/Escritorio/GitHub/IR2117/ros2_ws/install/examples_topics/share/examples_topics/package.ps1'
[5.021s] INFO:colcon.colcon_core.shell:Creating package descriptor '/home/usuario/Escritorio/GitHub/IR2117/ros2_ws/install/examples_topics/share/examples_topics/package.dsv'
[5.022s] INFO:colcon.colcon_core.shell:Creating package script '/home/usuario/Escritorio/GitHub/IR2117/ros2_ws/install/examples_topics/share/examples_topics/package.sh'
[5.023s] INFO:colcon.colcon_core.shell:Creating package script '/home/usuario/Escritorio/GitHub/IR2117/ros2_ws/install/examples_topics/share/examples_topics/package.bash'
[5.024s] INFO:colcon.colcon_core.shell:Creating package script '/home/usuario/Escritorio/GitHub/IR2117/ros2_ws/install/examples_topics/share/examples_topics/package.zsh'
[5.025s] Level 1:colcon.colcon_core.environment:create_file_with_runtime_dependencies(/home/usuario/Escritorio/GitHub/IR2117/ros2_ws/install/examples_topics/share/colcon-core/packages/examples_topics)
[5.027s] DEBUG:colcon.colcon_parallel_executor.executor.parallel:closing loop
[5.027s] DEBUG:colcon.colcon_parallel_executor.executor.parallel:loop closed
[5.027s] DEBUG:colcon.colcon_parallel_executor.executor.parallel:run_until_complete finished with '0'
[5.027s] DEBUG:colcon.colcon_core.event_reactor:joining thread
[5.033s] INFO:colcon.colcon_core.plugin_system:Skipping extension 'colcon_notification.desktop_notification.terminal_notifier': Not used on non-Darwin systems
[5.033s] INFO:colcon.colcon_core.plugin_system:Skipping extension 'colcon_notification.desktop_notification.win32': Not used on non-Windows systems
[5.033s] INFO:colcon.colcon_notification.desktop_notification:Sending desktop notification using 'notify2'
[5.049s] DEBUG:colcon.colcon_core.event_reactor:joined thread
[5.051s] INFO:colcon.colcon_core.shell:Creating prefix script '/home/usuario/Escritorio/GitHub/IR2117/ros2_ws/install/local_setup.ps1'
[5.052s] INFO:colcon.colcon_core.shell:Creating prefix util module '/home/usuario/Escritorio/GitHub/IR2117/ros2_ws/install/_local_setup_util_ps1.py'
[5.053s] INFO:colcon.colcon_core.shell:Creating prefix chain script '/home/usuario/Escritorio/GitHub/IR2117/ros2_ws/install/setup.ps1'
[5.055s] INFO:colcon.colcon_core.shell:Creating prefix script '/home/usuario/Escritorio/GitHub/IR2117/ros2_ws/install/local_setup.sh'
[5.056s] INFO:colcon.colcon_core.shell:Creating prefix util module '/home/usuario/Escritorio/GitHub/IR2117/ros2_ws/install/_local_setup_util_sh.py'
[5.056s] INFO:colcon.colcon_core.shell:Creating prefix chain script '/home/usuario/Escritorio/GitHub/IR2117/ros2_ws/install/setup.sh'
[5.059s] INFO:colcon.colcon_core.shell:Creating prefix script '/home/usuario/Escritorio/GitHub/IR2117/ros2_ws/install/local_setup.bash'
[5.059s] INFO:colcon.colcon_core.shell:Creating prefix chain script '/home/usuario/Escritorio/GitHub/IR2117/ros2_ws/install/setup.bash'
[5.061s] INFO:colcon.colcon_core.shell:Creating prefix script '/home/usuario/Escritorio/GitHub/IR2117/ros2_ws/install/local_setup.zsh'
[5.061s] INFO:colcon.colcon_core.shell:Creating prefix chain script '/home/usuario/Escritorio/GitHub/IR2117/ros2_ws/install/setup.zsh'
