[0.031s] Invoking command in '/home/usuario/Documentos/GitHub/IR2117/tb3_ws/src/obstacles/build/obstacles': CMAKE_PREFIX_PATH=${CMAKE_PREFIX_PATH}:/opt/ros/foxy /usr/bin/cmake /home/usuario/Documentos/GitHub/IR2117/tb3_ws/src/obstacles -DCMAKE_INSTALL_PREFIX=/home/usuario/Documentos/GitHub/IR2117/tb3_ws/src/obstacles/install/obstacles
[1.072s] -- The C compiler identification is GNU 9.4.0
[1.291s] -- The CXX compiler identification is GNU 9.4.0
[1.301s] -- Check for working C compiler: /usr/bin/cc
[1.443s] -- Check for working C compiler: /usr/bin/cc -- works
[1.446s] -- Detecting C compiler ABI info
[1.583s] -- Detecting C compiler ABI info - done
[1.608s] -- Detecting C compile features
[1.617s] -- Detecting C compile features - done
[1.622s] -- Check for working CXX compiler: /usr/bin/c++
[1.787s] -- Check for working CXX compiler: /usr/bin/c++ -- works
[1.790s] -- Detecting CXX compiler ABI info
[1.955s] -- Detecting CXX compiler ABI info - done
[1.987s] -- Detecting CXX compile features
[1.988s] -- Detecting CXX compile features - done
[1.992s] -- Found ament_cmake: 0.9.11 (/opt/ros/foxy/share/ament_cmake/cmake)
[2.044s] -- Found PythonInterp: /usr/bin/python3 (found suitable version "3.8.10", minimum required is "3") 
[2.044s] -- Using PYTHON_EXECUTABLE: /usr/bin/python3
[2.528s] -- Found rclcpp: 2.4.2 (/opt/ros/foxy/share/rclcpp/cmake)
[2.633s] -- Using all available rosidl_typesupport_c: rosidl_typesupport_fastrtps_c;rosidl_typesupport_introspection_c
[2.671s] -- Found rosidl_adapter: 1.3.0 (/opt/ros/foxy/share/rosidl_adapter/cmake)
[3.099s] -- Found OpenSSL: /usr/lib/x86_64-linux-gnu/libcrypto.so (found version "1.1.1f")  
[3.166s] -- Found FastRTPS: /opt/ros/foxy/include  
[3.337s] -- Using all available rosidl_typesupport_cpp: rosidl_typesupport_fastrtps_cpp;rosidl_typesupport_introspection_cpp
[3.467s] -- Found rmw_implementation_cmake: 1.0.3 (/opt/ros/foxy/share/rmw_implementation_cmake/cmake)
[3.471s] -- Using RMW implementation 'rmw_fastrtps_cpp' as default
[3.476s] -- Looking for pthread.h
[3.669s] -- Looking for pthread.h - found
[3.670s] -- Performing Test CMAKE_HAVE_LIBC_PTHREAD
[3.835s] -- Performing Test CMAKE_HAVE_LIBC_PTHREAD - Failed
[3.836s] -- Looking for pthread_create in pthreads
[3.997s] -- Looking for pthread_create in pthreads - not found
[3.998s] -- Looking for pthread_create in pthread
[4.139s] -- Looking for pthread_create in pthread - found
[4.142s] -- Found Threads: TRUE  
[4.488s] -- Found sensor_msgs: 2.0.5 (/opt/ros/foxy/share/sensor_msgs/cmake)
[4.762s] -- Found example_interfaces: 0.9.1 (/opt/ros/foxy/share/example_interfaces/cmake)
[5.023s] -- Found ament_lint_auto: 0.9.7 (/opt/ros/foxy/share/ament_lint_auto/cmake)
[5.179s] -- Added test 'copyright' to check source files copyright and LICENSE
[5.191s] -- Added test 'cppcheck' to perform static code analysis on C / C++ code
[5.191s] -- Configured cppcheck include dirs: 
[5.191s] -- Configured cppcheck exclude dirs and/or files: 
[5.201s] -- Added test 'cpplint' to check C / C++ code against the Google style
[5.202s] -- Configured cpplint exclude dirs and/or files: 
[5.204s] -- Added test 'flake8' to check Python code syntax and style conventions
[5.208s] -- Added test 'lint_cmake' to check CMake code style
[5.210s] -- Added test 'pep257' to check Python code against some of the style conventions in PEP 257
[5.221s] -- Added test 'uncrustify' to check C / C++ code style
[5.221s] -- Configured uncrustify additional arguments: 
[5.223s] -- Added test 'xmllint' to check XML markup files
[5.231s] -- Configuring done
[5.255s] -- Generating done
[5.260s] -- Build files have been written to: /home/usuario/Documentos/GitHub/IR2117/tb3_ws/src/obstacles/build/obstacles
[5.275s] Invoked command in '/home/usuario/Documentos/GitHub/IR2117/tb3_ws/src/obstacles/build/obstacles' returned '0': CMAKE_PREFIX_PATH=${CMAKE_PREFIX_PATH}:/opt/ros/foxy /usr/bin/cmake /home/usuario/Documentos/GitHub/IR2117/tb3_ws/src/obstacles -DCMAKE_INSTALL_PREFIX=/home/usuario/Documentos/GitHub/IR2117/tb3_ws/src/obstacles/install/obstacles
[5.281s] Invoking command in '/home/usuario/Documentos/GitHub/IR2117/tb3_ws/src/obstacles/build/obstacles': CMAKE_PREFIX_PATH=${CMAKE_PREFIX_PATH}:/opt/ros/foxy /usr/bin/cmake --build /home/usuario/Documentos/GitHub/IR2117/tb3_ws/src/obstacles/build/obstacles -- -j4 -l4
[5.364s] [35m[1mScanning dependencies of target detector[0m
[5.459s] [ 50%] [32mBuilding CXX object CMakeFiles/detector.dir/src/detector.cpp.o[0m
[8.261s] [01m[K/home/usuario/Documentos/GitHub/IR2117/tb3_ws/src/obstacles/src/detector.cpp:[m[K In function ‘[01m[Kvoid callback(sensor_msgs::msg::LaserScan_<std::allocator<void> >::SharedPtr)[m[K’:
[8.261s] [01m[K/home/usuario/Documentos/GitHub/IR2117/tb3_ws/src/obstacles/src/detector.cpp:9:60:[m[K [01;35m[Kwarning: [m[Kunused parameter ‘[01m[Kmsg[m[K’ [[01;35m[K-Wunused-parameter[m[K]
[8.261s]     9 | void callback([01;35m[Kconst sensor_msgs::msg::LaserScan::SharedPtr msg[m[K)
[8.262s]       |               [01;35m[K~~~~~~~~~~~~~~~~~~~~~~~~~~~~~~~~~~~~~~~~~~~~~^~~[m[K
[8.298s] [01m[K/home/usuario/Documentos/GitHub/IR2117/tb3_ws/src/obstacles/src/detector.cpp:[m[K In function ‘[01m[Kint main(int, char**)[m[K’:
[8.298s] [01m[K/home/usuario/Documentos/GitHub/IR2117/tb3_ws/src/obstacles/src/detector.cpp:25:10:[m[K [01;35m[Kwarning: [m[Kunused variable ‘[01m[Kobs_angle_min[m[K’ [[01;35m[K-Wunused-variable[m[K]
[8.298s]    25 |   double [01;35m[Kobs_angle_min[m[K = node->get_parameter("obs_angle_min").get_parameter_value().get<double>();
[8.298s]       |          [01;35m[K^~~~~~~~~~~~~[m[K
[8.299s] [01m[K/home/usuario/Documentos/GitHub/IR2117/tb3_ws/src/obstacles/src/detector.cpp:26:10:[m[K [01;35m[Kwarning: [m[Kunused variable ‘[01m[Kobs_angle_max[m[K’ [[01;35m[K-Wunused-variable[m[K]
[8.299s]    26 |   double [01;35m[Kobs_angle_max[m[K = node->get_parameter("obs_angle_max").get_parameter_value().get<double>();
[8.299s]       |          [01;35m[K^~~~~~~~~~~~~[m[K
[8.299s] [01m[K/home/usuario/Documentos/GitHub/IR2117/tb3_ws/src/obstacles/src/detector.cpp:27:10:[m[K [01;35m[Kwarning: [m[Kunused variable ‘[01m[Kobs_threshold[m[K’ [[01;35m[K-Wunused-variable[m[K]
[8.299s]    27 |   double [01;35m[Kobs_threshold[m[K = node->get_parameter("obs_threshold").get_parameter_value().get<double>();
[8.299s]       |          [01;35m[K^~~~~~~~~~~~~[m[K
[16.407s] [100%] [32m[1mLinking CXX executable detector[0m
[17.066s] [100%] Built target detector
[17.088s] Invoked command in '/home/usuario/Documentos/GitHub/IR2117/tb3_ws/src/obstacles/build/obstacles' returned '0': CMAKE_PREFIX_PATH=${CMAKE_PREFIX_PATH}:/opt/ros/foxy /usr/bin/cmake --build /home/usuario/Documentos/GitHub/IR2117/tb3_ws/src/obstacles/build/obstacles -- -j4 -l4
[17.161s] Invoking command in '/home/usuario/Documentos/GitHub/IR2117/tb3_ws/src/obstacles/build/obstacles': CMAKE_PREFIX_PATH=${CMAKE_PREFIX_PATH}:/opt/ros/foxy /usr/bin/cmake --install /home/usuario/Documentos/GitHub/IR2117/tb3_ws/src/obstacles/build/obstacles
[17.177s] -- Install configuration: ""
[17.177s] -- Installing: /home/usuario/Documentos/GitHub/IR2117/tb3_ws/src/obstacles/install/obstacles/lib/obstacles/detector
[17.184s] -- Set runtime path of "/home/usuario/Documentos/GitHub/IR2117/tb3_ws/src/obstacles/install/obstacles/lib/obstacles/detector" to ""
[17.184s] -- Installing: /home/usuario/Documentos/GitHub/IR2117/tb3_ws/src/obstacles/install/obstacles/share/obstacles/launch
[17.184s] -- Installing: /home/usuario/Documentos/GitHub/IR2117/tb3_ws/src/obstacles/install/obstacles/share/obstacles/launch/detector_test.launch.py
[17.185s] -- Installing: /home/usuario/Documentos/GitHub/IR2117/tb3_ws/src/obstacles/install/obstacles/share/ament_index/resource_index/package_run_dependencies/obstacles
[17.185s] -- Installing: /home/usuario/Documentos/GitHub/IR2117/tb3_ws/src/obstacles/install/obstacles/share/ament_index/resource_index/parent_prefix_path/obstacles
[17.185s] -- Installing: /home/usuario/Documentos/GitHub/IR2117/tb3_ws/src/obstacles/install/obstacles/share/obstacles/environment/ament_prefix_path.sh
[17.186s] -- Installing: /home/usuario/Documentos/GitHub/IR2117/tb3_ws/src/obstacles/install/obstacles/share/obstacles/environment/ament_prefix_path.dsv
[17.186s] -- Installing: /home/usuario/Documentos/GitHub/IR2117/tb3_ws/src/obstacles/install/obstacles/share/obstacles/environment/path.sh
[17.186s] -- Installing: /home/usuario/Documentos/GitHub/IR2117/tb3_ws/src/obstacles/install/obstacles/share/obstacles/environment/path.dsv
[17.187s] -- Installing: /home/usuario/Documentos/GitHub/IR2117/tb3_ws/src/obstacles/install/obstacles/share/obstacles/local_setup.bash
[17.187s] -- Installing: /home/usuario/Documentos/GitHub/IR2117/tb3_ws/src/obstacles/install/obstacles/share/obstacles/local_setup.sh
[17.187s] -- Installing: /home/usuario/Documentos/GitHub/IR2117/tb3_ws/src/obstacles/install/obstacles/share/obstacles/local_setup.zsh
[17.188s] -- Installing: /home/usuario/Documentos/GitHub/IR2117/tb3_ws/src/obstacles/install/obstacles/share/obstacles/local_setup.dsv
[17.188s] -- Installing: /home/usuario/Documentos/GitHub/IR2117/tb3_ws/src/obstacles/install/obstacles/share/obstacles/package.dsv
[17.188s] -- Installing: /home/usuario/Documentos/GitHub/IR2117/tb3_ws/src/obstacles/install/obstacles/share/ament_index/resource_index/packages/obstacles
[17.189s] -- Installing: /home/usuario/Documentos/GitHub/IR2117/tb3_ws/src/obstacles/install/obstacles/share/obstacles/cmake/obstaclesConfig.cmake
[17.189s] -- Installing: /home/usuario/Documentos/GitHub/IR2117/tb3_ws/src/obstacles/install/obstacles/share/obstacles/cmake/obstaclesConfig-version.cmake
[17.189s] -- Installing: /home/usuario/Documentos/GitHub/IR2117/tb3_ws/src/obstacles/install/obstacles/share/obstacles/package.xml
[17.193s] Invoked command in '/home/usuario/Documentos/GitHub/IR2117/tb3_ws/src/obstacles/build/obstacles' returned '0': CMAKE_PREFIX_PATH=${CMAKE_PREFIX_PATH}:/opt/ros/foxy /usr/bin/cmake --install /home/usuario/Documentos/GitHub/IR2117/tb3_ws/src/obstacles/build/obstacles
