[01m[K/home/usuario/Documentos/GitHub/IR2117/tb3_ws/src/obstacles/src/avoidance.cpp:[m[K In function ‘[01m[Kvoid callback_front(example_interfaces::msg::Bool_<std::allocator<void> >::SharedPtr)[m[K’:
[01m[K/home/usuario/Documentos/GitHub/IR2117/tb3_ws/src/obstacles/src/avoidance.cpp:12:13:[m[K [01;31m[Kerror: [m[Kcannot convert ‘[01m[Kconst SharedPtr[m[K’ {aka ‘[01m[Kconst std::shared_ptr<example_interfaces::msg::Bool_<std::allocator<void> > >[m[K’} to ‘[01m[Kbool[m[K’ in assignment
   12 |     front = [01;31m[Kmsg[m[K;
      |             [01;31m[K^~~[m[K
      |             [01;31m[K|[m[K
      |             [01;31m[Kconst SharedPtr {aka const std::shared_ptr<example_interfaces::msg::Bool_<std::allocator<void> > >}[m[K
[01m[K/home/usuario/Documentos/GitHub/IR2117/tb3_ws/src/obstacles/src/avoidance.cpp:[m[K In function ‘[01m[Kvoid callback_left(example_interfaces::msg::Bool_<std::allocator<void> >::SharedPtr)[m[K’:
[01m[K/home/usuario/Documentos/GitHub/IR2117/tb3_ws/src/obstacles/src/avoidance.cpp:16:12:[m[K [01;31m[Kerror: [m[Kcannot convert ‘[01m[Kconst SharedPtr[m[K’ {aka ‘[01m[Kconst std::shared_ptr<example_interfaces::msg::Bool_<std::allocator<void> > >[m[K’} to ‘[01m[Kbool[m[K’ in assignment
   16 |     left = [01;31m[Kmsg[m[K;
      |            [01;31m[K^~~[m[K
      |            [01;31m[K|[m[K
      |            [01;31m[Kconst SharedPtr {aka const std::shared_ptr<example_interfaces::msg::Bool_<std::allocator<void> > >}[m[K
[01m[K/home/usuario/Documentos/GitHub/IR2117/tb3_ws/src/obstacles/src/avoidance.cpp:[m[K In function ‘[01m[Kvoid callback_right(example_interfaces::msg::Bool_<std::allocator<void> >::SharedPtr)[m[K’:
[01m[K/home/usuario/Documentos/GitHub/IR2117/tb3_ws/src/obstacles/src/avoidance.cpp:20:13:[m[K [01;31m[Kerror: [m[Kcannot convert ‘[01m[Kconst SharedPtr[m[K’ {aka ‘[01m[Kconst std::shared_ptr<example_interfaces::msg::Bool_<std::allocator<void> > >[m[K’} to ‘[01m[Kbool[m[K’ in assignment
   20 |     right = [01;31m[Kmsg[m[K;
      |             [01;31m[K^~~[m[K
      |             [01;31m[K|[m[K
      |             [01;31m[Kconst SharedPtr {aka const std::shared_ptr<example_interfaces::msg::Bool_<std::allocator<void> > >}[m[K
make[2]: *** [CMakeFiles/avoidance.dir/build.make:63: CMakeFiles/avoidance.dir/src/avoidance.cpp.o] Error 1
make[1]: *** [CMakeFiles/Makefile2:107: CMakeFiles/avoidance.dir/all] Error 2
make[1]: *** Se espera a que terminen otras tareas....
make: *** [Makefile:141: all] Error 2
