[0.715s] DEBUG:colcon:Command line arguments: ['/usr/bin/colcon', 'build']
[0.715s] DEBUG:colcon:Parsed command line arguments: Namespace(allow_overriding=[], ament_cmake_args=None, base_paths=['.'], build_base='build', catkin_cmake_args=None, catkin_skip_building_tests=False, cmake_args=None, cmake_clean_cache=False, cmake_clean_first=False, cmake_force_configure=False, cmake_target=None, cmake_target_skip_unavailable=False, continue_on_error=False, event_handlers=None, executor='parallel', ignore_user_meta=False, install_base='install', log_base=None, log_level=None, main=<bound method BuildVerb.main of <colcon_core.verb.build.BuildVerb object at 0x7f1c60fc0be0>>, merge_install=False, metas=['./colcon.meta'], packages_above=None, packages_above_and_dependencies=None, packages_above_depth=None, packages_end=None, packages_ignore=None, packages_ignore_regex=None, packages_select=None, packages_select_build_failed=False, packages_select_by_dep=None, packages_select_regex=None, packages_select_test_failures=False, packages_skip=None, packages_skip_build_finished=False, packages_skip_by_dep=None, packages_skip_regex=None, packages_skip_test_passed=False, packages_skip_up_to=None, packages_start=None, packages_up_to=None, packages_up_to_regex=None, parallel_workers=4, paths=None, symlink_install=False, test_result_base=None, verb_extension=<colcon_core.verb.build.BuildVerb object at 0x7f1c60fc0be0>, verb_name='build', verb_parser=<colcon_defaults.argument_parser.defaults.DefaultArgumentsDecorator object at 0x7f1c60fcb190>)
[0.777s] Level 1:colcon.colcon_core.package_discovery:discover_packages(colcon_meta) check parameters
[0.777s] Level 1:colcon.colcon_core.package_discovery:discover_packages(recursive) check parameters
[0.777s] Level 1:colcon.colcon_core.package_discovery:discover_packages(ignore) check parameters
[0.777s] Level 1:colcon.colcon_core.package_discovery:discover_packages(path) check parameters
[0.777s] Level 1:colcon.colcon_core.package_discovery:discover_packages(colcon_meta) discover
[0.777s] Level 1:colcon.colcon_core.package_discovery:discover_packages(recursive) discover
[0.778s] INFO:colcon.colcon_core.package_discovery:Crawling recursively for packages in '/home/pablo/Documentos/IR2117/tb3_ws/src'
[0.778s] Level 1:colcon.colcon_core.package_identification:_identify(.) by extensions ['ignore', 'ignore_ament_install']
[0.778s] Level 1:colcon.colcon_core.package_identification:_identify(.) by extension 'ignore'
[0.778s] Level 1:colcon.colcon_core.package_identification:_identify(.) by extension 'ignore_ament_install'
[0.778s] Level 1:colcon.colcon_core.package_identification:_identify(.) by extensions ['colcon_pkg']
[0.778s] Level 1:colcon.colcon_core.package_identification:_identify(.) by extension 'colcon_pkg'
[0.778s] Level 1:colcon.colcon_core.package_identification:_identify(.) by extensions ['colcon_meta']
[0.778s] Level 1:colcon.colcon_core.package_identification:_identify(.) by extension 'colcon_meta'
[0.779s] Level 1:colcon.colcon_core.package_identification:_identify(.) by extensions ['ros']
[0.779s] Level 1:colcon.colcon_core.package_identification:_identify(.) by extension 'ros'
[0.818s] Level 1:colcon.colcon_core.package_identification:_identify(.) by extensions ['cmake', 'python']
[0.818s] Level 1:colcon.colcon_core.package_identification:_identify(.) by extension 'cmake'
[0.818s] Level 1:colcon.colcon_core.package_identification:_identify(.) by extension 'python'
[0.819s] Level 1:colcon.colcon_core.package_identification:_identify(.) by extensions ['python_setup_py']
[0.819s] Level 1:colcon.colcon_core.package_identification:_identify(.) by extension 'python_setup_py'
[0.819s] Level 1:colcon.colcon_core.package_identification:_identify(build) by extensions ['ignore', 'ignore_ament_install']
[0.819s] Level 1:colcon.colcon_core.package_identification:_identify(build) by extension 'ignore'
[0.819s] Level 1:colcon.colcon_core.package_identification:_identify(build) ignored
[0.819s] Level 1:colcon.colcon_core.package_identification:_identify(install) by extensions ['ignore', 'ignore_ament_install']
[0.820s] Level 1:colcon.colcon_core.package_identification:_identify(install) by extension 'ignore'
[0.820s] Level 1:colcon.colcon_core.package_identification:_identify(install) ignored
[0.820s] Level 1:colcon.colcon_core.package_identification:_identify(log) by extensions ['ignore', 'ignore_ament_install']
[0.820s] Level 1:colcon.colcon_core.package_identification:_identify(log) by extension 'ignore'
[0.820s] Level 1:colcon.colcon_core.package_identification:_identify(log) ignored
[0.820s] Level 1:colcon.colcon_core.package_identification:_identify(robot_trajectory) by extensions ['ignore', 'ignore_ament_install']
[0.820s] Level 1:colcon.colcon_core.package_identification:_identify(robot_trajectory) by extension 'ignore'
[0.820s] Level 1:colcon.colcon_core.package_identification:_identify(robot_trajectory) by extension 'ignore_ament_install'
[0.821s] Level 1:colcon.colcon_core.package_identification:_identify(robot_trajectory) by extensions ['colcon_pkg']
[0.821s] Level 1:colcon.colcon_core.package_identification:_identify(robot_trajectory) by extension 'colcon_pkg'
[0.821s] Level 1:colcon.colcon_core.package_identification:_identify(robot_trajectory) by extensions ['colcon_meta']
[0.821s] Level 1:colcon.colcon_core.package_identification:_identify(robot_trajectory) by extension 'colcon_meta'
[0.821s] Level 1:colcon.colcon_core.package_identification:_identify(robot_trajectory) by extensions ['ros']
[0.821s] Level 1:colcon.colcon_core.package_identification:_identify(robot_trajectory) by extension 'ros'
[0.826s] DEBUG:colcon.colcon_core.package_identification:Package 'robot_trajectory' with type 'ros.ament_cmake' and name 'robot_trajectory'
[0.826s] Level 1:colcon.colcon_core.package_discovery:discover_packages(recursive) using defaults
[0.826s] Level 1:colcon.colcon_core.package_discovery:discover_packages(ignore) discover
[0.826s] Level 1:colcon.colcon_core.package_discovery:discover_packages(ignore) using defaults
[0.826s] Level 1:colcon.colcon_core.package_discovery:discover_packages(path) discover
[0.826s] Level 1:colcon.colcon_core.package_discovery:discover_packages(path) using defaults
[0.864s] Level 1:colcon.colcon_core.package_discovery:discover_packages(prefix_path) check parameters
[0.864s] Level 1:colcon.colcon_core.package_discovery:discover_packages(prefix_path) discover
[0.871s] DEBUG:colcon.colcon_installed_package_information.package_discovery:Found 1 installed packages in /home/pablo/Documentos/IR2117/tb3_ws/src/install
[0.873s] DEBUG:colcon.colcon_installed_package_information.package_discovery:Found 1 installed packages in /home/pablo/Documentos/IR2117/tb3_ws/install
[0.877s] DEBUG:colcon.colcon_installed_package_information.package_discovery:Found 266 installed packages in /opt/ros/foxy
[0.882s] Level 1:colcon.colcon_core.package_discovery:discover_packages(prefix_path) using defaults
[1.036s] Level 5:colcon.colcon_core.verb:set package 'robot_trajectory' build argument 'cmake_args' from command line to 'None'
[1.036s] Level 5:colcon.colcon_core.verb:set package 'robot_trajectory' build argument 'cmake_target' from command line to 'None'
[1.036s] Level 5:colcon.colcon_core.verb:set package 'robot_trajectory' build argument 'cmake_target_skip_unavailable' from command line to 'False'
[1.036s] Level 5:colcon.colcon_core.verb:set package 'robot_trajectory' build argument 'cmake_clean_cache' from command line to 'False'
[1.037s] Level 5:colcon.colcon_core.verb:set package 'robot_trajectory' build argument 'cmake_clean_first' from command line to 'False'
[1.037s] Level 5:colcon.colcon_core.verb:set package 'robot_trajectory' build argument 'cmake_force_configure' from command line to 'False'
[1.037s] Level 5:colcon.colcon_core.verb:set package 'robot_trajectory' build argument 'ament_cmake_args' from command line to 'None'
[1.037s] Level 5:colcon.colcon_core.verb:set package 'robot_trajectory' build argument 'catkin_cmake_args' from command line to 'None'
[1.037s] Level 5:colcon.colcon_core.verb:set package 'robot_trajectory' build argument 'catkin_skip_building_tests' from command line to 'False'
[1.037s] DEBUG:colcon.colcon_core.verb:Building package 'robot_trajectory' with the following arguments: {'ament_cmake_args': None, 'build_base': '/home/pablo/Documentos/IR2117/tb3_ws/src/build/robot_trajectory', 'catkin_cmake_args': None, 'catkin_skip_building_tests': False, 'cmake_args': None, 'cmake_clean_cache': False, 'cmake_clean_first': False, 'cmake_force_configure': False, 'cmake_target': None, 'cmake_target_skip_unavailable': False, 'install_base': '/home/pablo/Documentos/IR2117/tb3_ws/src/install/robot_trajectory', 'merge_install': False, 'path': '/home/pablo/Documentos/IR2117/tb3_ws/src/robot_trajectory', 'symlink_install': False, 'test_result_base': None}
[1.038s] INFO:colcon.colcon_core.executor:Executing jobs using 'parallel' executor
[1.045s] DEBUG:colcon.colcon_parallel_executor.executor.parallel:run_until_complete
[1.046s] INFO:colcon.colcon_ros.task.ament_cmake.build:Building ROS package in '/home/pablo/Documentos/IR2117/tb3_ws/src/robot_trajectory' with build type 'ament_cmake'
[1.046s] INFO:colcon.colcon_cmake.task.cmake.build:Building CMake package in '/home/pablo/Documentos/IR2117/tb3_ws/src/robot_trajectory'
[1.055s] INFO:colcon.colcon_core.plugin_system:Skipping extension 'colcon_core.shell.bat': Not used on non-Windows systems
[1.056s] INFO:colcon.colcon_core.shell:Skip shell extension 'powershell' for command environment: Not usable outside of PowerShell
[1.056s] DEBUG:colcon.colcon_core.shell:Skip shell extension 'dsv' for command environment
[1.095s] DEBUG:colcon.colcon_core.event_handler.log_command:Invoking command in '/home/pablo/Documentos/IR2117/tb3_ws/src/build/robot_trajectory': CMAKE_PREFIX_PATH=${CMAKE_PREFIX_PATH}:/opt/ros/foxy /usr/bin/cmake --build /home/pablo/Documentos/IR2117/tb3_ws/src/build/robot_trajectory -- -j4 -l4
[7.344s] DEBUG:colcon.colcon_core.event_handler.log_command:Invoked command in '/home/pablo/Documentos/IR2117/tb3_ws/src/build/robot_trajectory' returned '0': CMAKE_PREFIX_PATH=${CMAKE_PREFIX_PATH}:/opt/ros/foxy /usr/bin/cmake --build /home/pablo/Documentos/IR2117/tb3_ws/src/build/robot_trajectory -- -j4 -l4
[7.416s] DEBUG:colcon.colcon_core.event_handler.log_command:Invoking command in '/home/pablo/Documentos/IR2117/tb3_ws/src/build/robot_trajectory': CMAKE_PREFIX_PATH=${CMAKE_PREFIX_PATH}:/opt/ros/foxy /usr/bin/cmake --install /home/pablo/Documentos/IR2117/tb3_ws/src/build/robot_trajectory
[7.441s] Level 1:colcon.colcon_core.environment:create_environment_scripts_only(robot_trajectory)
[7.456s] DEBUG:colcon.colcon_core.event_handler.log_command:Invoked command in '/home/pablo/Documentos/IR2117/tb3_ws/src/build/robot_trajectory' returned '0': CMAKE_PREFIX_PATH=${CMAKE_PREFIX_PATH}:/opt/ros/foxy /usr/bin/cmake --install /home/pablo/Documentos/IR2117/tb3_ws/src/build/robot_trajectory
[7.458s] Level 1:colcon.colcon_core.environment:checking '/home/pablo/Documentos/IR2117/tb3_ws/src/install/robot_trajectory' for CMake module files
[7.459s] Level 1:colcon.colcon_core.environment:checking '/home/pablo/Documentos/IR2117/tb3_ws/src/install/robot_trajectory' for CMake config files
[7.460s] Level 1:colcon.colcon_core.shell:create_environment_hook('robot_trajectory', 'cmake_prefix_path')
[7.462s] INFO:colcon.colcon_core.shell:Creating environment hook '/home/pablo/Documentos/IR2117/tb3_ws/src/install/robot_trajectory/share/robot_trajectory/hook/cmake_prefix_path.ps1'
[7.463s] INFO:colcon.colcon_core.shell:Creating environment descriptor '/home/pablo/Documentos/IR2117/tb3_ws/src/install/robot_trajectory/share/robot_trajectory/hook/cmake_prefix_path.dsv'
[7.464s] INFO:colcon.colcon_core.shell:Creating environment hook '/home/pablo/Documentos/IR2117/tb3_ws/src/install/robot_trajectory/share/robot_trajectory/hook/cmake_prefix_path.sh'
[7.465s] Level 1:colcon.colcon_core.environment:checking '/home/pablo/Documentos/IR2117/tb3_ws/src/install/robot_trajectory/lib'
[7.466s] Level 1:colcon.colcon_core.environment:checking '/home/pablo/Documentos/IR2117/tb3_ws/src/install/robot_trajectory/bin'
[7.466s] Level 1:colcon.colcon_core.environment:checking '/home/pablo/Documentos/IR2117/tb3_ws/src/install/robot_trajectory/lib/pkgconfig/robot_trajectory.pc'
[7.466s] Level 1:colcon.colcon_core.environment:checking '/home/pablo/Documentos/IR2117/tb3_ws/src/install/robot_trajectory/lib/python3.8/site-packages'
[7.467s] Level 1:colcon.colcon_core.environment:checking '/home/pablo/Documentos/IR2117/tb3_ws/src/install/robot_trajectory/bin'
[7.470s] INFO:colcon.colcon_core.shell:Creating package script '/home/pablo/Documentos/IR2117/tb3_ws/src/install/robot_trajectory/share/robot_trajectory/package.ps1'
[7.473s] INFO:colcon.colcon_core.shell:Creating package descriptor '/home/pablo/Documentos/IR2117/tb3_ws/src/install/robot_trajectory/share/robot_trajectory/package.dsv'
[7.474s] INFO:colcon.colcon_core.shell:Creating package script '/home/pablo/Documentos/IR2117/tb3_ws/src/install/robot_trajectory/share/robot_trajectory/package.sh'
[7.476s] INFO:colcon.colcon_core.shell:Creating package script '/home/pablo/Documentos/IR2117/tb3_ws/src/install/robot_trajectory/share/robot_trajectory/package.bash'
[7.477s] INFO:colcon.colcon_core.shell:Creating package script '/home/pablo/Documentos/IR2117/tb3_ws/src/install/robot_trajectory/share/robot_trajectory/package.zsh'
[7.478s] Level 1:colcon.colcon_core.environment:create_file_with_runtime_dependencies(/home/pablo/Documentos/IR2117/tb3_ws/src/install/robot_trajectory/share/colcon-core/packages/robot_trajectory)
[7.531s] Level 1:colcon.colcon_core.environment:create_environment_scripts_only(robot_trajectory)
[7.536s] Level 1:colcon.colcon_core.environment:checking '/home/pablo/Documentos/IR2117/tb3_ws/src/install/robot_trajectory' for CMake module files
[7.537s] Level 1:colcon.colcon_core.environment:checking '/home/pablo/Documentos/IR2117/tb3_ws/src/install/robot_trajectory' for CMake config files
[7.538s] Level 1:colcon.colcon_core.shell:create_environment_hook('robot_trajectory', 'cmake_prefix_path')
[7.541s] INFO:colcon.colcon_core.shell:Creating environment hook '/home/pablo/Documentos/IR2117/tb3_ws/src/install/robot_trajectory/share/robot_trajectory/hook/cmake_prefix_path.ps1'
[7.542s] INFO:colcon.colcon_core.shell:Creating environment descriptor '/home/pablo/Documentos/IR2117/tb3_ws/src/install/robot_trajectory/share/robot_trajectory/hook/cmake_prefix_path.dsv'
[7.543s] INFO:colcon.colcon_core.shell:Creating environment hook '/home/pablo/Documentos/IR2117/tb3_ws/src/install/robot_trajectory/share/robot_trajectory/hook/cmake_prefix_path.sh'
[7.544s] Level 1:colcon.colcon_core.environment:checking '/home/pablo/Documentos/IR2117/tb3_ws/src/install/robot_trajectory/lib'
[7.544s] Level 1:colcon.colcon_core.environment:checking '/home/pablo/Documentos/IR2117/tb3_ws/src/install/robot_trajectory/bin'
[7.544s] Level 1:colcon.colcon_core.environment:checking '/home/pablo/Documentos/IR2117/tb3_ws/src/install/robot_trajectory/lib/pkgconfig/robot_trajectory.pc'
[7.545s] Level 1:colcon.colcon_core.environment:checking '/home/pablo/Documentos/IR2117/tb3_ws/src/install/robot_trajectory/lib/python3.8/site-packages'
[7.545s] Level 1:colcon.colcon_core.environment:checking '/home/pablo/Documentos/IR2117/tb3_ws/src/install/robot_trajectory/bin'
[7.548s] INFO:colcon.colcon_core.shell:Creating package script '/home/pablo/Documentos/IR2117/tb3_ws/src/install/robot_trajectory/share/robot_trajectory/package.ps1'
[7.550s] INFO:colcon.colcon_core.shell:Creating package descriptor '/home/pablo/Documentos/IR2117/tb3_ws/src/install/robot_trajectory/share/robot_trajectory/package.dsv'
[7.551s] INFO:colcon.colcon_core.shell:Creating package script '/home/pablo/Documentos/IR2117/tb3_ws/src/install/robot_trajectory/share/robot_trajectory/package.sh'
[7.552s] INFO:colcon.colcon_core.shell:Creating package script '/home/pablo/Documentos/IR2117/tb3_ws/src/install/robot_trajectory/share/robot_trajectory/package.bash'
[7.553s] INFO:colcon.colcon_core.shell:Creating package script '/home/pablo/Documentos/IR2117/tb3_ws/src/install/robot_trajectory/share/robot_trajectory/package.zsh'
[7.554s] Level 1:colcon.colcon_core.environment:create_file_with_runtime_dependencies(/home/pablo/Documentos/IR2117/tb3_ws/src/install/robot_trajectory/share/colcon-core/packages/robot_trajectory)
[7.555s] DEBUG:colcon.colcon_parallel_executor.executor.parallel:closing loop
[7.556s] DEBUG:colcon.colcon_parallel_executor.executor.parallel:loop closed
[7.556s] DEBUG:colcon.colcon_parallel_executor.executor.parallel:run_until_complete finished with '0'
[7.557s] DEBUG:colcon.colcon_core.event_reactor:joining thread
[7.567s] INFO:colcon.colcon_core.plugin_system:Skipping extension 'colcon_notification.desktop_notification.terminal_notifier': Not used on non-Darwin systems
[7.568s] INFO:colcon.colcon_core.plugin_system:Skipping extension 'colcon_notification.desktop_notification.win32': Not used on non-Windows systems
[7.568s] INFO:colcon.colcon_notification.desktop_notification:Sending desktop notification using 'notify2'
[7.596s] DEBUG:colcon.colcon_core.event_reactor:joined thread
[7.598s] INFO:colcon.colcon_core.shell:Creating prefix script '/home/pablo/Documentos/IR2117/tb3_ws/src/install/local_setup.ps1'
[7.600s] INFO:colcon.colcon_core.shell:Creating prefix util module '/home/pablo/Documentos/IR2117/tb3_ws/src/install/_local_setup_util_ps1.py'
[7.603s] INFO:colcon.colcon_core.shell:Creating prefix chain script '/home/pablo/Documentos/IR2117/tb3_ws/src/install/setup.ps1'
[7.605s] INFO:colcon.colcon_core.shell:Creating prefix script '/home/pablo/Documentos/IR2117/tb3_ws/src/install/local_setup.sh'
[7.607s] INFO:colcon.colcon_core.shell:Creating prefix util module '/home/pablo/Documentos/IR2117/tb3_ws/src/install/_local_setup_util_sh.py'
[7.608s] INFO:colcon.colcon_core.shell:Creating prefix chain script '/home/pablo/Documentos/IR2117/tb3_ws/src/install/setup.sh'
[7.611s] INFO:colcon.colcon_core.shell:Creating prefix script '/home/pablo/Documentos/IR2117/tb3_ws/src/install/local_setup.bash'
[7.612s] INFO:colcon.colcon_core.shell:Creating prefix chain script '/home/pablo/Documentos/IR2117/tb3_ws/src/install/setup.bash'
[7.616s] INFO:colcon.colcon_core.shell:Creating prefix script '/home/pablo/Documentos/IR2117/tb3_ws/src/install/local_setup.zsh'
[7.617s] INFO:colcon.colcon_core.shell:Creating prefix chain script '/home/pablo/Documentos/IR2117/tb3_ws/src/install/setup.zsh'
